# -- Chabo v00a
data/d001_Chabo/data_postproc/z_new_psfpk/Chabo_20110318_RSVPVar00a_on100_off100_S110204_RefAA_001.c1.feat.h5
data/d001_Chabo/data_postproc/z_new_psfpk/Chabo_20110318_RSVPVar00a_on100_off100_S110204_RefAA_002.c1.feat.h5
data/d001_Chabo/data_postproc/z_new_psfpk/Chabo_20110318_RSVPVar00a_on100_off100_S110204_RefAA_003.c1.feat.h5
#data/d001_Chabo/data_postproc/z_new_psfpk/Chabo_20110318_RSVPVar00a_on100_off100_S110204_RefAA_004.c1.feat.h5
#data/d001_Chabo/data_postproc/z_new_psfpk/Chabo_20110318_RSVPVar00a_on100_off100_S110204_RefAA_005.c1.feat.h5
# -- Chabo v03a
data/d001_Chabo/data_postproc/z_new_psfpk/Chabo_20110328_RSVPVar03a_S110204_RefAA_001.c1.feat.h5
data/d001_Chabo/data_postproc/z_new_psfpk/Chabo_20110328_RSVPVar03a_S110204_RefAA_002.c1.feat.h5
data/d001_Chabo/data_postproc/z_new_psfpk/Chabo_20110328_RSVPVar03a_S110204_RefAA_003.c1.feat.h5
data/d001_Chabo/data_postproc/z_new_psfpk/Chabo_20110328_RSVPVar03a_S110204_RefAA_004.c1.feat.h5
data/d001_Chabo/data_postproc/z_new_psfpk/Chabo_20110328_RSVPVar03a_S110204_RefAA_005.c1.feat.h5
data/d001_Chabo/data_postproc/z_new_psfpk/Chabo_20110328_RSVPVar03a_S110204_RefAA_006.c1.feat.h5
data/d001_Chabo/data_postproc/z_new_psfpk/Chabo_20110328_RSVPVar03a_S110204_RefAA_007.c1.feat.h5
# -- Chabo v06a
data/d001_Chabo/data_postproc/z_new_psfpk/Chabo_20110330_RSVPVar06a_S110204_RefAA_001.c1.feat.h5
data/d001_Chabo/data_postproc/z_new_psfpk/Chabo_20110330_RSVPVar06a_S110204_RefAA_002.c1.feat.h5
data/d001_Chabo/data_postproc/z_new_psfpk/Chabo_20110330_RSVPVar06a_S110204_RefAA_003.c1.feat.h5
data/d001_Chabo/data_postproc/z_new_psfpk/Chabo_20110330_RSVPVar06a_S110204_RefAA_004.c1.feat.h5
data/d001_Chabo/data_postproc/z_new_psfpk/Chabo_20110330_RSVPVar06a_S110204_RefAA_005.c1.feat.h5
data/d001_Chabo/data_postproc/z_new_psfpk/Chabo_20110330_RSVPVar06a_S110204_RefAA_006.c1.feat.h5
data/d001_Chabo/data_postproc/z_new_psfpk/Chabo_20110330_RSVPVar06a_S110204_RefAA_007.c1.feat.h5
data/d001_Chabo/data_postproc/z_new_psfpk/Chabo_20110330_RSVPVar06a_S110204_RefAA_008.c1.feat.h5
# -- Tito v00a
data/d002_Tito/data_postproc/z_new_psfpk2/Tito_20110811_RSVPVar00a_S110720A_001.c1.feat.h5
data/d002_Tito/data_postproc/z_new_psfpk2/Tito_20110811_RSVPVar00a_S110720A_002.c1.feat.h5
data/d002_Tito/data_postproc/z_new_psfpk2/Tito_20110811_RSVPVar00a_S110720A_008.c1.feat.h5
#data/d002_Tito/data_postproc/z_new_psfpk2/Tito_20110811_RSVPVar00a_S110720A_009.c1.feat.h5
#data/d002_Tito/data_postproc/z_new_psfpk2/Tito_20110811_RSVPVar00a_S110720A_010.c1.feat.h5
data/d002_Tito/data_postproc/z_new_psfpk2/Tito_20110811_RSVPVar00a_S110720A_NSP2_P_001.c1.feat.h5
data/d002_Tito/data_postproc/z_new_psfpk2/Tito_20110811_RSVPVar00a_S110720A_NSP2_P_002.c1.feat.h5
data/d002_Tito/data_postproc/z_new_psfpk2/Tito_20110811_RSVPVar00a_S110720A_NSP2_P_008.c1.feat.h5
#data/d002_Tito/data_postproc/z_new_psfpk2/Tito_20110811_RSVPVar00a_S110720A_NSP2_P_009.c1.feat.h5
#data/d002_Tito/data_postproc/z_new_psfpk2/Tito_20110811_RSVPVar00a_S110720A_NSP2_P_010.c1.feat.h5
# -- Tito v03a - 7
#data/d003_Tito/data_postproc/z_new_psfpk2/Tito_20110828_RSVPVar03a_S110720A_001.c1.feat.h5
#data/d003_Tito/data_postproc/z_new_psfpk2/Tito_20110828_RSVPVar03a_S110720A_002.c1.feat.h5
#data/d003_Tito/data_postproc/z_new_psfpk2/Tito_20110828_RSVPVar03a_S110720A_003.c1.feat.h5
#data/d003_Tito/data_postproc/z_new_psfpk2/Tito_20110828_RSVPVar03a_S110720A_004.c1.feat.h5
#data/d003_Tito/data_postproc/z_new_psfpk2/Tito_20110828_RSVPVar03a_S110720A_006.c1.feat.h5
#data/d003_Tito/data_postproc/z_new_psfpk2/Tito_20110828_RSVPVar03a_S110720A_007.c1.feat.h5
#data/d003_Tito/data_postproc/z_new_psfpk2/Tito_20110828_RSVPVar03a_S110720A_NSP2_P_001.c1.feat.h5
#data/d003_Tito/data_postproc/z_new_psfpk2/Tito_20110828_RSVPVar03a_S110720A_NSP2_P_002.c1.feat.h5
#data/d003_Tito/data_postproc/z_new_psfpk2/Tito_20110828_RSVPVar03a_S110720A_NSP2_P_003.c1.feat.h5
#data/d003_Tito/data_postproc/z_new_psfpk2/Tito_20110828_RSVPVar03a_S110720A_NSP2_P_004.c1.feat.h5
#data/d003_Tito/data_postproc/z_new_psfpk2/Tito_20110828_RSVPVar03a_S110720A_NSP2_P_006.c1.feat.h5
#data/d003_Tito/data_postproc/z_new_psfpk2/Tito_20110828_RSVPVar03a_S110720A_NSP2_P_007.c1.feat.h5
data/d003_Tito/data_postproc/z_new_psfpk2/Tito_20110827_RSVPVar03a_S110720A_001.c1.feat.h5
data/d003_Tito/data_postproc/z_new_psfpk2/Tito_20110827_RSVPVar03a_S110720A_002.c1.feat.h5
data/d003_Tito/data_postproc/z_new_psfpk2/Tito_20110827_RSVPVar03a_S110720A_003.c1.feat.h5
data/d003_Tito/data_postproc/z_new_psfpk2/Tito_20110827_RSVPVar03a_S110720A_004.c1.feat.h5
data/d003_Tito/data_postproc/z_new_psfpk2/Tito_20110827_RSVPVar03a_S110720A_005.c1.feat.h5
data/d003_Tito/data_postproc/z_new_psfpk2/Tito_20110827_RSVPVar03a_S110720A_006.c1.feat.h5
data/d003_Tito/data_postproc/z_new_psfpk2/Tito_20110827_RSVPVar03a_S110720A_007.c1.feat.h5
data/d003_Tito/data_postproc/z_new_psfpk2/Tito_20110827_RSVPVar03a_S110720A_NSP2_P_001.c1.feat.h5
data/d003_Tito/data_postproc/z_new_psfpk2/Tito_20110827_RSVPVar03a_S110720A_NSP2_P_002.c1.feat.h5
data/d003_Tito/data_postproc/z_new_psfpk2/Tito_20110827_RSVPVar03a_S110720A_NSP2_P_003.c1.feat.h5
data/d003_Tito/data_postproc/z_new_psfpk2/Tito_20110827_RSVPVar03a_S110720A_NSP2_P_004.c1.feat.h5
data/d003_Tito/data_postproc/z_new_psfpk2/Tito_20110827_RSVPVar03a_S110720A_NSP2_P_005.c1.feat.h5
data/d003_Tito/data_postproc/z_new_psfpk2/Tito_20110827_RSVPVar03a_S110720A_NSP2_P_006.c1.feat.h5
data/d003_Tito/data_postproc/z_new_psfpk2/Tito_20110827_RSVPVar03a_S110720A_NSP2_P_007.c1.feat.h5
# -- Tito v06a
data/d002_Tito/data_postproc/z_new_psfpk2/Tito_20110813_RSVPVar06a_S110720A_001.c1.feat.h5
data/d002_Tito/data_postproc/z_new_psfpk2/Tito_20110813_RSVPVar06a_S110720A_002.c1.feat.h5
data/d002_Tito/data_postproc/z_new_psfpk2/Tito_20110813_RSVPVar06a_S110720A_003.c1.feat.h5
data/d002_Tito/data_postproc/z_new_psfpk2/Tito_20110813_RSVPVar06a_S110720A_004.c1.feat.h5
data/d002_Tito/data_postproc/z_new_psfpk2/Tito_20110813_RSVPVar06a_S110720A_005.c1.feat.h5
data/d002_Tito/data_postproc/z_new_psfpk2/Tito_20110813_RSVPVar06a_S110720A_006.c1.feat.h5
data/d002_Tito/data_postproc/z_new_psfpk2/Tito_20110813_RSVPVar06a_S110720A_007.c1.feat.h5
data/d002_Tito/data_postproc/z_new_psfpk2/Tito_20110813_RSVPVar06a_S110720A_NSP2_P_001.c1.feat.h5
data/d002_Tito/data_postproc/z_new_psfpk2/Tito_20110813_RSVPVar06a_S110720A_NSP2_P_002.c1.feat.h5
data/d002_Tito/data_postproc/z_new_psfpk2/Tito_20110813_RSVPVar06a_S110720A_NSP2_P_003.c1.feat.h5
data/d002_Tito/data_postproc/z_new_psfpk2/Tito_20110813_RSVPVar06a_S110720A_NSP2_P_004.c1.feat.h5
data/d002_Tito/data_postproc/z_new_psfpk2/Tito_20110813_RSVPVar06a_S110720A_NSP2_P_005.c1.feat.h5
data/d002_Tito/data_postproc/z_new_psfpk2/Tito_20110813_RSVPVar06a_S110720A_NSP2_P_006.c1.feat.h5
data/d002_Tito/data_postproc/z_new_psfpk2/Tito_20110813_RSVPVar06a_S110720A_NSP2_P_007.c1.feat.h5
