Tito_20110713_RSVPVar00a_P_001
Tito_20110713_RSVPVar00a_P_002
Tito_20110713_RSVPVar00a_P_003
Tito_20110714_RSVPVar00a_M_001
Tito_20110714_RSVPVar00a_M_002
Tito_20110714_RSVPVar00a_M_003
Tito_20110714_RSVPVar00a_M_004
Tito_20110714_RSVPVar00a_M_SB_001.ch_shift=1to1
Tito_20110715_RSVPVar00a_A_001
Tito_20110715_RSVPVar00a_A_002
Tito_20110715_RSVPVar00a_A_003
Tito_20110715_RSVPVar00a_A_004
Tito_20110715_RSVPVar00a_A_005
Tito_20110715_RSVPVar00a_A_SB_001.ch_shift=1to1
Tito_20110715_RSVPVar00a_A_SB_002.ch_shift=1to1
Tito_20110715_RSVPVar00a_A_SB_003.ch_shift=1to1
Tito_20110716_RSVPVar00a_P_001
Tito_20110716_RSVPVar00a_P_002
Tito_20110716_RSVPVar00a_P_003
Tito_20110716_RSVPVar00a_P_004
Tito_20110716_RSVPVar00a_P_005
Tito_20110716_RSVPVar00a_P_006
Tito_20110717_RSVPVar00a_M_001
Tito_20110717_RSVPVar00a_M_002
Tito_20110717_RSVPVar00a_M_003
Tito_20110717_RSVPVar00a_M_005
Tito_20110717_RSVPVar00a_M_006
Tito_20110717_RSVPVar00a_M_007
Tito_20110717_RSVPVar00a_M_008
Tito_20110811_RSVPVar00a_S110720A_001
Tito_20110811_RSVPVar00a_S110720A_002
Tito_20110811_RSVPVar00a_S110720A_004
Tito_20110811_RSVPVar00a_S110720A_005
Tito_20110811_RSVPVar00a_S110720A_006
Tito_20110811_RSVPVar00a_S110720A_007
Tito_20110811_RSVPVar00a_S110720A_008
Tito_20110811_RSVPVar00a_S110720A_009
Tito_20110811_RSVPVar00a_S110720A_010
Tito_20110811_RSVPVar00a_S110720A_NSP2_P_001
Tito_20110811_RSVPVar00a_S110720A_NSP2_P_002
Tito_20110811_RSVPVar00a_S110720A_NSP2_P_003
Tito_20110811_RSVPVar00a_S110720A_NSP2_P_005
Tito_20110811_RSVPVar00a_S110720A_NSP2_P_006
Tito_20110811_RSVPVar00a_S110720A_NSP2_P_007
Tito_20110811_RSVPVar00a_S110720A_NSP2_P_008
Tito_20110811_RSVPVar00a_S110720A_NSP2_P_009
Tito_20110811_RSVPVar00a_S110720A_NSP2_P_010
Tito_20110721_RSVPVar03a_M_001
Tito_20110721_RSVPVar03a_M_002
Tito_20110721_RSVPVar03a_M_003
Tito_20110721_RSVPVar03a_M_004
Tito_20110721_RSVPVar03a_M_005
Tito_20110721_RSVPVar03a_M_006
Tito_20110721_RSVPVar03a_M_007
Tito_20110721_RSVPVar03a_M_008
Tito_20110722_RSVPVar03a_M_001
Tito_20110722_RSVPVar03a_M_002
Tito_20110722_RSVPVar03a_M_004
Tito_20110722_RSVPVar03a_M_005
Tito_20110722_RSVPVar03a_M_007
Tito_20110725_RSVPVar03a_M_001
Tito_20110725_RSVPVar03a_M_002
Tito_20110725_RSVPVar03a_M_003
Tito_20110725_RSVPVar03a_M_004
Tito_20110726_RSVPVar03a_M_002
Tito_20110726_RSVPVar03a_M_003
Tito_20110726_RSVPVar03a_M_004
Tito_20110726_RSVPVar03a_M_005
Tito_20110727_RSVPVar03a_M_001
Tito_20110727_RSVPVar03a_M_002
Tito_20110727_RSVPVar03a_M_003
Tito_20110727_RSVPVar03a_M_004
Tito_20110727_RSVPVar03a_M_006
Tito_20110727_RSVPVar03a_M_007
Tito_20110727_RSVPVar03a_M_008
Tito_20110728_RSVPVar03a_M_001
Tito_20110728_RSVPVar03a_M_002
Tito_20110728_RSVPVar03a_M_003
Tito_20110728_RSVPVar03a_M_004
Tito_20110728_RSVPVar03a_M_005
Tito_20110728_RSVPVar03a_M_006
Tito_20110728_RSVPVar03a_M_008
Tito_20110729_RSVPVar03a_M_001
Tito_20110729_RSVPVar03a_M_002
Tito_20110729_RSVPVar03a_M_004
Tito_20110729_RSVPVar03a_M_005
Tito_20110729_RSVPVar03a_M_006
Tito_20110729_RSVPVar03a_M_007
Tito_20110729_RSVPVar03a_M_008
Tito_20110729_RSVPVar03a_M_009
Tito_20110730_RSVPVar03a_M_001
Tito_20110730_RSVPVar03a_M_002
Tito_20110730_RSVPVar03a_M_003
Tito_20110730_RSVPVar03a_M_004
Tito_20110730_RSVPVar03a_M_005
Tito_20110730_RSVPVar03a_M_006
Tito_20110730_RSVPVar03a_M_007
Tito_20110730_RSVPVar03a_M_008
Tito_20110731_RSVPVar03a_M_001
Tito_20110731_RSVPVar03a_M_002
Tito_20110731_RSVPVar03a_M_003
Tito_20110731_RSVPVar03a_M_004
Tito_20110731_RSVPVar03a_M_005
Tito_20110731_RSVPVar03a_M_006
Tito_20110801_RSVPVar03a_M_002
Tito_20110801_RSVPVar03a_M_003
Tito_20110801_RSVPVar03a_M_004
Tito_20110801_RSVPVar03a_M_005
Tito_20110801_RSVPVar03a_M_006
Tito_20110801_RSVPVar03a_M_007
Tito_20110801_RSVPVar03a_M_008
Tito_20110802_RSVPVar03a_S110720_001
Tito_20110802_RSVPVar03a_S110720_002
Tito_20110802_RSVPVar03a_S110720_003
Tito_20110802_RSVPVar03a_S110720_004
Tito_20110802_RSVPVar03a_S110720_005
Tito_20110802_RSVPVar03a_S110720_006
Tito_20110802_RSVPVar03a_S110720_007
Tito_20110803_RSVPVar03a_S110720_001
Tito_20110803_RSVPVar03a_S110720_002
Tito_20110803_RSVPVar03a_S110720_003
Tito_20110803_RSVPVar03a_S110720_004
Tito_20110803_RSVPVar03a_S110720_006
Tito_20110803_RSVPVar03a_S110720_007
Tito_20110804_RSVPVar03a_S110720_001
Tito_20110804_RSVPVar03a_S110720_002
Tito_20110804_RSVPVar03a_S110720_003
Tito_20110804_RSVPVar03a_S110720_004
Tito_20110804_RSVPVar03a_S110720_005
Tito_20110804_RSVPVar03a_S110720_006
Tito_20110804_RSVPVar03a_S110720_007
Tito_20110805_RSVPVar03a_S110720_001
Tito_20110805_RSVPVar03a_S110720_002
Tito_20110805_RSVPVar03a_S110720_003
Tito_20110805_RSVPVar03a_S110720_004
Tito_20110805_RSVPVar03a_S110720_005
Tito_20110805_RSVPVar03a_S110720_006
Tito_20110805_RSVPVar03a_S110720_007
Tito_20110806_RSVPVar03a_S110720_001
Tito_20110806_RSVPVar03a_S110720_002
Tito_20110806_RSVPVar03a_S110720_003
Tito_20110806_RSVPVar03a_S110720_004
Tito_20110806_RSVPVar03a_S110720_005
Tito_20110806_RSVPVar03a_S110720_006
Tito_20110806_RSVPVar03a_S110720_007
Tito_20110806_RSVPVar03a_S110720_008
Tito_20110810_RSVPVar03a_S110720A_001
Tito_20110810_RSVPVar03a_S110720A_002
Tito_20110810_RSVPVar03a_S110720A_003
Tito_20110810_RSVPVar03a_S110720A_004
Tito_20110810_RSVPVar03a_S110720A_005
Tito_20110810_RSVPVar03a_S110720A_NSP2_P_001
Tito_20110810_RSVPVar03a_S110720A_NSP2_P_002
Tito_20110810_RSVPVar03a_S110720A_NSP2_P_003
Tito_20110810_RSVPVar03a_S110720A_NSP2_P_004
Tito_20110810_RSVPVar03a_S110720A_NSP2_P_005
Tito_20110827_RSVPVar03a_S110720A_001
Tito_20110827_RSVPVar03a_S110720A_002
Tito_20110827_RSVPVar03a_S110720A_003
Tito_20110827_RSVPVar03a_S110720A_004
Tito_20110827_RSVPVar03a_S110720A_005
Tito_20110827_RSVPVar03a_S110720A_006
Tito_20110827_RSVPVar03a_S110720A_007
Tito_20110827_RSVPVar03a_S110720A_NSP2_P_001
Tito_20110827_RSVPVar03a_S110720A_NSP2_P_002
Tito_20110827_RSVPVar03a_S110720A_NSP2_P_003
Tito_20110827_RSVPVar03a_S110720A_NSP2_P_004
Tito_20110827_RSVPVar03a_S110720A_NSP2_P_005
Tito_20110827_RSVPVar03a_S110720A_NSP2_P_006
Tito_20110827_RSVPVar03a_S110720A_NSP2_P_007
Tito_20110828_RSVPVar03a_S110720A_001
Tito_20110828_RSVPVar03a_S110720A_002
Tito_20110828_RSVPVar03a_S110720A_003
Tito_20110828_RSVPVar03a_S110720A_004
Tito_20110828_RSVPVar03a_S110720A_006
Tito_20110828_RSVPVar03a_S110720A_007
Tito_20110828_RSVPVar03a_S110720A_NSP2_P_001
Tito_20110828_RSVPVar03a_S110720A_NSP2_P_002
Tito_20110828_RSVPVar03a_S110720A_NSP2_P_003
Tito_20110828_RSVPVar03a_S110720A_NSP2_P_004
Tito_20110828_RSVPVar03a_S110720A_NSP2_P_005
Tito_20110828_RSVPVar03a_S110720A_NSP2_P_006
Tito_20110828_RSVPVar03a_S110720A_NSP2_P_007
Tito_20110810_RSVPVar03a_S110720A_NSP2_P_001
Tito_20110810_RSVPVar03a_S110720A_NSP2_P_002
Tito_20110810_RSVPVar03a_S110720A_NSP2_P_003
Tito_20110810_RSVPVar03a_S110720A_NSP2_P_004
Tito_20110810_RSVPVar03a_S110720A_NSP2_P_005
Tito_20110827_RSVPVar03a_S110720A_NSP2_P_001
Tito_20110827_RSVPVar03a_S110720A_NSP2_P_002
Tito_20110827_RSVPVar03a_S110720A_NSP2_P_003
Tito_20110827_RSVPVar03a_S110720A_NSP2_P_004
Tito_20110827_RSVPVar03a_S110720A_NSP2_P_005
Tito_20110827_RSVPVar03a_S110720A_NSP2_P_006
Tito_20110827_RSVPVar03a_S110720A_NSP2_P_007
Tito_20110828_RSVPVar03a_S110720A_NSP2_P_001
Tito_20110828_RSVPVar03a_S110720A_NSP2_P_002
Tito_20110828_RSVPVar03a_S110720A_NSP2_P_003
Tito_20110828_RSVPVar03a_S110720A_NSP2_P_004
Tito_20110828_RSVPVar03a_S110720A_NSP2_P_005
Tito_20110828_RSVPVar03a_S110720A_NSP2_P_006
Tito_20110810_RSVPVar03a_S110720A_NSP2_P_001
Tito_20110810_RSVPVar03a_S110720A_NSP2_P_002
Tito_20110810_RSVPVar03a_S110720A_NSP2_P_003
Tito_20110810_RSVPVar03a_S110720A_NSP2_P_004
Tito_20110810_RSVPVar03a_S110720A_NSP2_P_005
Tito_20110827_RSVPVar03a_S110720A_NSP2_P_001
Tito_20110827_RSVPVar03a_S110720A_NSP2_P_002
Tito_20110827_RSVPVar03a_S110720A_NSP2_P_003
Tito_20110827_RSVPVar03a_S110720A_NSP2_P_004
Tito_20110827_RSVPVar03a_S110720A_NSP2_P_005
Tito_20110827_RSVPVar03a_S110720A_NSP2_P_006
Tito_20110827_RSVPVar03a_S110720A_NSP2_P_007
Tito_20110828_RSVPVar03a_S110720A_NSP2_P_001
Tito_20110828_RSVPVar03a_S110720A_NSP2_P_002
Tito_20110828_RSVPVar03a_S110720A_NSP2_P_003
Tito_20110828_RSVPVar03a_S110720A_NSP2_P_004
Tito_20110828_RSVPVar03a_S110720A_NSP2_P_005
Tito_20110828_RSVPVar03a_S110720A_NSP2_P_006
Tito_20110828_RSVPVar03a_S110720A_NSP2_P_007
Tito_20110828_RSVPVar03a_S110720A_NSP2_P_007
Tito_20110813_RSVPVar06a_S110720A_001
Tito_20110813_RSVPVar06a_S110720A_002
Tito_20110813_RSVPVar06a_S110720A_003
Tito_20110813_RSVPVar06a_S110720A_004
Tito_20110813_RSVPVar06a_S110720A_005
Tito_20110813_RSVPVar06a_S110720A_006
Tito_20110813_RSVPVar06a_S110720A_007
Tito_20110813_RSVPVar06a_S110720A_008
Tito_20110813_RSVPVar06a_S110720A_NSP2_P_001
Tito_20110813_RSVPVar06a_S110720A_NSP2_P_002
Tito_20110813_RSVPVar06a_S110720A_NSP2_P_003
Tito_20110813_RSVPVar06a_S110720A_NSP2_P_004
Tito_20110813_RSVPVar06a_S110720A_NSP2_P_005
Tito_20110813_RSVPVar06a_S110720A_NSP2_P_006
Tito_20110813_RSVPVar06a_S110720A_NSP2_P_007
Tito_20110813_RSVPVar06a_S110720A_NSP2_P_008
Tito_20110814_RSVPVar06a_S110720A_001
Tito_20110814_RSVPVar06a_S110720A_002
Tito_20110814_RSVPVar06a_S110720A_003
Tito_20110814_RSVPVar06a_S110720A_004
Tito_20110814_RSVPVar06a_S110720A_005
Tito_20110814_RSVPVar06a_S110720A_006
Tito_20110814_RSVPVar06a_S110720A_NSP2_P_001
Tito_20110814_RSVPVar06a_S110720A_NSP2_P_002
Tito_20110814_RSVPVar06a_S110720A_NSP2_P_003
Tito_20110814_RSVPVar06a_S110720A_NSP2_P_004
Tito_20110814_RSVPVar06a_S110720A_NSP2_P_005
Tito_20110815_RSVPVar06a_S110720A_001
Tito_20110815_RSVPVar06a_S110720A_002
Tito_20110815_RSVPVar06a_S110720A_003
Tito_20110815_RSVPVar06a_S110720A_005
Tito_20110815_RSVPVar06a_S110720A_006
Tito_20110815_RSVPVar06a_S110720A_007
Tito_20110815_RSVPVar06a_S110720A_NSP2_P_001
Tito_20110815_RSVPVar06a_S110720A_NSP2_P_002
Tito_20110815_RSVPVar06a_S110720A_NSP2_P_004
Tito_20110815_RSVPVar06a_S110720A_NSP2_P_005
Tito_20110815_RSVPVar06a_S110720A_NSP2_P_006
Tito_20110815_RSVPVar06a_S110720A_NSP2_P_007
Tito_20110816_RSVPVar06a_S110720A_001
Tito_20110816_RSVPVar06a_S110720A_002
Tito_20110816_RSVPVar06a_S110720A_004
Tito_20110816_RSVPVar06a_S110720A_005
Tito_20110816_RSVPVar06a_S110720A_006
Tito_20110816_RSVPVar06a_S110720A_007
Tito_20110816_RSVPVar06a_S110720A_NSP2_P_001
Tito_20110816_RSVPVar06a_S110720A_NSP2_P_002
Tito_20110816_RSVPVar06a_S110720A_NSP2_P_004
Tito_20110816_RSVPVar06a_S110720A_NSP2_P_005
Tito_20110816_RSVPVar06a_S110720A_NSP2_P_006
Tito_20110816_RSVPVar06a_S110720A_NSP2_P_007
Tito_20110817_RSVPVar06a_S110720A_001
Tito_20110817_RSVPVar06a_S110720A_002
Tito_20110817_RSVPVar06a_S110720A_003
Tito_20110817_RSVPVar06a_S110720A_004
Tito_20110817_RSVPVar06a_S110720A_005
Tito_20110817_RSVPVar06a_S110720A_006
Tito_20110817_RSVPVar06a_S110720A_NSP2_P_001
Tito_20110817_RSVPVar06a_S110720A_NSP2_P_002
Tito_20110817_RSVPVar06a_S110720A_NSP2_P_003
Tito_20110817_RSVPVar06a_S110720A_NSP2_P_004
Tito_20110817_RSVPVar06a_S110720A_NSP2_P_005
Tito_20110817_RSVPVar06a_S110720A_NSP2_P_006
Tito_20110818_RSVPVar06a_S110720A_001
Tito_20110818_RSVPVar06a_S110720A_002
Tito_20110818_RSVPVar06a_S110720A_003
Tito_20110818_RSVPVar06a_S110720A_004
Tito_20110818_RSVPVar06a_S110720A_005
Tito_20110818_RSVPVar06a_S110720A_006
Tito_20110818_RSVPVar06a_S110720A_NSP2_P_001
Tito_20110818_RSVPVar06a_S110720A_NSP2_P_002
Tito_20110818_RSVPVar06a_S110720A_NSP2_P_003
Tito_20110818_RSVPVar06a_S110720A_NSP2_P_004
Tito_20110818_RSVPVar06a_S110720A_NSP2_P_005
Tito_20110818_RSVPVar06a_S110720A_NSP2_P_006
Tito_20110819_RSVPVar06a_S110720A_001
Tito_20110819_RSVPVar06a_S110720A_002
Tito_20110819_RSVPVar06a_S110720A_003
Tito_20110819_RSVPVar06a_S110720A_004
Tito_20110819_RSVPVar06a_S110720A_005
Tito_20110819_RSVPVar06a_S110720A_006
Tito_20110819_RSVPVar06a_S110720A_007
Tito_20110819_RSVPVar06a_S110720A_008
Tito_20110819_RSVPVar06a_S110720A_NSP2_P_001
Tito_20110819_RSVPVar06a_S110720A_NSP2_P_002
Tito_20110819_RSVPVar06a_S110720A_NSP2_P_003
Tito_20110819_RSVPVar06a_S110720A_NSP2_P_004
Tito_20110819_RSVPVar06a_S110720A_NSP2_P_005
Tito_20110819_RSVPVar06a_S110720A_NSP2_P_006
Tito_20110819_RSVPVar06a_S110720A_NSP2_P_007
Tito_20110819_RSVPVar06a_S110720A_NSP2_P_008
Tito_20110820_RSVPVar06a_S110720A_001
Tito_20110820_RSVPVar06a_S110720A_002
Tito_20110820_RSVPVar06a_S110720A_003
Tito_20110820_RSVPVar06a_S110720A_004
Tito_20110820_RSVPVar06a_S110720A_005
Tito_20110820_RSVPVar06a_S110720A_006
Tito_20110820_RSVPVar06a_S110720A_NSP2_P_001
Tito_20110820_RSVPVar06a_S110720A_NSP2_P_002
Tito_20110820_RSVPVar06a_S110720A_NSP2_P_003
Tito_20110820_RSVPVar06a_S110720A_NSP2_P_004
Tito_20110820_RSVPVar06a_S110720A_NSP2_P_005
Tito_20110820_RSVPVar06a_S110720A_NSP2_P_006
