data/d001_Chabo/data_postproc/Chabo_20110301_RSVPNicole305_S110204_001.e450.psf.pk
data/d001_Chabo/data_postproc/Chabo_20110301_RSVPNicole305_S110204_002.e450.psf.pk
data/d001_Chabo/data_postproc/Chabo_20110302_RSVPNicole305_S110204_001.e450.psf.pk
data/d001_Chabo/data_postproc/Chabo_20110302_RSVPNicole305_S110204_002.e450.psf.pk
data/d001_Chabo/data_postproc/Chabo_20110302_RSVPNicole305_S110204_003.e450.psf.pk
data/d001_Chabo/data_postproc/Chabo_20110302_RSVPNicole305_S110204_004.e450.psf.pk
data/d001_Chabo/data_postproc/Chabo_20110302_RSVPNicole305_S110204_005.e450.psf.pk
data/d001_Chabo/data_postproc/Chabo_20110302_RSVPNicole305_S110204_006.psf.pk
data/d001_Chabo/data_postproc/Chabo_20110303_RSVPNicole305_S110204_RefAA_001.psf.pk
data/d001_Chabo/data_postproc/Chabo_20110303_RSVPNicole305_S110204_RefMA_002.psf.pk
data/d001_Chabo/data_postproc/Chabo_20110303_RSVPNicole305_S110204_RefPA_003.psf.pk
data/d001_Chabo/data_postproc/Chabo_20110308_RSVPNicole305_S110204_RefAA_001.psf.pk
data/d001_Chabo/data_postproc/Chabo_20110312_RSVPNicole305_S110204_RefAA_001.psf.pk
data/d001_Chabo/data_postproc/Chabo_20110313_RSVPNicole305_S110204_RefAA_001.psf.pk
data/d001_Chabo/data_postproc/Chabo_20110323_RSVPNicole305_S110204_001.psf.pk
data/d001_Chabo/data_postproc/Chabo_20110323_RSVPNicole305_S110204_002.psf.pk
data/d001_Chabo/data_postproc/Chabo_20110323_RSVPNicole305_S110204_003.psf.pk
data/d001_Chabo/data_postproc/Chabo_20110330_RSVPNicole305_S110204_RefAA_001.psf.pk
data/d001_Chabo/data_postproc/Chabo_20110330_RSVPNicole305_S110204_RefAA_002.psf.pk
data/d001_Chabo/data_postproc/Chabo_20110331_RSVPNicole305_S110204_RefAA_001.psf.pk
data/d001_Chabo/data_postproc/Chabo_20110331_RSVPNicole305_S110204_RefAA_002.psf.pk
data/d001_Chabo/data_postproc/Chabo_20110331_RSVPNicole305_S110204_RefAA_003.psf.pk
data/d001_Chabo/data_postproc/Chabo_20110403_RSVPNicole305_S110204_RefAA_001.psf.pk
data/d001_Chabo/data_postproc/Chabo_20110403_RSVPNicole305_S110204_RefAA_002.psf.pk
data/d001_Chabo/data_postproc/Chabo_20110403_RSVPNicole305_S110204_RefAA_003.psf.pk
data/d001_Chabo/data_postproc/Chabo_20110404_RSVPNicole305_S110204_RefAA_001.psf.pk
data/d001_Chabo/data_postproc/Chabo_20110404_RSVPNicole305_S110204_RefAA_002.psf.pk
data/d001_Chabo/data_postproc/Chabo_20110406_RSVPNicole305_S110204_RefAA_001.psf.pk
data/d001_Chabo/data_postproc/Chabo_20110406_RSVPNicole305_S110204_RefAA_002.psf.pk
data/d001_Chabo/data_postproc/Chabo_20110406_RSVPNicole305_S110204_RefAA_003.psf.pk
data/d002_Tito/data_postproc/Tito_20110821_RSVPNicole305_S110720A_001.psf.pk
data/d002_Tito/data_postproc/Tito_20110821_RSVPNicole305_S110720A_002.psf.pk
data/d002_Tito/data_postproc/Tito_20110821_RSVPNicole305_S110720A_003.psf.pk
data/d002_Tito/data_postproc/Tito_20110821_RSVPNicole305_S110720A_NSP2_P_001.psf.pk
data/d002_Tito/data_postproc/Tito_20110821_RSVPNicole305_S110720A_NSP2_P_002.psf.pk
data/d002_Tito/data_postproc/Tito_20110821_RSVPNicole305_S110720A_NSP2_P_003.psf.pk
data/d003_Tito/data_postproc/Tito_20110901_RSVPNicole305_S110720A_001.psf.pk
data/d003_Tito/data_postproc/Tito_20110901_RSVPNicole305_S110720A_002.psf.pk
data/d003_Tito/data_postproc/Tito_20110901_RSVPNicole305_S110720A_003.psf.pk
data/d003_Tito/data_postproc/Tito_20110901_RSVPNicole305_S110720A_004.psf.pk
data/d003_Tito/data_postproc/Tito_20110901_RSVPNicole305_S110720A_005.psf.pk
data/d003_Tito/data_postproc/Tito_20110901_RSVPNicole305_S110720A_006.psf.pk
data/d003_Tito/data_postproc/Tito_20110901_RSVPNicole305_S110720A_NSP2_P_001.psf.pk
data/d003_Tito/data_postproc/Tito_20110901_RSVPNicole305_S110720A_NSP2_P_002.psf.pk
data/d003_Tito/data_postproc/Tito_20110901_RSVPNicole305_S110720A_NSP2_P_003.psf.pk
data/d003_Tito/data_postproc/Tito_20110901_RSVPNicole305_S110720A_NSP2_P_004.psf.pk
data/d003_Tito/data_postproc/Tito_20110901_RSVPNicole305_S110720A_NSP2_P_005.psf.pk
data/d003_Tito/data_postproc/Tito_20110901_RSVPNicole305_S110720A_NSP2_P_006.psf.pk
data/d003_Tito/data_postproc/Tito_20110902_RSVPNicole305_S110720A_001.psf.pk
data/d003_Tito/data_postproc/Tito_20110902_RSVPNicole305_S110720A_002.psf.pk
data/d003_Tito/data_postproc/Tito_20110902_RSVPNicole305_S110720A_003.psf.pk
data/d003_Tito/data_postproc/Tito_20110902_RSVPNicole305_S110720A_004.psf.pk
data/d003_Tito/data_postproc/Tito_20110902_RSVPNicole305_S110720A_005.psf.pk
data/d003_Tito/data_postproc/Tito_20110902_RSVPNicole305_S110720A_006.psf.pk
data/d003_Tito/data_postproc/Tito_20110902_RSVPNicole305_S110720A_007.psf.pk
data/d003_Tito/data_postproc/Tito_20110902_RSVPNicole305_S110720A_008.psf.pk
data/d003_Tito/data_postproc/Tito_20110902_RSVPNicole305_S110720A_009.psf.pk
data/d003_Tito/data_postproc/Tito_20110902_RSVPNicole305_S110720A_NSP2_P_001.psf.pk
data/d003_Tito/data_postproc/Tito_20110902_RSVPNicole305_S110720A_NSP2_P_002.psf.pk
data/d003_Tito/data_postproc/Tito_20110902_RSVPNicole305_S110720A_NSP2_P_003.psf.pk
data/d003_Tito/data_postproc/Tito_20110902_RSVPNicole305_S110720A_NSP2_P_004.psf.pk
data/d003_Tito/data_postproc/Tito_20110902_RSVPNicole305_S110720A_NSP2_P_005.psf.pk
data/d003_Tito/data_postproc/Tito_20110902_RSVPNicole305_S110720A_NSP2_P_006.psf.pk
data/d003_Tito/data_postproc/Tito_20110902_RSVPNicole305_S110720A_NSP2_P_007.psf.pk
data/d003_Tito/data_postproc/Tito_20110902_RSVPNicole305_S110720A_NSP2_P_008.psf.pk
data/d003_Tito/data_postproc/Tito_20110902_RSVPNicole305_S110720A_NSP2_P_009.psf.pk
