bin/expr_anal.py dp data_postproc/Chabo_20110327_RSVPNicole305_P_001.psf.pk data_postproc/Chabo_20110327_RSVPNicole305_P_001 blanks=300,306 bootstrap=200 suffix=_bstrp extbsinfo=data_postproc/Chabo_20110327_RSVPNicole305_P_001.dp_extbsinfo.csv extfirinfo
bin/expr_anal.py dp data_postproc/Chabo_20110327_RSVPNicole305_M_001.psf.pk data_postproc/Chabo_20110327_RSVPNicole305_M_001 blanks=300,306 bootstrap=200 suffix=_bstrp extbsinfo=data_postproc/Chabo_20110327_RSVPNicole305_M_001.dp_extbsinfo.csv extfirinfo
bin/expr_anal.py dp data_postproc/Chabo_20110327_RSVPNicole305_A_001.psf.pk data_postproc/Chabo_20110327_RSVPNicole305_A_001 blanks=300,306 bootstrap=200 suffix=_bstrp extbsinfo=data_postproc/Chabo_20110327_RSVPNicole305_A_001.dp_extbsinfo.csv extfirinfo
bin/expr_anal.py dp data_postproc/Chabo_20110327_RSVPNicole10x6_P_003.psf.pk data_postproc/Chabo_20110327_RSVPNicole10x6_P_003 blanks=60,62 bootstrap=200 suffix=_bstrp extbsinfo=data_postproc/Chabo_20110327_RSVPNicole10x6_P_003.dp_extbsinfo.csv extfirinfo
bin/expr_anal.py dp data_postproc/Chabo_20110327_RSVPNicole10x6_P_002.psf.pk data_postproc/Chabo_20110327_RSVPNicole10x6_P_002 blanks=60,62 bootstrap=200 suffix=_bstrp extbsinfo=data_postproc/Chabo_20110327_RSVPNicole10x6_P_002.dp_extbsinfo.csv extfirinfo
bin/expr_anal.py dp data_postproc/Chabo_20110327_RSVPNicole10x6_P_001.psf.pk data_postproc/Chabo_20110327_RSVPNicole10x6_P_001 blanks=60,62 bootstrap=200 suffix=_bstrp extbsinfo=data_postproc/Chabo_20110327_RSVPNicole10x6_P_001.dp_extbsinfo.csv extfirinfo
bin/expr_anal.py dp data_postproc/Chabo_20110327_RSVPNicole10x6_M_003.psf.pk data_postproc/Chabo_20110327_RSVPNicole10x6_M_003 blanks=60,62 bootstrap=200 suffix=_bstrp extbsinfo=data_postproc/Chabo_20110327_RSVPNicole10x6_M_003.dp_extbsinfo.csv extfirinfo
bin/expr_anal.py dp data_postproc/Chabo_20110327_RSVPNicole10x6_M_002.psf.pk data_postproc/Chabo_20110327_RSVPNicole10x6_M_002 blanks=60,62 bootstrap=200 suffix=_bstrp extbsinfo=data_postproc/Chabo_20110327_RSVPNicole10x6_M_002.dp_extbsinfo.csv extfirinfo
bin/expr_anal.py dp data_postproc/Chabo_20110327_RSVPNicole10x6_M_001.psf.pk data_postproc/Chabo_20110327_RSVPNicole10x6_M_001 blanks=60,62 bootstrap=200 suffix=_bstrp extbsinfo=data_postproc/Chabo_20110327_RSVPNicole10x6_M_001.dp_extbsinfo.csv extfirinfo
bin/expr_anal.py dp data_postproc/Chabo_20110327_RSVPNicole10x6_A_003.psf.pk data_postproc/Chabo_20110327_RSVPNicole10x6_A_003 blanks=60,62 bootstrap=200 suffix=_bstrp extbsinfo=data_postproc/Chabo_20110327_RSVPNicole10x6_A_003.dp_extbsinfo.csv extfirinfo
bin/expr_anal.py dp data_postproc/Chabo_20110327_RSVPNicole10x6_A_002.psf.pk data_postproc/Chabo_20110327_RSVPNicole10x6_A_002 blanks=60,62 bootstrap=200 suffix=_bstrp extbsinfo=data_postproc/Chabo_20110327_RSVPNicole10x6_A_002.dp_extbsinfo.csv extfirinfo
bin/expr_anal.py dp data_postproc/Chabo_20110327_RSVPNicole10x6_A_001.psf.pk data_postproc/Chabo_20110327_RSVPNicole10x6_A_001 blanks=60,62 bootstrap=200 suffix=_bstrp extbsinfo=data_postproc/Chabo_20110327_RSVPNicole10x6_A_001.dp_extbsinfo.csv extfirinfo
bin/expr_anal.py dp data_postproc/Chabo_20110326_RSVPNicole305_P_002.psf.pk data_postproc/Chabo_20110326_RSVPNicole305_P_002 blanks=300,306 bootstrap=200 suffix=_bstrp extbsinfo=data_postproc/Chabo_20110326_RSVPNicole305_P_002.dp_extbsinfo.csv extfirinfo
bin/expr_anal.py dp data_postproc/Chabo_20110326_RSVPNicole305_P_001.psf.pk data_postproc/Chabo_20110326_RSVPNicole305_P_001 blanks=300,306 bootstrap=200 suffix=_bstrp extbsinfo=data_postproc/Chabo_20110326_RSVPNicole305_P_001.dp_extbsinfo.csv extfirinfo
bin/expr_anal.py dp data_postproc/Chabo_20110326_RSVPNicole305_M_002.psf.pk data_postproc/Chabo_20110326_RSVPNicole305_M_002 blanks=300,306 bootstrap=200 suffix=_bstrp extbsinfo=data_postproc/Chabo_20110326_RSVPNicole305_M_002.dp_extbsinfo.csv extfirinfo
bin/expr_anal.py dp data_postproc/Chabo_20110326_RSVPNicole305_M_001.psf.pk data_postproc/Chabo_20110326_RSVPNicole305_M_001 blanks=300,306 bootstrap=200 suffix=_bstrp extbsinfo=data_postproc/Chabo_20110326_RSVPNicole305_M_001.dp_extbsinfo.csv extfirinfo
bin/expr_anal.py dp data_postproc/Chabo_20110326_RSVPNicole305_A_002.psf.pk data_postproc/Chabo_20110326_RSVPNicole305_A_002 blanks=300,306 bootstrap=200 suffix=_bstrp extbsinfo=data_postproc/Chabo_20110326_RSVPNicole305_A_002.dp_extbsinfo.csv extfirinfo
bin/expr_anal.py dp data_postproc/Chabo_20110326_RSVPNicole305_A_001.psf.pk data_postproc/Chabo_20110326_RSVPNicole305_A_001 blanks=300,306 bootstrap=200 suffix=_bstrp extbsinfo=data_postproc/Chabo_20110326_RSVPNicole305_A_001.dp_extbsinfo.csv extfirinfo
bin/expr_anal.py dp data_postproc/Chabo_20110326_RF_P_005.psf.pk data_postproc/Chabo_20110326_RF_P_005 extfirinfo
bin/expr_anal.py dp data_postproc/Chabo_20110326_RF_P_004.psf.pk data_postproc/Chabo_20110326_RF_P_004 extfirinfo
bin/expr_anal.py dp data_postproc/Chabo_20110326_RF_P_003.psf.pk data_postproc/Chabo_20110326_RF_P_003 extfirinfo
bin/expr_anal.py dp data_postproc/Chabo_20110326_RF_P_002.psf.pk data_postproc/Chabo_20110326_RF_P_002 extfirinfo
bin/expr_anal.py dp data_postproc/Chabo_20110326_RF_P_001.psf.pk data_postproc/Chabo_20110326_RF_P_001 extfirinfo
bin/expr_anal.py dp data_postproc/Chabo_20110326_RF_M_004.psf.pk data_postproc/Chabo_20110326_RF_M_004 extfirinfo
bin/expr_anal.py dp data_postproc/Chabo_20110326_RF_M_003.psf.pk data_postproc/Chabo_20110326_RF_M_003 extfirinfo
bin/expr_anal.py dp data_postproc/Chabo_20110326_RF_M_002.psf.pk data_postproc/Chabo_20110326_RF_M_002 extfirinfo
bin/expr_anal.py dp data_postproc/Chabo_20110326_RF_M_001.psf.pk data_postproc/Chabo_20110326_RF_M_001 extfirinfo
bin/expr_anal.py dp data_postproc/Chabo_20110326_RF_A_004.psf.pk data_postproc/Chabo_20110326_RF_A_004 extfirinfo
bin/expr_anal.py dp data_postproc/Chabo_20110326_RF_A_003.psf.pk data_postproc/Chabo_20110326_RF_A_003 extfirinfo
bin/expr_anal.py dp data_postproc/Chabo_20110326_RF_A_002.psf.pk data_postproc/Chabo_20110326_RF_A_002 extfirinfo
bin/expr_anal.py dp data_postproc/Chabo_20110326_RF_A_001.psf.pk data_postproc/Chabo_20110326_RF_A_001 extfirinfo
bin/expr_anal.py dp data_postproc/Chabo_20110325_RSVPNicole305_P_002.psf.pk data_postproc/Chabo_20110325_RSVPNicole305_P_002 blanks=300,306 bootstrap=200 suffix=_bstrp extbsinfo=data_postproc/Chabo_20110325_RSVPNicole305_P_002.dp_extbsinfo.csv extfirinfo
bin/expr_anal.py dp data_postproc/Chabo_20110325_RSVPNicole305_P_001.psf.pk data_postproc/Chabo_20110325_RSVPNicole305_P_001 blanks=300,306 bootstrap=200 suffix=_bstrp extbsinfo=data_postproc/Chabo_20110325_RSVPNicole305_P_001.dp_extbsinfo.csv extfirinfo
bin/expr_anal.py dp data_postproc/Chabo_20110325_RSVPNicole305_M_002.psf.pk data_postproc/Chabo_20110325_RSVPNicole305_M_002 blanks=300,306 bootstrap=200 suffix=_bstrp extbsinfo=data_postproc/Chabo_20110325_RSVPNicole305_M_002.dp_extbsinfo.csv extfirinfo
bin/expr_anal.py dp data_postproc/Chabo_20110325_RSVPNicole305_M_001.psf.pk data_postproc/Chabo_20110325_RSVPNicole305_M_001 blanks=300,306 bootstrap=200 suffix=_bstrp extbsinfo=data_postproc/Chabo_20110325_RSVPNicole305_M_001.dp_extbsinfo.csv extfirinfo
bin/expr_anal.py dp data_postproc/Chabo_20110325_RSVPNicole305_A_002.psf.pk data_postproc/Chabo_20110325_RSVPNicole305_A_002 blanks=300,306 bootstrap=200 suffix=_bstrp extbsinfo=data_postproc/Chabo_20110325_RSVPNicole305_A_002.dp_extbsinfo.csv extfirinfo
bin/expr_anal.py dp data_postproc/Chabo_20110325_RSVPNicole305_A_001.psf.pk data_postproc/Chabo_20110325_RSVPNicole305_A_001 blanks=300,306 bootstrap=200 suffix=_bstrp extbsinfo=data_postproc/Chabo_20110325_RSVPNicole305_A_001.dp_extbsinfo.csv extfirinfo
bin/expr_anal.py dp data_postproc/Chabo_20110325_RF_P_004.psf.pk data_postproc/Chabo_20110325_RF_P_004 extfirinfo
bin/expr_anal.py dp data_postproc/Chabo_20110325_RF_P_003.psf.pk data_postproc/Chabo_20110325_RF_P_003 extfirinfo
bin/expr_anal.py dp data_postproc/Chabo_20110325_RF_P_002.psf.pk data_postproc/Chabo_20110325_RF_P_002 extfirinfo
bin/expr_anal.py dp data_postproc/Chabo_20110325_RF_P_001.psf.pk data_postproc/Chabo_20110325_RF_P_001 extfirinfo
bin/expr_anal.py dp data_postproc/Chabo_20110325_RF_M_004.psf.pk data_postproc/Chabo_20110325_RF_M_004 extfirinfo
bin/expr_anal.py dp data_postproc/Chabo_20110325_RF_M_003.psf.pk data_postproc/Chabo_20110325_RF_M_003 extfirinfo
bin/expr_anal.py dp data_postproc/Chabo_20110325_RF_M_002.psf.pk data_postproc/Chabo_20110325_RF_M_002 extfirinfo
bin/expr_anal.py dp data_postproc/Chabo_20110325_RF_M_001.psf.pk data_postproc/Chabo_20110325_RF_M_001 extfirinfo
bin/expr_anal.py dp data_postproc/Chabo_20110325_RF_A_004.psf.pk data_postproc/Chabo_20110325_RF_A_004 extfirinfo
bin/expr_anal.py dp data_postproc/Chabo_20110325_RF_A_003.psf.pk data_postproc/Chabo_20110325_RF_A_003 extfirinfo
bin/expr_anal.py dp data_postproc/Chabo_20110325_RF_A_002.psf.pk data_postproc/Chabo_20110325_RF_A_002 extfirinfo
bin/expr_anal.py dp data_postproc/Chabo_20110325_RF_A_001.psf.pk data_postproc/Chabo_20110325_RF_A_001 extfirinfo
bin/expr_anal.py dp data_postproc/Chabo_20110324_RSVPNicole305_P_002.psf.pk data_postproc/Chabo_20110324_RSVPNicole305_P_002 blanks=300,306 bootstrap=200 suffix=_bstrp extbsinfo=data_postproc/Chabo_20110324_RSVPNicole305_P_002.dp_extbsinfo.csv extfirinfo
bin/expr_anal.py dp data_postproc/Chabo_20110324_RSVPNicole305_P_001.psf.pk data_postproc/Chabo_20110324_RSVPNicole305_P_001 blanks=300,306 bootstrap=200 suffix=_bstrp extbsinfo=data_postproc/Chabo_20110324_RSVPNicole305_P_001.dp_extbsinfo.csv extfirinfo
bin/expr_anal.py dp data_postproc/Chabo_20110324_RSVPNicole305_M_002.psf.pk data_postproc/Chabo_20110324_RSVPNicole305_M_002 blanks=300,306 bootstrap=200 suffix=_bstrp extbsinfo=data_postproc/Chabo_20110324_RSVPNicole305_M_002.dp_extbsinfo.csv extfirinfo
bin/expr_anal.py dp data_postproc/Chabo_20110324_RSVPNicole305_M_001.psf.pk data_postproc/Chabo_20110324_RSVPNicole305_M_001 blanks=300,306 bootstrap=200 suffix=_bstrp extbsinfo=data_postproc/Chabo_20110324_RSVPNicole305_M_001.dp_extbsinfo.csv extfirinfo
bin/expr_anal.py dp data_postproc/Chabo_20110324_RSVPNicole305_A_002.psf.pk data_postproc/Chabo_20110324_RSVPNicole305_A_002 blanks=300,306 bootstrap=200 suffix=_bstrp extbsinfo=data_postproc/Chabo_20110324_RSVPNicole305_A_002.dp_extbsinfo.csv extfirinfo
bin/expr_anal.py dp data_postproc/Chabo_20110324_RSVPNicole305_A_001.psf.pk data_postproc/Chabo_20110324_RSVPNicole305_A_001 blanks=300,306 bootstrap=200 suffix=_bstrp extbsinfo=data_postproc/Chabo_20110324_RSVPNicole305_A_001.dp_extbsinfo.csv extfirinfo
bin/expr_anal.py dp data_postproc/Chabo_20110324_RF_P_005.psf.pk data_postproc/Chabo_20110324_RF_P_005 extfirinfo
bin/expr_anal.py dp data_postproc/Chabo_20110324_RF_P_004.psf.pk data_postproc/Chabo_20110324_RF_P_004 extfirinfo
bin/expr_anal.py dp data_postproc/Chabo_20110324_RF_P_003.psf.pk data_postproc/Chabo_20110324_RF_P_003 extfirinfo
bin/expr_anal.py dp data_postproc/Chabo_20110324_RF_P_002.psf.pk data_postproc/Chabo_20110324_RF_P_002 extfirinfo
bin/expr_anal.py dp data_postproc/Chabo_20110324_RF_P_001.psf.pk data_postproc/Chabo_20110324_RF_P_001 extfirinfo
bin/expr_anal.py dp data_postproc/Chabo_20110324_RF_M_004.psf.pk data_postproc/Chabo_20110324_RF_M_004 extfirinfo
bin/expr_anal.py dp data_postproc/Chabo_20110324_RF_M_003.psf.pk data_postproc/Chabo_20110324_RF_M_003 extfirinfo
bin/expr_anal.py dp data_postproc/Chabo_20110324_RF_M_002.psf.pk data_postproc/Chabo_20110324_RF_M_002 extfirinfo
bin/expr_anal.py dp data_postproc/Chabo_20110324_RF_M_001.psf.pk data_postproc/Chabo_20110324_RF_M_001 extfirinfo
bin/expr_anal.py dp data_postproc/Chabo_20110324_RF_A_004.psf.pk data_postproc/Chabo_20110324_RF_A_004 extfirinfo
bin/expr_anal.py dp data_postproc/Chabo_20110324_RF_A_003.psf.pk data_postproc/Chabo_20110324_RF_A_003 extfirinfo
bin/expr_anal.py dp data_postproc/Chabo_20110324_RF_A_002.psf.pk data_postproc/Chabo_20110324_RF_A_002 extfirinfo
bin/expr_anal.py dp data_postproc/Chabo_20110324_RF_A_001.psf.pk data_postproc/Chabo_20110324_RF_A_001 extfirinfo
bin/expr_anal.py dp data_postproc/Chabo_20110323_RSVPNicole305_S110204_003.psf.pk data_postproc/Chabo_20110323_RSVPNicole305_S110204_003 blanks=300,306 bootstrap=200 suffix=_bstrp extbsinfo=data_postproc/Chabo_20110323_RSVPNicole305_S110204_003.dp_extbsinfo.csv extfirinfo
bin/expr_anal.py dp data_postproc/Chabo_20110323_RSVPNicole305_S110204_002.psf.pk data_postproc/Chabo_20110323_RSVPNicole305_S110204_002 blanks=300,306 bootstrap=200 suffix=_bstrp extbsinfo=data_postproc/Chabo_20110323_RSVPNicole305_S110204_002.dp_extbsinfo.csv extfirinfo
bin/expr_anal.py dp data_postproc/Chabo_20110323_RSVPNicole305_S110204_001.psf.pk data_postproc/Chabo_20110323_RSVPNicole305_S110204_001 blanks=300,306 bootstrap=200 suffix=_bstrp extbsinfo=data_postproc/Chabo_20110323_RSVPNicole305_S110204_001.dp_extbsinfo.csv extfirinfo
bin/expr_anal.py dp data_postproc/Chabo_20110323_RSVPNicole10x6_S110204_003.psf.pk data_postproc/Chabo_20110323_RSVPNicole10x6_S110204_003 blanks=60,62 bootstrap=200 suffix=_bstrp extbsinfo=data_postproc/Chabo_20110323_RSVPNicole10x6_S110204_003.dp_extbsinfo.csv extfirinfo
bin/expr_anal.py dp data_postproc/Chabo_20110323_RSVPNicole10x6_S110204_002.psf.pk data_postproc/Chabo_20110323_RSVPNicole10x6_S110204_002 blanks=60,62 bootstrap=200 suffix=_bstrp extbsinfo=data_postproc/Chabo_20110323_RSVPNicole10x6_S110204_002.dp_extbsinfo.csv extfirinfo
bin/expr_anal.py dp data_postproc/Chabo_20110323_RSVPNicole10x6_S110204_001.psf.pk data_postproc/Chabo_20110323_RSVPNicole10x6_S110204_001 blanks=60,62 bootstrap=200 suffix=_bstrp extbsinfo=data_postproc/Chabo_20110323_RSVPNicole10x6_S110204_001.dp_extbsinfo.csv extfirinfo
bin/expr_anal.py dp data_postproc/Chabo_20110318_RSVPVar00a_on100_off100_S110204_RefAA_010.psf.pk data_postproc/Chabo_20110318_RSVPVar00a_on100_off100_S110204_RefAA_010 blanks_patt=zz_blank extfirinfo exclude_img=circ_mask off_num_sort
bin/expr_anal.py dp data_postproc/Chabo_20110318_RSVPVar00a_on100_off100_S110204_RefAA_009.psf.pk data_postproc/Chabo_20110318_RSVPVar00a_on100_off100_S110204_RefAA_009 blanks_patt=zz_blank extfirinfo exclude_img=circ_mask off_num_sort
bin/expr_anal.py dp data_postproc/Chabo_20110318_RSVPVar00a_on100_off100_S110204_RefAA_008.psf.pk data_postproc/Chabo_20110318_RSVPVar00a_on100_off100_S110204_RefAA_008 blanks_patt=zz_blank extfirinfo exclude_img=circ_mask off_num_sort
bin/expr_anal.py dp data_postproc/Chabo_20110318_RSVPVar00a_on100_off100_S110204_RefAA_007.psf.pk data_postproc/Chabo_20110318_RSVPVar00a_on100_off100_S110204_RefAA_007 blanks_patt=zz_blank extfirinfo exclude_img=circ_mask off_num_sort
bin/expr_anal.py dp data_postproc/Chabo_20110318_RSVPVar00a_on100_off100_S110204_RefAA_006.psf.pk data_postproc/Chabo_20110318_RSVPVar00a_on100_off100_S110204_RefAA_006 blanks_patt=zz_blank extfirinfo exclude_img=circ_mask off_num_sort
bin/expr_anal.py dp data_postproc/Chabo_20110318_RSVPVar00a_on100_off100_S110204_RefAA_005.psf.pk data_postproc/Chabo_20110318_RSVPVar00a_on100_off100_S110204_RefAA_005 blanks_patt=zz_blank extfirinfo exclude_img=circ_mask off_num_sort
bin/expr_anal.py dp data_postproc/Chabo_20110318_RSVPVar00a_on100_off100_S110204_RefAA_004.psf.pk data_postproc/Chabo_20110318_RSVPVar00a_on100_off100_S110204_RefAA_004 blanks_patt=zz_blank extfirinfo exclude_img=circ_mask off_num_sort
bin/expr_anal.py dp data_postproc/Chabo_20110318_RSVPVar00a_on100_off100_S110204_RefAA_003.psf.pk data_postproc/Chabo_20110318_RSVPVar00a_on100_off100_S110204_RefAA_003 blanks_patt=zz_blank extfirinfo exclude_img=circ_mask off_num_sort
bin/expr_anal.py dp data_postproc/Chabo_20110318_RSVPVar00a_on100_off100_S110204_RefAA_002.psf.pk data_postproc/Chabo_20110318_RSVPVar00a_on100_off100_S110204_RefAA_002 blanks_patt=zz_blank extfirinfo exclude_img=circ_mask off_num_sort
bin/expr_anal.py dp data_postproc/Chabo_20110318_RSVPVar00a_on100_off100_S110204_RefAA_001.psf.pk data_postproc/Chabo_20110318_RSVPVar00a_on100_off100_S110204_RefAA_001 blanks_patt=zz_blank extfirinfo exclude_img=circ_mask off_num_sort
bin/expr_anal.py dp data_postproc/Chabo_20110318_RSVPVar00a_on024_off100_S110204_RefAA_020.psf.pk data_postproc/Chabo_20110318_RSVPVar00a_on024_off100_S110204_RefAA_020 blanks_patt=zz_blank extfirinfo exclude_img=circ_mask off_num_sort
bin/expr_anal.py dp data_postproc/Chabo_20110318_RSVPVar00a_on024_off100_S110204_RefAA_019.psf.pk data_postproc/Chabo_20110318_RSVPVar00a_on024_off100_S110204_RefAA_019 blanks_patt=zz_blank extfirinfo exclude_img=circ_mask off_num_sort
bin/expr_anal.py dp data_postproc/Chabo_20110318_RSVPVar00a_on024_off100_S110204_RefAA_018.psf.pk data_postproc/Chabo_20110318_RSVPVar00a_on024_off100_S110204_RefAA_018 blanks_patt=zz_blank extfirinfo exclude_img=circ_mask off_num_sort
bin/expr_anal.py dp data_postproc/Chabo_20110318_RSVPVar00a_on024_off100_S110204_RefAA_017.psf.pk data_postproc/Chabo_20110318_RSVPVar00a_on024_off100_S110204_RefAA_017 blanks_patt=zz_blank extfirinfo exclude_img=circ_mask off_num_sort
bin/expr_anal.py dp data_postproc/Chabo_20110318_RSVPVar00a_on024_off100_S110204_RefAA_016.psf.pk data_postproc/Chabo_20110318_RSVPVar00a_on024_off100_S110204_RefAA_016 blanks_patt=zz_blank extfirinfo exclude_img=circ_mask off_num_sort
bin/expr_anal.py dp data_postproc/Chabo_20110318_RSVPVar00a_on024_off100_S110204_RefAA_015.psf.pk data_postproc/Chabo_20110318_RSVPVar00a_on024_off100_S110204_RefAA_015 blanks_patt=zz_blank extfirinfo exclude_img=circ_mask off_num_sort
bin/expr_anal.py dp data_postproc/Chabo_20110318_RSVPVar00a_on024_off100_S110204_RefAA_014.psf.pk data_postproc/Chabo_20110318_RSVPVar00a_on024_off100_S110204_RefAA_014 blanks_patt=zz_blank extfirinfo exclude_img=circ_mask off_num_sort
bin/expr_anal.py dp data_postproc/Chabo_20110318_RSVPVar00a_on024_off100_S110204_RefAA_013.psf.pk data_postproc/Chabo_20110318_RSVPVar00a_on024_off100_S110204_RefAA_013 blanks_patt=zz_blank extfirinfo exclude_img=circ_mask off_num_sort
bin/expr_anal.py dp data_postproc/Chabo_20110318_RSVPVar00a_on024_off100_S110204_RefAA_012.psf.pk data_postproc/Chabo_20110318_RSVPVar00a_on024_off100_S110204_RefAA_012 blanks_patt=zz_blank extfirinfo exclude_img=circ_mask off_num_sort
bin/expr_anal.py dp data_postproc/Chabo_20110318_RSVPVar00a_on024_off100_S110204_RefAA_011.psf.pk data_postproc/Chabo_20110318_RSVPVar00a_on024_off100_S110204_RefAA_011 blanks_patt=zz_blank extfirinfo exclude_img=circ_mask off_num_sort
bin/expr_anal.py dp data_postproc/Chabo_20110318_RSVPVar00a_on024_off024_S110204_RefAA_030.psf.pk data_postproc/Chabo_20110318_RSVPVar00a_on024_off024_S110204_RefAA_030 blanks_patt=zz_blank extfirinfo exclude_img=circ_mask off_num_sort
bin/expr_anal.py dp data_postproc/Chabo_20110318_RSVPVar00a_on024_off024_S110204_RefAA_029.psf.pk data_postproc/Chabo_20110318_RSVPVar00a_on024_off024_S110204_RefAA_029 blanks_patt=zz_blank extfirinfo exclude_img=circ_mask off_num_sort
bin/expr_anal.py dp data_postproc/Chabo_20110318_RSVPVar00a_on024_off024_S110204_RefAA_028.psf.pk data_postproc/Chabo_20110318_RSVPVar00a_on024_off024_S110204_RefAA_028 blanks_patt=zz_blank extfirinfo exclude_img=circ_mask off_num_sort
bin/expr_anal.py dp data_postproc/Chabo_20110318_RSVPVar00a_on024_off024_S110204_RefAA_027.psf.pk data_postproc/Chabo_20110318_RSVPVar00a_on024_off024_S110204_RefAA_027 blanks_patt=zz_blank extfirinfo exclude_img=circ_mask off_num_sort
bin/expr_anal.py dp data_postproc/Chabo_20110318_RSVPVar00a_on024_off024_S110204_RefAA_026.psf.pk data_postproc/Chabo_20110318_RSVPVar00a_on024_off024_S110204_RefAA_026 blanks_patt=zz_blank extfirinfo exclude_img=circ_mask off_num_sort
bin/expr_anal.py dp data_postproc/Chabo_20110318_RSVPVar00a_on024_off024_S110204_RefAA_025.psf.pk data_postproc/Chabo_20110318_RSVPVar00a_on024_off024_S110204_RefAA_025 blanks_patt=zz_blank extfirinfo exclude_img=circ_mask off_num_sort
bin/expr_anal.py dp data_postproc/Chabo_20110318_RSVPVar00a_on024_off024_S110204_RefAA_024.psf.pk data_postproc/Chabo_20110318_RSVPVar00a_on024_off024_S110204_RefAA_024 blanks_patt=zz_blank extfirinfo exclude_img=circ_mask off_num_sort
bin/expr_anal.py dp data_postproc/Chabo_20110318_RSVPVar00a_on024_off024_S110204_RefAA_023.psf.pk data_postproc/Chabo_20110318_RSVPVar00a_on024_off024_S110204_RefAA_023 blanks_patt=zz_blank extfirinfo exclude_img=circ_mask off_num_sort
bin/expr_anal.py dp data_postproc/Chabo_20110318_RSVPVar00a_on024_off024_S110204_RefAA_022.psf.pk data_postproc/Chabo_20110318_RSVPVar00a_on024_off024_S110204_RefAA_022 blanks_patt=zz_blank extfirinfo exclude_img=circ_mask off_num_sort
bin/expr_anal.py dp data_postproc/Chabo_20110318_RSVPVar00a_on024_off024_S110204_RefAA_021.psf.pk data_postproc/Chabo_20110318_RSVPVar00a_on024_off024_S110204_RefAA_021 blanks_patt=zz_blank extfirinfo exclude_img=circ_mask off_num_sort
bin/expr_anal.py dp data_postproc/Chabo_20110317_RSVPVar06a_S110204_003.psf.pk data_postproc/Chabo_20110317_RSVPVar06a_S110204_003 blanks_patt=zz_blank extfirinfo exclude_img=circ_mask off_num_sort
bin/expr_anal.py dp data_postproc/Chabo_20110317_RSVPVar06a_S110204_002.psf.pk data_postproc/Chabo_20110317_RSVPVar06a_S110204_002 blanks_patt=zz_blank extfirinfo exclude_img=circ_mask off_num_sort
bin/expr_anal.py dp data_postproc/Chabo_20110317_RSVPVar06a_S110204_001.psf.pk data_postproc/Chabo_20110317_RSVPVar06a_S110204_001 blanks_patt=zz_blank extfirinfo exclude_img=circ_mask off_num_sort
bin/expr_anal.py dp data_postproc/Chabo_20110317_RSVPNicole10x6_S110204_002.psf.pk data_postproc/Chabo_20110317_RSVPNicole10x6_S110204_002 blanks=60,62 bootstrap=200 suffix=_bstrp extbsinfo=data_postproc/Chabo_20110317_RSVPNicole10x6_S110204_002.dp_extbsinfo.csv extfirinfo
bin/expr_anal.py dp data_postproc/Chabo_20110317_RSVPNicole10x6_S110204_001.psf.pk data_postproc/Chabo_20110317_RSVPNicole10x6_S110204_001 blanks=60,62 bootstrap=200 suffix=_bstrp extbsinfo=data_postproc/Chabo_20110317_RSVPNicole10x6_S110204_001.dp_extbsinfo.csv extfirinfo
bin/expr_anal.py dp data_postproc/Chabo_20110316_RSVPVar03a_S110204_5deg_011.psf.pk data_postproc/Chabo_20110316_RSVPVar03a_S110204_5deg_011 blanks_patt=zz_blank extfirinfo exclude_img=circ_mask off_num_sort
bin/expr_anal.py dp data_postproc/Chabo_20110316_RSVPVar03a_S110204_5deg_010.psf.pk data_postproc/Chabo_20110316_RSVPVar03a_S110204_5deg_010 blanks_patt=zz_blank extfirinfo exclude_img=circ_mask off_num_sort
bin/expr_anal.py dp data_postproc/Chabo_20110316_RSVPVar03a_S110204_5deg_009.psf.pk data_postproc/Chabo_20110316_RSVPVar03a_S110204_5deg_009 blanks_patt=zz_blank extfirinfo exclude_img=circ_mask off_num_sort
bin/expr_anal.py dp data_postproc/Chabo_20110316_RSVPVar03a_S110204_5deg_008.psf.pk data_postproc/Chabo_20110316_RSVPVar03a_S110204_5deg_008 blanks_patt=zz_blank extfirinfo exclude_img=circ_mask off_num_sort
bin/expr_anal.py dp data_postproc/Chabo_20110316_RSVPVar03a_S110204_5deg_007.psf.pk data_postproc/Chabo_20110316_RSVPVar03a_S110204_5deg_007 blanks_patt=zz_blank extfirinfo exclude_img=circ_mask off_num_sort
bin/expr_anal.py dp data_postproc/Chabo_20110316_RSVPVar03a_S110204_5deg_006.psf.pk data_postproc/Chabo_20110316_RSVPVar03a_S110204_5deg_006 blanks_patt=zz_blank extfirinfo exclude_img=circ_mask off_num_sort
bin/expr_anal.py dp data_postproc/Chabo_20110316_RSVPVar03a_S110204_5deg_005.psf.pk data_postproc/Chabo_20110316_RSVPVar03a_S110204_5deg_005 blanks_patt=zz_blank extfirinfo exclude_img=circ_mask off_num_sort
bin/expr_anal.py dp data_postproc/Chabo_20110316_RSVPVar03a_S110204_5deg_004.psf.pk data_postproc/Chabo_20110316_RSVPVar03a_S110204_5deg_004 blanks_patt=zz_blank extfirinfo exclude_img=circ_mask off_num_sort
bin/expr_anal.py dp data_postproc/Chabo_20110316_RSVPVar03a_S110204_16deg_003.psf.pk data_postproc/Chabo_20110316_RSVPVar03a_S110204_16deg_003 blanks_patt=zz_blank extfirinfo exclude_img=circ_mask off_num_sort
bin/expr_anal.py dp data_postproc/Chabo_20110316_RSVPVar03a_S110204_16deg_002.psf.pk data_postproc/Chabo_20110316_RSVPVar03a_S110204_16deg_002 blanks_patt=zz_blank extfirinfo exclude_img=circ_mask off_num_sort
bin/expr_anal.py dp data_postproc/Chabo_20110316_RSVPVar03a_S110204_16deg_001.psf.pk data_postproc/Chabo_20110316_RSVPVar03a_S110204_16deg_001 blanks_patt=zz_blank extfirinfo exclude_img=circ_mask off_num_sort
bin/expr_anal.py dp data_postproc/Chabo_20110315_RSVPVar03a_S110204_16deg_006.psf.pk data_postproc/Chabo_20110315_RSVPVar03a_S110204_16deg_006 blanks_patt=zz_blank extfirinfo exclude_img=circ_mask off_num_sort
bin/expr_anal.py dp data_postproc/Chabo_20110315_RSVPVar03a_S110204_16deg_005.psf.pk data_postproc/Chabo_20110315_RSVPVar03a_S110204_16deg_005 blanks_patt=zz_blank extfirinfo exclude_img=circ_mask off_num_sort
bin/expr_anal.py dp data_postproc/Chabo_20110315_RSVPVar03a_S110204_16deg_004.psf.pk data_postproc/Chabo_20110315_RSVPVar03a_S110204_16deg_004 blanks_patt=zz_blank extfirinfo exclude_img=circ_mask off_num_sort
bin/expr_anal.py dp data_postproc/Chabo_20110315_RSVPVar03a_S110204_16deg_003.psf.pk data_postproc/Chabo_20110315_RSVPVar03a_S110204_16deg_003 blanks_patt=zz_blank extfirinfo exclude_img=circ_mask off_num_sort
bin/expr_anal.py dp data_postproc/Chabo_20110315_RSVPVar03a_S110204_16deg_002.psf.pk data_postproc/Chabo_20110315_RSVPVar03a_S110204_16deg_002 blanks_patt=zz_blank extfirinfo exclude_img=circ_mask off_num_sort
bin/expr_anal.py dp data_postproc/Chabo_20110315_RSVPVar03a_S110204_16deg_001.psf.pk data_postproc/Chabo_20110315_RSVPVar03a_S110204_16deg_001 blanks_patt=zz_blank extfirinfo exclude_img=circ_mask off_num_sort
bin/expr_anal.py dp data_postproc/Chabo_20110314_RSVPVar03a_S110204_5deg_008.psf.pk data_postproc/Chabo_20110314_RSVPVar03a_S110204_5deg_008 blanks_patt=zz_blank extfirinfo exclude_img=circ_mask off_num_sort
bin/expr_anal.py dp data_postproc/Chabo_20110314_RSVPVar03a_S110204_5deg_007.psf.pk data_postproc/Chabo_20110314_RSVPVar03a_S110204_5deg_007 blanks_patt=zz_blank extfirinfo exclude_img=circ_mask off_num_sort
bin/expr_anal.py dp data_postproc/Chabo_20110314_RSVPVar03a_S110204_5deg_006.psf.pk data_postproc/Chabo_20110314_RSVPVar03a_S110204_5deg_006 blanks_patt=zz_blank extfirinfo exclude_img=circ_mask off_num_sort
bin/expr_anal.py dp data_postproc/Chabo_20110314_RSVPVar03a_S110204_5deg_005.psf.pk data_postproc/Chabo_20110314_RSVPVar03a_S110204_5deg_005 blanks_patt=zz_blank extfirinfo exclude_img=circ_mask off_num_sort
bin/expr_anal.py dp data_postproc/Chabo_20110314_RSVPVar03a_S110204_5deg_004.psf.pk data_postproc/Chabo_20110314_RSVPVar03a_S110204_5deg_004 blanks_patt=zz_blank extfirinfo exclude_img=circ_mask off_num_sort
bin/expr_anal.py dp data_postproc/Chabo_20110314_RSVPVar03a_S110204_5deg_003.psf.pk data_postproc/Chabo_20110314_RSVPVar03a_S110204_5deg_003 blanks_patt=zz_blank extfirinfo exclude_img=circ_mask off_num_sort
bin/expr_anal.py dp data_postproc/Chabo_20110314_RSVPVar03a_S110204_5deg_002.psf.pk data_postproc/Chabo_20110314_RSVPVar03a_S110204_5deg_002 blanks_patt=zz_blank extfirinfo exclude_img=circ_mask off_num_sort
bin/expr_anal.py dp data_postproc/Chabo_20110314_RSVPVar03a_S110204_5deg_001.psf.pk data_postproc/Chabo_20110314_RSVPVar03a_S110204_5deg_001 blanks_patt=zz_blank extfirinfo exclude_img=circ_mask off_num_sort
bin/expr_anal.py dp data_postproc/Chabo_20110313_RSVPVar06a_S110204_RefAA_004.psf.pk data_postproc/Chabo_20110313_RSVPVar06a_S110204_RefAA_004 blanks_patt=zz_blank extfirinfo exclude_img=circ_mask off_num_sort
bin/expr_anal.py dp data_postproc/Chabo_20110313_RSVPVar06a_S110204_RefAA_003.psf.pk data_postproc/Chabo_20110313_RSVPVar06a_S110204_RefAA_003 blanks_patt=zz_blank extfirinfo exclude_img=circ_mask off_num_sort
bin/expr_anal.py dp data_postproc/Chabo_20110313_RSVPVar06a_S110204_RefAA_002.psf.pk data_postproc/Chabo_20110313_RSVPVar06a_S110204_RefAA_002 blanks_patt=zz_blank extfirinfo exclude_img=circ_mask off_num_sort
bin/expr_anal.py dp data_postproc/Chabo_20110313_RSVPVar06a_S110204_RefAA_001.psf.pk data_postproc/Chabo_20110313_RSVPVar06a_S110204_RefAA_001 blanks_patt=zz_blank extfirinfo exclude_img=circ_mask off_num_sort
bin/expr_anal.py dp data_postproc/Chabo_20110313_RSVPVar03a_S110204_RefAA_004.psf.pk data_postproc/Chabo_20110313_RSVPVar03a_S110204_RefAA_004 blanks_patt=zz_blank extfirinfo exclude_img=circ_mask off_num_sort
bin/expr_anal.py dp data_postproc/Chabo_20110313_RSVPVar03a_S110204_RefAA_003.psf.pk data_postproc/Chabo_20110313_RSVPVar03a_S110204_RefAA_003 blanks_patt=zz_blank extfirinfo exclude_img=circ_mask off_num_sort
bin/expr_anal.py dp data_postproc/Chabo_20110313_RSVPVar03a_S110204_RefAA_002.psf.pk data_postproc/Chabo_20110313_RSVPVar03a_S110204_RefAA_002 blanks_patt=zz_blank extfirinfo exclude_img=circ_mask off_num_sort
bin/expr_anal.py dp data_postproc/Chabo_20110313_RSVPVar03a_S110204_RefAA_001.psf.pk data_postproc/Chabo_20110313_RSVPVar03a_S110204_RefAA_001 blanks_patt=zz_blank extfirinfo exclude_img=circ_mask off_num_sort
bin/expr_anal.py dp data_postproc/Chabo_20110313_RSVPVar00a_S110204_RefAA_002.psf.pk data_postproc/Chabo_20110313_RSVPVar00a_S110204_RefAA_002 blanks_patt=zz_blank extfirinfo exclude_img=circ_mask off_num_sort
bin/expr_anal.py dp data_postproc/Chabo_20110313_RSVPVar00a_S110204_RefAA_001.psf.pk data_postproc/Chabo_20110313_RSVPVar00a_S110204_RefAA_001 blanks_patt=zz_blank extfirinfo exclude_img=circ_mask off_num_sort
bin/expr_anal.py dp data_postproc/Chabo_20110313_RSVPNicole305_S110204_RefAA_001.psf.pk data_postproc/Chabo_20110313_RSVPNicole305_S110204_RefAA_001 blanks=300,306 bootstrap=200 suffix=_bstrp extbsinfo=data_postproc/Chabo_20110313_RSVPNicole305_S110204_RefAA_001.dp_extbsinfo.csv extfirinfo
bin/expr_anal.py dp data_postproc/Chabo_20110313_RSVPNicole10x6_S110204_RefAA_002.psf.pk data_postproc/Chabo_20110313_RSVPNicole10x6_S110204_RefAA_002 blanks=60,62 bootstrap=200 suffix=_bstrp extbsinfo=data_postproc/Chabo_20110313_RSVPNicole10x6_S110204_RefAA_002.dp_extbsinfo.csv extfirinfo
bin/expr_anal.py dp data_postproc/Chabo_20110313_RSVPNicole10x6_S110204_RefAA_001.psf.pk data_postproc/Chabo_20110313_RSVPNicole10x6_S110204_RefAA_001 blanks=60,62 bootstrap=200 suffix=_bstrp extbsinfo=data_postproc/Chabo_20110313_RSVPNicole10x6_S110204_RefAA_001.dp_extbsinfo.csv extfirinfo
bin/expr_anal.py dp data_postproc/Chabo_20110312_RSVPVar06a_S110204_RefAA_007.psf.pk data_postproc/Chabo_20110312_RSVPVar06a_S110204_RefAA_007 blanks_patt=zz_blank extfirinfo exclude_img=circ_mask off_num_sort
bin/expr_anal.py dp data_postproc/Chabo_20110312_RSVPVar06a_S110204_RefAA_006.psf.pk data_postproc/Chabo_20110312_RSVPVar06a_S110204_RefAA_006 blanks_patt=zz_blank extfirinfo exclude_img=circ_mask off_num_sort
bin/expr_anal.py dp data_postproc/Chabo_20110312_RSVPVar06a_S110204_RefAA_005.psf.pk data_postproc/Chabo_20110312_RSVPVar06a_S110204_RefAA_005 blanks_patt=zz_blank extfirinfo exclude_img=circ_mask off_num_sort
bin/expr_anal.py dp data_postproc/Chabo_20110312_RSVPVar06a_S110204_RefAA_004.psf.pk data_postproc/Chabo_20110312_RSVPVar06a_S110204_RefAA_004 blanks_patt=zz_blank extfirinfo exclude_img=circ_mask off_num_sort
bin/expr_anal.py dp data_postproc/Chabo_20110312_RSVPVar06a_S110204_RefAA_003.psf.pk data_postproc/Chabo_20110312_RSVPVar06a_S110204_RefAA_003 blanks_patt=zz_blank extfirinfo exclude_img=circ_mask off_num_sort
bin/expr_anal.py dp data_postproc/Chabo_20110312_RSVPVar06a_S110204_RefAA_002.psf.pk data_postproc/Chabo_20110312_RSVPVar06a_S110204_RefAA_002 blanks_patt=zz_blank extfirinfo exclude_img=circ_mask off_num_sort
bin/expr_anal.py dp data_postproc/Chabo_20110312_RSVPVar06a_S110204_RefAA_001.psf.pk data_postproc/Chabo_20110312_RSVPVar06a_S110204_RefAA_001 blanks_patt=zz_blank extfirinfo exclude_img=circ_mask off_num_sort
bin/expr_anal.py dp data_postproc/Chabo_20110312_RSVPNicole305_S110204_RefAA_001.psf.pk data_postproc/Chabo_20110312_RSVPNicole305_S110204_RefAA_001 blanks=300,306 bootstrap=200 suffix=_bstrp extbsinfo=data_postproc/Chabo_20110312_RSVPNicole305_S110204_RefAA_001.dp_extbsinfo.csv extfirinfo
bin/expr_anal.py dp data_postproc/Chabo_20110312_RSVPNicole10x6_S110204_RefAA_002.psf.pk data_postproc/Chabo_20110312_RSVPNicole10x6_S110204_RefAA_002 blanks=60,62 bootstrap=200 suffix=_bstrp extbsinfo=data_postproc/Chabo_20110312_RSVPNicole10x6_S110204_RefAA_002.dp_extbsinfo.csv extfirinfo
bin/expr_anal.py dp data_postproc/Chabo_20110312_RSVPNicole10x6_S110204_RefAA_001.psf.pk data_postproc/Chabo_20110312_RSVPNicole10x6_S110204_RefAA_001 blanks=60,62 bootstrap=200 suffix=_bstrp extbsinfo=data_postproc/Chabo_20110312_RSVPNicole10x6_S110204_RefAA_001.dp_extbsinfo.csv extfirinfo
bin/expr_anal.py dp data_postproc/Chabo_20110311_RSVPVar00a_on024_off100_S110204_RefAA_010.psf.pk data_postproc/Chabo_20110311_RSVPVar00a_on024_off100_S110204_RefAA_010 blanks_patt=zz_blank extfirinfo exclude_img=circ_mask off_num_sort
bin/expr_anal.py dp data_postproc/Chabo_20110311_RSVPVar00a_on024_off100_S110204_RefAA_009.psf.pk data_postproc/Chabo_20110311_RSVPVar00a_on024_off100_S110204_RefAA_009 blanks_patt=zz_blank extfirinfo exclude_img=circ_mask off_num_sort
bin/expr_anal.py dp data_postproc/Chabo_20110311_RSVPVar00a_on024_off100_S110204_RefAA_008.psf.pk data_postproc/Chabo_20110311_RSVPVar00a_on024_off100_S110204_RefAA_008 blanks_patt=zz_blank extfirinfo exclude_img=circ_mask off_num_sort
bin/expr_anal.py dp data_postproc/Chabo_20110311_RSVPVar00a_on024_off100_S110204_RefAA_007.psf.pk data_postproc/Chabo_20110311_RSVPVar00a_on024_off100_S110204_RefAA_007 blanks_patt=zz_blank extfirinfo exclude_img=circ_mask off_num_sort
bin/expr_anal.py dp data_postproc/Chabo_20110311_RSVPVar00a_on024_off100_S110204_RefAA_006.psf.pk data_postproc/Chabo_20110311_RSVPVar00a_on024_off100_S110204_RefAA_006 blanks_patt=zz_blank extfirinfo exclude_img=circ_mask off_num_sort
bin/expr_anal.py dp data_postproc/Chabo_20110311_RSVPVar00a_on024_off100_S110204_RefAA_005.psf.pk data_postproc/Chabo_20110311_RSVPVar00a_on024_off100_S110204_RefAA_005 blanks_patt=zz_blank extfirinfo exclude_img=circ_mask off_num_sort
bin/expr_anal.py dp data_postproc/Chabo_20110311_RSVPVar00a_on024_off100_S110204_RefAA_004.psf.pk data_postproc/Chabo_20110311_RSVPVar00a_on024_off100_S110204_RefAA_004 blanks_patt=zz_blank extfirinfo exclude_img=circ_mask off_num_sort
bin/expr_anal.py dp data_postproc/Chabo_20110311_RSVPVar00a_on024_off100_S110204_RefAA_003.psf.pk data_postproc/Chabo_20110311_RSVPVar00a_on024_off100_S110204_RefAA_003 blanks_patt=zz_blank extfirinfo exclude_img=circ_mask off_num_sort
bin/expr_anal.py dp data_postproc/Chabo_20110311_RSVPVar00a_on024_off100_S110204_RefAA_002.psf.pk data_postproc/Chabo_20110311_RSVPVar00a_on024_off100_S110204_RefAA_002 blanks_patt=zz_blank extfirinfo exclude_img=circ_mask off_num_sort
bin/expr_anal.py dp data_postproc/Chabo_20110311_RSVPVar00a_on024_off100_S110204_RefAA_001.psf.pk data_postproc/Chabo_20110311_RSVPVar00a_on024_off100_S110204_RefAA_001 blanks_patt=zz_blank extfirinfo exclude_img=circ_mask off_num_sort
bin/expr_anal.py dp data_postproc/Chabo_20110311_RSVPVar00a_on024_off000_S110204_RefAA_014.psf.pk data_postproc/Chabo_20110311_RSVPVar00a_on024_off000_S110204_RefAA_014 blanks_patt=zz_blank extfirinfo exclude_img=circ_mask off_num_sort
bin/expr_anal.py dp data_postproc/Chabo_20110311_RSVPVar00a_on024_off000_S110204_RefAA_013.psf.pk data_postproc/Chabo_20110311_RSVPVar00a_on024_off000_S110204_RefAA_013 blanks_patt=zz_blank extfirinfo exclude_img=circ_mask off_num_sort
bin/expr_anal.py dp data_postproc/Chabo_20110311_RSVPVar00a_on024_off000_S110204_RefAA_012.psf.pk data_postproc/Chabo_20110311_RSVPVar00a_on024_off000_S110204_RefAA_012 blanks_patt=zz_blank extfirinfo exclude_img=circ_mask off_num_sort
bin/expr_anal.py dp data_postproc/Chabo_20110311_RSVPVar00a_on024_off000_S110204_RefAA_011.psf.pk data_postproc/Chabo_20110311_RSVPVar00a_on024_off000_S110204_RefAA_011 blanks_patt=zz_blank extfirinfo exclude_img=circ_mask off_num_sort
bin/expr_anal.py dp data_postproc/Chabo_20110311_RSVPVar00a_on024_off000_S110204_RefAA_010.psf.pk data_postproc/Chabo_20110311_RSVPVar00a_on024_off000_S110204_RefAA_010 blanks_patt=zz_blank extfirinfo exclude_img=circ_mask off_num_sort
bin/expr_anal.py dp data_postproc/Chabo_20110311_RSVPVar00a_on024_off000_S110204_RefAA_009.psf.pk data_postproc/Chabo_20110311_RSVPVar00a_on024_off000_S110204_RefAA_009 blanks_patt=zz_blank extfirinfo exclude_img=circ_mask off_num_sort
bin/expr_anal.py dp data_postproc/Chabo_20110311_RSVPVar00a_on024_off000_S110204_RefAA_008.psf.pk data_postproc/Chabo_20110311_RSVPVar00a_on024_off000_S110204_RefAA_008 blanks_patt=zz_blank extfirinfo exclude_img=circ_mask off_num_sort
bin/expr_anal.py dp data_postproc/Chabo_20110311_RSVPVar00a_on024_off000_S110204_RefAA_007.psf.pk data_postproc/Chabo_20110311_RSVPVar00a_on024_off000_S110204_RefAA_007 blanks_patt=zz_blank extfirinfo exclude_img=circ_mask off_num_sort
bin/expr_anal.py dp data_postproc/Chabo_20110311_RSVPVar00a_on024_off000_S110204_RefAA_006.psf.pk data_postproc/Chabo_20110311_RSVPVar00a_on024_off000_S110204_RefAA_006 blanks_patt=zz_blank extfirinfo exclude_img=circ_mask off_num_sort
bin/expr_anal.py dp data_postproc/Chabo_20110311_RSVPVar00a_on024_off000_S110204_RefAA_005.psf.pk data_postproc/Chabo_20110311_RSVPVar00a_on024_off000_S110204_RefAA_005 blanks_patt=zz_blank extfirinfo exclude_img=circ_mask off_num_sort
bin/expr_anal.py dp data_postproc/Chabo_20110311_RSVPVar00a_on024_off000_S110204_RefAA_004.psf.pk data_postproc/Chabo_20110311_RSVPVar00a_on024_off000_S110204_RefAA_004 blanks_patt=zz_blank extfirinfo exclude_img=circ_mask off_num_sort
bin/expr_anal.py dp data_postproc/Chabo_20110311_RSVPVar00a_on024_off000_S110204_RefAA_003.psf.pk data_postproc/Chabo_20110311_RSVPVar00a_on024_off000_S110204_RefAA_003 blanks_patt=zz_blank extfirinfo exclude_img=circ_mask off_num_sort
bin/expr_anal.py dp data_postproc/Chabo_20110311_RSVPVar00a_on024_off000_S110204_RefAA_002.psf.pk data_postproc/Chabo_20110311_RSVPVar00a_on024_off000_S110204_RefAA_002 blanks_patt=zz_blank extfirinfo exclude_img=circ_mask off_num_sort
bin/expr_anal.py dp data_postproc/Chabo_20110311_RSVPVar00a_on024_off000_S110204_RefAA_001.psf.pk data_postproc/Chabo_20110311_RSVPVar00a_on024_off000_S110204_RefAA_001 blanks_patt=zz_blank extfirinfo exclude_img=circ_mask off_num_sort
bin/expr_anal.py dp data_postproc/Chabo_20110310_RSVPVar06a_S110204_RefAA_001.psf.pk data_postproc/Chabo_20110310_RSVPVar06a_S110204_RefAA_001 blanks_patt=zz_blank extfirinfo exclude_img=circ_mask off_num_sort
bin/expr_anal.py dp data_postproc/Chabo_20110310_RSVPVar03a_S110204_RefAA_005.psf.pk data_postproc/Chabo_20110310_RSVPVar03a_S110204_RefAA_005 blanks_patt=zz_blank extfirinfo exclude_img=circ_mask off_num_sort
bin/expr_anal.py dp data_postproc/Chabo_20110310_RSVPVar03a_S110204_RefAA_004.psf.pk data_postproc/Chabo_20110310_RSVPVar03a_S110204_RefAA_004 blanks_patt=zz_blank extfirinfo exclude_img=circ_mask off_num_sort
bin/expr_anal.py dp data_postproc/Chabo_20110310_RSVPVar03a_S110204_RefAA_003.psf.pk data_postproc/Chabo_20110310_RSVPVar03a_S110204_RefAA_003 blanks_patt=zz_blank extfirinfo exclude_img=circ_mask off_num_sort
bin/expr_anal.py dp data_postproc/Chabo_20110310_RSVPVar03a_S110204_RefAA_002.psf.pk data_postproc/Chabo_20110310_RSVPVar03a_S110204_RefAA_002 blanks_patt=zz_blank extfirinfo exclude_img=circ_mask off_num_sort
bin/expr_anal.py dp data_postproc/Chabo_20110310_RSVPVar03a_S110204_RefAA_001.psf.pk data_postproc/Chabo_20110310_RSVPVar03a_S110204_RefAA_001 blanks_patt=zz_blank extfirinfo exclude_img=circ_mask off_num_sort
bin/expr_anal.py dp data_postproc/Chabo_20110309_RSVPVar06a_S110204_RefAA_005.psf.pk data_postproc/Chabo_20110309_RSVPVar06a_S110204_RefAA_005 blanks_patt=zz_blank extfirinfo exclude_img=circ_mask off_num_sort
bin/expr_anal.py dp data_postproc/Chabo_20110309_RSVPVar06a_S110204_RefAA_004.psf.pk data_postproc/Chabo_20110309_RSVPVar06a_S110204_RefAA_004 blanks_patt=zz_blank extfirinfo exclude_img=circ_mask off_num_sort
bin/expr_anal.py dp data_postproc/Chabo_20110309_RSVPVar06a_S110204_RefAA_003.psf.pk data_postproc/Chabo_20110309_RSVPVar06a_S110204_RefAA_003 blanks_patt=zz_blank extfirinfo exclude_img=circ_mask off_num_sort
bin/expr_anal.py dp data_postproc/Chabo_20110309_RSVPVar06a_S110204_RefAA_002.psf.pk data_postproc/Chabo_20110309_RSVPVar06a_S110204_RefAA_002 blanks_patt=zz_blank extfirinfo exclude_img=circ_mask off_num_sort
bin/expr_anal.py dp data_postproc/Chabo_20110309_RSVPVar06a_S110204_RefAA_001.psf.pk data_postproc/Chabo_20110309_RSVPVar06a_S110204_RefAA_001 blanks_patt=zz_blank extfirinfo exclude_img=circ_mask off_num_sort
bin/expr_anal.py dp data_postproc/Chabo_20110309_RSVPVar03a_S110204_RefAA_005.psf.pk data_postproc/Chabo_20110309_RSVPVar03a_S110204_RefAA_005 blanks_patt=zz_blank extfirinfo exclude_img=circ_mask off_num_sort
bin/expr_anal.py dp data_postproc/Chabo_20110309_RSVPVar03a_S110204_RefAA_004.psf.pk data_postproc/Chabo_20110309_RSVPVar03a_S110204_RefAA_004 blanks_patt=zz_blank extfirinfo exclude_img=circ_mask off_num_sort
bin/expr_anal.py dp data_postproc/Chabo_20110309_RSVPVar03a_S110204_RefAA_003.psf.pk data_postproc/Chabo_20110309_RSVPVar03a_S110204_RefAA_003 blanks_patt=zz_blank extfirinfo exclude_img=circ_mask off_num_sort
bin/expr_anal.py dp data_postproc/Chabo_20110309_RSVPVar03a_S110204_RefAA_002.psf.pk data_postproc/Chabo_20110309_RSVPVar03a_S110204_RefAA_002 blanks_patt=zz_blank extfirinfo exclude_img=circ_mask off_num_sort
bin/expr_anal.py dp data_postproc/Chabo_20110309_RSVPVar03a_S110204_RefAA_001.psf.pk data_postproc/Chabo_20110309_RSVPVar03a_S110204_RefAA_001 blanks_patt=zz_blank extfirinfo exclude_img=circ_mask off_num_sort
bin/expr_anal.py dp data_postproc/Chabo_20110308_RSVPVar00a_on100_off100_S110204_RefAA_004.psf.pk data_postproc/Chabo_20110308_RSVPVar00a_on100_off100_S110204_RefAA_004 blanks_patt=zz_blank extfirinfo exclude_img=circ_mask off_num_sort
bin/expr_anal.py dp data_postproc/Chabo_20110308_RSVPVar00a_on100_off100_S110204_RefAA_003.psf.pk data_postproc/Chabo_20110308_RSVPVar00a_on100_off100_S110204_RefAA_003 blanks_patt=zz_blank extfirinfo exclude_img=circ_mask off_num_sort
bin/expr_anal.py dp data_postproc/Chabo_20110308_RSVPVar00a_on100_off100_S110204_RefAA_002.psf.pk data_postproc/Chabo_20110308_RSVPVar00a_on100_off100_S110204_RefAA_002 blanks_patt=zz_blank extfirinfo exclude_img=circ_mask off_num_sort
bin/expr_anal.py dp data_postproc/Chabo_20110308_RSVPVar00a_on100_off100_S110204_RefAA_001.psf.pk data_postproc/Chabo_20110308_RSVPVar00a_on100_off100_S110204_RefAA_001 blanks_patt=zz_blank extfirinfo exclude_img=circ_mask off_num_sort
bin/expr_anal.py dp data_postproc/Chabo_20110308_RSVPVar00a_on024_off100_S110204_RefAA_008.psf.pk data_postproc/Chabo_20110308_RSVPVar00a_on024_off100_S110204_RefAA_008 blanks_patt=zz_blank extfirinfo exclude_img=circ_mask off_num_sort
bin/expr_anal.py dp data_postproc/Chabo_20110308_RSVPVar00a_on024_off100_S110204_RefAA_007.psf.pk data_postproc/Chabo_20110308_RSVPVar00a_on024_off100_S110204_RefAA_007 blanks_patt=zz_blank extfirinfo exclude_img=circ_mask off_num_sort
bin/expr_anal.py dp data_postproc/Chabo_20110308_RSVPVar00a_on024_off100_S110204_RefAA_006.psf.pk data_postproc/Chabo_20110308_RSVPVar00a_on024_off100_S110204_RefAA_006 blanks_patt=zz_blank extfirinfo exclude_img=circ_mask off_num_sort
bin/expr_anal.py dp data_postproc/Chabo_20110308_RSVPVar00a_on024_off100_S110204_RefAA_005.psf.pk data_postproc/Chabo_20110308_RSVPVar00a_on024_off100_S110204_RefAA_005 blanks_patt=zz_blank extfirinfo exclude_img=circ_mask off_num_sort
bin/expr_anal.py dp data_postproc/Chabo_20110308_RSVPVar00a_on024_off024_S110204_RefAA_014.psf.pk data_postproc/Chabo_20110308_RSVPVar00a_on024_off024_S110204_RefAA_014 blanks_patt=zz_blank extfirinfo exclude_img=circ_mask off_num_sort
bin/expr_anal.py dp data_postproc/Chabo_20110308_RSVPVar00a_on024_off024_S110204_RefAA_013.psf.pk data_postproc/Chabo_20110308_RSVPVar00a_on024_off024_S110204_RefAA_013 blanks_patt=zz_blank extfirinfo exclude_img=circ_mask off_num_sort
bin/expr_anal.py dp data_postproc/Chabo_20110308_RSVPVar00a_on024_off024_S110204_RefAA_012.psf.pk data_postproc/Chabo_20110308_RSVPVar00a_on024_off024_S110204_RefAA_012 blanks_patt=zz_blank extfirinfo exclude_img=circ_mask off_num_sort
bin/expr_anal.py dp data_postproc/Chabo_20110308_RSVPVar00a_on024_off024_S110204_RefAA_011.psf.pk data_postproc/Chabo_20110308_RSVPVar00a_on024_off024_S110204_RefAA_011 blanks_patt=zz_blank extfirinfo exclude_img=circ_mask off_num_sort
bin/expr_anal.py dp data_postproc/Chabo_20110308_RSVPVar00a_on024_off024_S110204_RefAA_010.psf.pk data_postproc/Chabo_20110308_RSVPVar00a_on024_off024_S110204_RefAA_010 blanks_patt=zz_blank extfirinfo exclude_img=circ_mask off_num_sort
bin/expr_anal.py dp data_postproc/Chabo_20110308_RSVPVar00a_on024_off024_S110204_RefAA_009.psf.pk data_postproc/Chabo_20110308_RSVPVar00a_on024_off024_S110204_RefAA_009 blanks_patt=zz_blank extfirinfo exclude_img=circ_mask off_num_sort
bin/expr_anal.py dp data_postproc/Chabo_20110308_RSVPNicole305_S110204_RefAA_001.psf.pk data_postproc/Chabo_20110308_RSVPNicole305_S110204_RefAA_001 blanks=300,306 bootstrap=200 suffix=_bstrp extbsinfo=data_postproc/Chabo_20110308_RSVPNicole305_S110204_RefAA_001.dp_extbsinfo.csv extfirinfo
bin/expr_anal.py dp data_postproc/Chabo_20110308_RSVPNicole10x6_S110204_RefAA_001.psf.pk data_postproc/Chabo_20110308_RSVPNicole10x6_S110204_RefAA_001 blanks=60,62 bootstrap=200 suffix=_bstrp extbsinfo=data_postproc/Chabo_20110308_RSVPNicole10x6_S110204_RefAA_001.dp_extbsinfo.csv extfirinfo
bin/expr_anal.py dp data_postproc/Chabo_20110307_RSVPVar03a_5deg_S110204_RefAA_007.psf.pk data_postproc/Chabo_20110307_RSVPVar03a_5deg_S110204_RefAA_007 blanks_patt=zz_blank extfirinfo exclude_img=circ_mask off_num_sort
bin/expr_anal.py dp data_postproc/Chabo_20110307_RSVPVar03a_5deg_S110204_RefAA_006.psf.pk data_postproc/Chabo_20110307_RSVPVar03a_5deg_S110204_RefAA_006 blanks_patt=zz_blank extfirinfo exclude_img=circ_mask off_num_sort
bin/expr_anal.py dp data_postproc/Chabo_20110307_RSVPVar03a_5deg_S110204_RefAA_005.psf.pk data_postproc/Chabo_20110307_RSVPVar03a_5deg_S110204_RefAA_005 blanks_patt=zz_blank extfirinfo exclude_img=circ_mask off_num_sort
bin/expr_anal.py dp data_postproc/Chabo_20110307_RSVPVar03a_5deg_S110204_RefAA_004.psf.pk data_postproc/Chabo_20110307_RSVPVar03a_5deg_S110204_RefAA_004 blanks_patt=zz_blank extfirinfo exclude_img=circ_mask off_num_sort
bin/expr_anal.py dp data_postproc/Chabo_20110307_RSVPVar03a_5deg_S110204_RefAA_003.psf.pk data_postproc/Chabo_20110307_RSVPVar03a_5deg_S110204_RefAA_003 blanks_patt=zz_blank extfirinfo exclude_img=circ_mask off_num_sort
bin/expr_anal.py dp data_postproc/Chabo_20110307_RSVPVar03a_5deg_S110204_RefAA_002.psf.pk data_postproc/Chabo_20110307_RSVPVar03a_5deg_S110204_RefAA_002 blanks_patt=zz_blank extfirinfo exclude_img=circ_mask off_num_sort
bin/expr_anal.py dp data_postproc/Chabo_20110307_RSVPVar03a_5deg_S110204_RefAA_001.psf.pk data_postproc/Chabo_20110307_RSVPVar03a_5deg_S110204_RefAA_001 blanks_patt=zz_blank extfirinfo exclude_img=circ_mask off_num_sort
bin/expr_anal.py dp data_postproc/Chabo_20110306_RSVPVar00a_on100_off100_S110204_RefAA_002.psf.pk data_postproc/Chabo_20110306_RSVPVar00a_on100_off100_S110204_RefAA_002 blanks_patt=zz_blank extfirinfo exclude_img=circ_mask off_num_sort
bin/expr_anal.py dp data_postproc/Chabo_20110306_RSVPVar00a_on100_off100_S110204_RefAA_001.psf.pk data_postproc/Chabo_20110306_RSVPVar00a_on100_off100_S110204_RefAA_001 blanks_patt=zz_blank extfirinfo exclude_img=circ_mask off_num_sort
bin/expr_anal.py dp data_postproc/Chabo_20110306_RSVPVar00a_on024_off100_S110204_RefAA_006.psf.pk data_postproc/Chabo_20110306_RSVPVar00a_on024_off100_S110204_RefAA_006 blanks_patt=zz_blank extfirinfo exclude_img=circ_mask off_num_sort
bin/expr_anal.py dp data_postproc/Chabo_20110306_RSVPVar00a_on024_off100_S110204_RefAA_005.psf.pk data_postproc/Chabo_20110306_RSVPVar00a_on024_off100_S110204_RefAA_005 blanks_patt=zz_blank extfirinfo exclude_img=circ_mask off_num_sort
bin/expr_anal.py dp data_postproc/Chabo_20110306_RSVPVar00a_on024_off100_S110204_RefAA_004.psf.pk data_postproc/Chabo_20110306_RSVPVar00a_on024_off100_S110204_RefAA_004 blanks_patt=zz_blank extfirinfo exclude_img=circ_mask off_num_sort
bin/expr_anal.py dp data_postproc/Chabo_20110306_RSVPVar00a_on024_off100_S110204_RefAA_003.psf.pk data_postproc/Chabo_20110306_RSVPVar00a_on024_off100_S110204_RefAA_003 blanks_patt=zz_blank extfirinfo exclude_img=circ_mask off_num_sort
bin/expr_anal.py dp data_postproc/Chabo_20110306_RSVPVar00a_on024_off024_S110204_RefAA_015.psf.pk data_postproc/Chabo_20110306_RSVPVar00a_on024_off024_S110204_RefAA_015 blanks_patt=zz_blank extfirinfo exclude_img=circ_mask off_num_sort
bin/expr_anal.py dp data_postproc/Chabo_20110306_RSVPVar00a_on024_off024_S110204_RefAA_014.psf.pk data_postproc/Chabo_20110306_RSVPVar00a_on024_off024_S110204_RefAA_014 blanks_patt=zz_blank extfirinfo exclude_img=circ_mask off_num_sort
bin/expr_anal.py dp data_postproc/Chabo_20110306_RSVPVar00a_on024_off024_S110204_RefAA_013.psf.pk data_postproc/Chabo_20110306_RSVPVar00a_on024_off024_S110204_RefAA_013 blanks_patt=zz_blank extfirinfo exclude_img=circ_mask off_num_sort
bin/expr_anal.py dp data_postproc/Chabo_20110306_RSVPVar00a_on024_off024_S110204_RefAA_012.psf.pk data_postproc/Chabo_20110306_RSVPVar00a_on024_off024_S110204_RefAA_012 blanks_patt=zz_blank extfirinfo exclude_img=circ_mask off_num_sort
bin/expr_anal.py dp data_postproc/Chabo_20110306_RSVPVar00a_on024_off024_S110204_RefAA_011.psf.pk data_postproc/Chabo_20110306_RSVPVar00a_on024_off024_S110204_RefAA_011 blanks_patt=zz_blank extfirinfo exclude_img=circ_mask off_num_sort
bin/expr_anal.py dp data_postproc/Chabo_20110306_RSVPVar00a_on024_off024_S110204_RefAA_010.psf.pk data_postproc/Chabo_20110306_RSVPVar00a_on024_off024_S110204_RefAA_010 blanks_patt=zz_blank extfirinfo exclude_img=circ_mask off_num_sort
bin/expr_anal.py dp data_postproc/Chabo_20110306_RSVPVar00a_on024_off024_S110204_RefAA_009.psf.pk data_postproc/Chabo_20110306_RSVPVar00a_on024_off024_S110204_RefAA_009 blanks_patt=zz_blank extfirinfo exclude_img=circ_mask off_num_sort
bin/expr_anal.py dp data_postproc/Chabo_20110306_RSVPVar00a_on024_off024_S110204_RefAA_008.psf.pk data_postproc/Chabo_20110306_RSVPVar00a_on024_off024_S110204_RefAA_008 blanks_patt=zz_blank extfirinfo exclude_img=circ_mask off_num_sort
bin/expr_anal.py dp data_postproc/Chabo_20110306_RSVPVar00a_on024_off024_S110204_RefAA_007.psf.pk data_postproc/Chabo_20110306_RSVPVar00a_on024_off024_S110204_RefAA_007 blanks_patt=zz_blank extfirinfo exclude_img=circ_mask off_num_sort
bin/expr_anal.py dp data_postproc/Chabo_20110305_RSVPVar00a_on100_off100_S110204_RefAA_003.psf.pk data_postproc/Chabo_20110305_RSVPVar00a_on100_off100_S110204_RefAA_003 blanks_patt=zz_blank extfirinfo exclude_img=circ_mask off_num_sort
bin/expr_anal.py dp data_postproc/Chabo_20110305_RSVPVar00a_on100_off100_S110204_RefAA_002.psf.pk data_postproc/Chabo_20110305_RSVPVar00a_on100_off100_S110204_RefAA_002 blanks_patt=zz_blank extfirinfo exclude_img=circ_mask off_num_sort
bin/expr_anal.py dp data_postproc/Chabo_20110305_RSVPVar00a_on100_off100_S110204_RefAA_001.psf.pk data_postproc/Chabo_20110305_RSVPVar00a_on100_off100_S110204_RefAA_001 blanks_patt=zz_blank extfirinfo exclude_img=circ_mask off_num_sort
bin/expr_anal.py dp data_postproc/Chabo_20110305_RSVPVar00a_on024_off100_S110204_RefAA_009.psf.pk data_postproc/Chabo_20110305_RSVPVar00a_on024_off100_S110204_RefAA_009 blanks_patt=zz_blank extfirinfo exclude_img=circ_mask off_num_sort
bin/expr_anal.py dp data_postproc/Chabo_20110305_RSVPVar00a_on024_off100_S110204_RefAA_008.psf.pk data_postproc/Chabo_20110305_RSVPVar00a_on024_off100_S110204_RefAA_008 blanks_patt=zz_blank extfirinfo exclude_img=circ_mask off_num_sort
bin/expr_anal.py dp data_postproc/Chabo_20110305_RSVPVar00a_on024_off100_S110204_RefAA_007.psf.pk data_postproc/Chabo_20110305_RSVPVar00a_on024_off100_S110204_RefAA_007 blanks_patt=zz_blank extfirinfo exclude_img=circ_mask off_num_sort
bin/expr_anal.py dp data_postproc/Chabo_20110305_RSVPVar00a_on024_off100_S110204_RefAA_006.psf.pk data_postproc/Chabo_20110305_RSVPVar00a_on024_off100_S110204_RefAA_006 blanks_patt=zz_blank extfirinfo exclude_img=circ_mask off_num_sort
bin/expr_anal.py dp data_postproc/Chabo_20110305_RSVPVar00a_on024_off100_S110204_RefAA_005.psf.pk data_postproc/Chabo_20110305_RSVPVar00a_on024_off100_S110204_RefAA_005 blanks_patt=zz_blank extfirinfo exclude_img=circ_mask off_num_sort
bin/expr_anal.py dp data_postproc/Chabo_20110305_RSVPVar00a_on024_off100_S110204_RefAA_004.psf.pk data_postproc/Chabo_20110305_RSVPVar00a_on024_off100_S110204_RefAA_004 blanks_patt=zz_blank extfirinfo exclude_img=circ_mask off_num_sort
bin/expr_anal.py dp data_postproc/Chabo_20110305_RSVPVar00a_on024_off024_S110204_RefAA_015.psf.pk data_postproc/Chabo_20110305_RSVPVar00a_on024_off024_S110204_RefAA_015 blanks_patt=zz_blank extfirinfo exclude_img=circ_mask off_num_sort
bin/expr_anal.py dp data_postproc/Chabo_20110305_RSVPVar00a_on024_off024_S110204_RefAA_014.psf.pk data_postproc/Chabo_20110305_RSVPVar00a_on024_off024_S110204_RefAA_014 blanks_patt=zz_blank extfirinfo exclude_img=circ_mask off_num_sort
bin/expr_anal.py dp data_postproc/Chabo_20110305_RSVPVar00a_on024_off024_S110204_RefAA_013.psf.pk data_postproc/Chabo_20110305_RSVPVar00a_on024_off024_S110204_RefAA_013 blanks_patt=zz_blank extfirinfo exclude_img=circ_mask off_num_sort
bin/expr_anal.py dp data_postproc/Chabo_20110305_RSVPVar00a_on024_off024_S110204_RefAA_012.psf.pk data_postproc/Chabo_20110305_RSVPVar00a_on024_off024_S110204_RefAA_012 blanks_patt=zz_blank extfirinfo exclude_img=circ_mask off_num_sort
bin/expr_anal.py dp data_postproc/Chabo_20110305_RSVPVar00a_on024_off024_S110204_RefAA_011.psf.pk data_postproc/Chabo_20110305_RSVPVar00a_on024_off024_S110204_RefAA_011 blanks_patt=zz_blank extfirinfo exclude_img=circ_mask off_num_sort
bin/expr_anal.py dp data_postproc/Chabo_20110305_RSVPVar00a_on024_off024_S110204_RefAA_010.psf.pk data_postproc/Chabo_20110305_RSVPVar00a_on024_off024_S110204_RefAA_010 blanks_patt=zz_blank extfirinfo exclude_img=circ_mask off_num_sort
bin/expr_anal.py dp data_postproc/Chabo_20110304_RSVPVar03a_S110204_RefAA_003.psf.pk data_postproc/Chabo_20110304_RSVPVar03a_S110204_RefAA_003 blanks_patt=zz_blank extfirinfo exclude_img=circ_mask off_num_sort
bin/expr_anal.py dp data_postproc/Chabo_20110304_RSVPVar03a_S110204_RefAA_002.psf.pk data_postproc/Chabo_20110304_RSVPVar03a_S110204_RefAA_002 blanks_patt=zz_blank extfirinfo exclude_img=circ_mask off_num_sort
bin/expr_anal.py dp data_postproc/Chabo_20110304_RSVPVar03a_S110204_RefAA_001.psf.pk data_postproc/Chabo_20110304_RSVPVar03a_S110204_RefAA_001 blanks_patt=zz_blank extfirinfo exclude_img=circ_mask off_num_sort
bin/expr_anal.py dp data_postproc/Chabo_20110304_RSVPVar00a_on100_off100_S110204_RefAA_002.psf.pk data_postproc/Chabo_20110304_RSVPVar00a_on100_off100_S110204_RefAA_002 blanks_patt=zz_blank extfirinfo exclude_img=circ_mask off_num_sort
bin/expr_anal.py dp data_postproc/Chabo_20110304_RSVPVar00a_on100_off100_S110204_RefAA_001.psf.pk data_postproc/Chabo_20110304_RSVPVar00a_on100_off100_S110204_RefAA_001 blanks_patt=zz_blank extfirinfo exclude_img=circ_mask off_num_sort
bin/expr_anal.py dp data_postproc/Chabo_20110304_RSVPVar00a_on024_off100_S110204_RefAA_005.psf.pk data_postproc/Chabo_20110304_RSVPVar00a_on024_off100_S110204_RefAA_005 blanks_patt=zz_blank extfirinfo exclude_img=circ_mask off_num_sort
bin/expr_anal.py dp data_postproc/Chabo_20110304_RSVPVar00a_on024_off100_S110204_RefAA_004.psf.pk data_postproc/Chabo_20110304_RSVPVar00a_on024_off100_S110204_RefAA_004 blanks_patt=zz_blank extfirinfo exclude_img=circ_mask off_num_sort
bin/expr_anal.py dp data_postproc/Chabo_20110304_RSVPVar00a_on024_off100_S110204_RefAA_003.psf.pk data_postproc/Chabo_20110304_RSVPVar00a_on024_off100_S110204_RefAA_003 blanks_patt=zz_blank extfirinfo exclude_img=circ_mask off_num_sort
bin/expr_anal.py dp data_postproc/Chabo_20110304_RSVPVar00a_on024_off024_S110204_RefAA_010.psf.pk data_postproc/Chabo_20110304_RSVPVar00a_on024_off024_S110204_RefAA_010 blanks_patt=zz_blank extfirinfo exclude_img=circ_mask off_num_sort
bin/expr_anal.py dp data_postproc/Chabo_20110304_RSVPVar00a_on024_off024_S110204_RefAA_009.psf.pk data_postproc/Chabo_20110304_RSVPVar00a_on024_off024_S110204_RefAA_009 blanks_patt=zz_blank extfirinfo exclude_img=circ_mask off_num_sort
bin/expr_anal.py dp data_postproc/Chabo_20110304_RSVPVar00a_on024_off024_S110204_RefAA_008.psf.pk data_postproc/Chabo_20110304_RSVPVar00a_on024_off024_S110204_RefAA_008 blanks_patt=zz_blank extfirinfo exclude_img=circ_mask off_num_sort
bin/expr_anal.py dp data_postproc/Chabo_20110304_RSVPVar00a_on024_off024_S110204_RefAA_007.psf.pk data_postproc/Chabo_20110304_RSVPVar00a_on024_off024_S110204_RefAA_007 blanks_patt=zz_blank extfirinfo exclude_img=circ_mask off_num_sort
bin/expr_anal.py dp data_postproc/Chabo_20110304_RSVPVar00a_on024_off024_S110204_RefAA_006.psf.pk data_postproc/Chabo_20110304_RSVPVar00a_on024_off024_S110204_RefAA_006 blanks_patt=zz_blank extfirinfo exclude_img=circ_mask off_num_sort
bin/expr_anal.py dp data_postproc/Chabo_20110303_RSVPNicole305_S110204_RefPA_003.psf.pk data_postproc/Chabo_20110303_RSVPNicole305_S110204_RefPA_003 blanks=300,306 bootstrap=200 suffix=_bstrp extbsinfo=data_postproc/Chabo_20110303_RSVPNicole305_S110204_RefPA_003.dp_extbsinfo.csv extfirinfo
bin/expr_anal.py dp data_postproc/Chabo_20110303_RSVPNicole305_S110204_RefMA_002.psf.pk data_postproc/Chabo_20110303_RSVPNicole305_S110204_RefMA_002 blanks=300,306 bootstrap=200 suffix=_bstrp extbsinfo=data_postproc/Chabo_20110303_RSVPNicole305_S110204_RefMA_002.dp_extbsinfo.csv extfirinfo
bin/expr_anal.py dp data_postproc/Chabo_20110303_RSVPNicole305_S110204_RefAA_001.psf.pk data_postproc/Chabo_20110303_RSVPNicole305_S110204_RefAA_001 blanks=300,306 bootstrap=200 suffix=_bstrp extbsinfo=data_postproc/Chabo_20110303_RSVPNicole305_S110204_RefAA_001.dp_extbsinfo.csv extfirinfo
bin/expr_anal.py dp data_postproc/Chabo_20110303_RSVPNicole10x6_S110204_RefPA_006.psf.pk data_postproc/Chabo_20110303_RSVPNicole10x6_S110204_RefPA_006 blanks=60,62 bootstrap=200 suffix=_bstrp extbsinfo=data_postproc/Chabo_20110303_RSVPNicole10x6_S110204_RefPA_006.dp_extbsinfo.csv extfirinfo
bin/expr_anal.py dp data_postproc/Chabo_20110303_RSVPNicole10x6_S110204_RefPA_005.psf.pk data_postproc/Chabo_20110303_RSVPNicole10x6_S110204_RefPA_005 blanks=60,62 bootstrap=200 suffix=_bstrp extbsinfo=data_postproc/Chabo_20110303_RSVPNicole10x6_S110204_RefPA_005.dp_extbsinfo.csv extfirinfo
bin/expr_anal.py dp data_postproc/Chabo_20110303_RSVPNicole10x6_S110204_RefMA_004.psf.pk data_postproc/Chabo_20110303_RSVPNicole10x6_S110204_RefMA_004 blanks=60,62 bootstrap=200 suffix=_bstrp extbsinfo=data_postproc/Chabo_20110303_RSVPNicole10x6_S110204_RefMA_004.dp_extbsinfo.csv extfirinfo
bin/expr_anal.py dp data_postproc/Chabo_20110303_RSVPNicole10x6_S110204_RefMA_003.psf.pk data_postproc/Chabo_20110303_RSVPNicole10x6_S110204_RefMA_003 blanks=60,62 bootstrap=200 suffix=_bstrp extbsinfo=data_postproc/Chabo_20110303_RSVPNicole10x6_S110204_RefMA_003.dp_extbsinfo.csv extfirinfo
bin/expr_anal.py dp data_postproc/Chabo_20110303_RSVPNicole10x6_S110204_RefAA_002.psf.pk data_postproc/Chabo_20110303_RSVPNicole10x6_S110204_RefAA_002 blanks=60,62 bootstrap=200 suffix=_bstrp extbsinfo=data_postproc/Chabo_20110303_RSVPNicole10x6_S110204_RefAA_002.dp_extbsinfo.csv extfirinfo
bin/expr_anal.py dp data_postproc/Chabo_20110303_RSVPNicole10x6_S110204_RefAA_001.psf.pk data_postproc/Chabo_20110303_RSVPNicole10x6_S110204_RefAA_001 blanks=60,62 bootstrap=200 suffix=_bstrp extbsinfo=data_postproc/Chabo_20110303_RSVPNicole10x6_S110204_RefAA_001.dp_extbsinfo.csv extfirinfo
bin/expr_anal.py dp data_postproc/Chabo_20110302_RSVPNicole305_S110204_006.psf.pk data_postproc/Chabo_20110302_RSVPNicole305_S110204_006 blanks=300,306 bootstrap=200 suffix=_bstrp extbsinfo=data_postproc/Chabo_20110302_RSVPNicole305_S110204_006.dp_extbsinfo.csv extfirinfo
bin/expr_anal.py dp data_postproc/Chabo_20110302_RSVPNicole305_S110204_005.psf.pk data_postproc/Chabo_20110302_RSVPNicole305_S110204_005 blanks=300,306 bootstrap=200 suffix=_bstrp extbsinfo=data_postproc/Chabo_20110302_RSVPNicole305_S110204_005.dp_extbsinfo.csv extfirinfo
bin/expr_anal.py dp data_postproc/Chabo_20110302_RSVPNicole305_S110204_004.psf.pk data_postproc/Chabo_20110302_RSVPNicole305_S110204_004 blanks=300,306 bootstrap=200 suffix=_bstrp extbsinfo=data_postproc/Chabo_20110302_RSVPNicole305_S110204_004.dp_extbsinfo.csv extfirinfo
bin/expr_anal.py dp data_postproc/Chabo_20110302_RSVPNicole305_S110204_003.psf.pk data_postproc/Chabo_20110302_RSVPNicole305_S110204_003 blanks=300,306 bootstrap=200 suffix=_bstrp extbsinfo=data_postproc/Chabo_20110302_RSVPNicole305_S110204_003.dp_extbsinfo.csv extfirinfo
bin/expr_anal.py dp data_postproc/Chabo_20110302_RSVPNicole305_S110204_002.psf.pk data_postproc/Chabo_20110302_RSVPNicole305_S110204_002 blanks=300,306 bootstrap=200 suffix=_bstrp extbsinfo=data_postproc/Chabo_20110302_RSVPNicole305_S110204_002.dp_extbsinfo.csv extfirinfo
bin/expr_anal.py dp data_postproc/Chabo_20110302_RSVPNicole305_S110204_001.psf.pk data_postproc/Chabo_20110302_RSVPNicole305_S110204_001 blanks=300,306 bootstrap=200 suffix=_bstrp extbsinfo=data_postproc/Chabo_20110302_RSVPNicole305_S110204_001.dp_extbsinfo.csv extfirinfo
bin/expr_anal.py dp data_postproc/Chabo_20110302_RSVPNicole10x6_S110204_006.psf.pk data_postproc/Chabo_20110302_RSVPNicole10x6_S110204_006 blanks=60,62 bootstrap=200 suffix=_bstrp extbsinfo=data_postproc/Chabo_20110302_RSVPNicole10x6_S110204_006.dp_extbsinfo.csv extfirinfo
bin/expr_anal.py dp data_postproc/Chabo_20110302_RSVPNicole10x6_S110204_005.psf.pk data_postproc/Chabo_20110302_RSVPNicole10x6_S110204_005 blanks=60,62 bootstrap=200 suffix=_bstrp extbsinfo=data_postproc/Chabo_20110302_RSVPNicole10x6_S110204_005.dp_extbsinfo.csv extfirinfo
bin/expr_anal.py dp data_postproc/Chabo_20110302_RSVPNicole10x6_S110204_004.psf.pk data_postproc/Chabo_20110302_RSVPNicole10x6_S110204_004 blanks=60,62 bootstrap=200 suffix=_bstrp extbsinfo=data_postproc/Chabo_20110302_RSVPNicole10x6_S110204_004.dp_extbsinfo.csv extfirinfo
bin/expr_anal.py dp data_postproc/Chabo_20110302_RSVPNicole10x6_S110204_003.psf.pk data_postproc/Chabo_20110302_RSVPNicole10x6_S110204_003 blanks=60,62 bootstrap=200 suffix=_bstrp extbsinfo=data_postproc/Chabo_20110302_RSVPNicole10x6_S110204_003.dp_extbsinfo.csv extfirinfo
bin/expr_anal.py dp data_postproc/Chabo_20110302_RSVPNicole10x6_S110204_002.psf.pk data_postproc/Chabo_20110302_RSVPNicole10x6_S110204_002 blanks=60,62 bootstrap=200 suffix=_bstrp extbsinfo=data_postproc/Chabo_20110302_RSVPNicole10x6_S110204_002.dp_extbsinfo.csv extfirinfo
bin/expr_anal.py dp data_postproc/Chabo_20110302_RSVPNicole10x6_S110204_001.psf.pk data_postproc/Chabo_20110302_RSVPNicole10x6_S110204_001 blanks=60,62 bootstrap=200 suffix=_bstrp extbsinfo=data_postproc/Chabo_20110302_RSVPNicole10x6_S110204_001.dp_extbsinfo.csv extfirinfo
bin/expr_anal.py dp data_postproc/Chabo_20110301_RSVPVar00a_S110204_006.psf.pk data_postproc/Chabo_20110301_RSVPVar00a_S110204_006 blanks_patt=zz_blank extfirinfo exclude_img=circ_mask off_num_sort
bin/expr_anal.py dp data_postproc/Chabo_20110301_RSVPVar00a_S110204_005.psf.pk data_postproc/Chabo_20110301_RSVPVar00a_S110204_005 blanks_patt=zz_blank extfirinfo exclude_img=circ_mask off_num_sort
bin/expr_anal.py dp data_postproc/Chabo_20110301_RSVPVar00a_S110204_004.psf.pk data_postproc/Chabo_20110301_RSVPVar00a_S110204_004 blanks_patt=zz_blank extfirinfo exclude_img=circ_mask off_num_sort
bin/expr_anal.py dp data_postproc/Chabo_20110301_RSVPVar00a_S110204_003.psf.pk data_postproc/Chabo_20110301_RSVPVar00a_S110204_003 blanks_patt=zz_blank extfirinfo exclude_img=circ_mask off_num_sort
bin/expr_anal.py dp data_postproc/Chabo_20110301_RSVPVar00a_S110204_002.psf.pk data_postproc/Chabo_20110301_RSVPVar00a_S110204_002 blanks_patt=zz_blank extfirinfo exclude_img=circ_mask off_num_sort
bin/expr_anal.py dp data_postproc/Chabo_20110301_RSVPVar00a_S110204_001.psf.pk data_postproc/Chabo_20110301_RSVPVar00a_S110204_001 blanks_patt=zz_blank extfirinfo exclude_img=circ_mask off_num_sort
bin/expr_anal.py dp data_postproc/Chabo_20110301_RSVPNicole305_S110204_002.psf.pk data_postproc/Chabo_20110301_RSVPNicole305_S110204_002 blanks=300,306 bootstrap=200 suffix=_bstrp extbsinfo=data_postproc/Chabo_20110301_RSVPNicole305_S110204_002.dp_extbsinfo.csv extfirinfo
bin/expr_anal.py dp data_postproc/Chabo_20110301_RSVPNicole305_S110204_001.psf.pk data_postproc/Chabo_20110301_RSVPNicole305_S110204_001 blanks=300,306 bootstrap=200 suffix=_bstrp extbsinfo=data_postproc/Chabo_20110301_RSVPNicole305_S110204_001.dp_extbsinfo.csv extfirinfo
bin/expr_anal.py dp data_postproc/Chabo_20110301_RSVPNicole10x6_S110204_002.psf.pk data_postproc/Chabo_20110301_RSVPNicole10x6_S110204_002 blanks=60,62 bootstrap=200 suffix=_bstrp extbsinfo=data_postproc/Chabo_20110301_RSVPNicole10x6_S110204_002.dp_extbsinfo.csv extfirinfo
bin/expr_anal.py dp data_postproc/Chabo_20110301_RSVPNicole10x6_S110204_001.psf.pk data_postproc/Chabo_20110301_RSVPNicole10x6_S110204_001 blanks=60,62 bootstrap=200 suffix=_bstrp extbsinfo=data_postproc/Chabo_20110301_RSVPNicole10x6_S110204_001.dp_extbsinfo.csv extfirinfo
bin/expr_anal.py dp data_postproc/Chabo_20110228_RSVPVar06a_S110204_006.psf.pk data_postproc/Chabo_20110228_RSVPVar06a_S110204_006 blanks_patt=zz_blank extfirinfo exclude_img=circ_mask off_num_sort
bin/expr_anal.py dp data_postproc/Chabo_20110228_RSVPVar06a_S110204_005.psf.pk data_postproc/Chabo_20110228_RSVPVar06a_S110204_005 blanks_patt=zz_blank extfirinfo exclude_img=circ_mask off_num_sort
bin/expr_anal.py dp data_postproc/Chabo_20110228_RSVPVar06a_S110204_004.psf.pk data_postproc/Chabo_20110228_RSVPVar06a_S110204_004 blanks_patt=zz_blank extfirinfo exclude_img=circ_mask off_num_sort
bin/expr_anal.py dp data_postproc/Chabo_20110228_RSVPVar06a_S110204_003.psf.pk data_postproc/Chabo_20110228_RSVPVar06a_S110204_003 blanks_patt=zz_blank extfirinfo exclude_img=circ_mask off_num_sort
bin/expr_anal.py dp data_postproc/Chabo_20110228_RSVPVar06a_S110204_002.psf.pk data_postproc/Chabo_20110228_RSVPVar06a_S110204_002 blanks_patt=zz_blank extfirinfo exclude_img=circ_mask off_num_sort
bin/expr_anal.py dp data_postproc/Chabo_20110228_RSVPVar06a_S110204_001.psf.pk data_postproc/Chabo_20110228_RSVPVar06a_S110204_001 blanks_patt=zz_blank extfirinfo exclude_img=circ_mask off_num_sort
bin/expr_anal.py dp data_postproc/Chabo_20110227_RSVPVar03a_S110204_006.psf.pk data_postproc/Chabo_20110227_RSVPVar03a_S110204_006 blanks_patt=zz_blank extfirinfo exclude_img=circ_mask off_num_sort
bin/expr_anal.py dp data_postproc/Chabo_20110227_RSVPVar03a_S110204_005.psf.pk data_postproc/Chabo_20110227_RSVPVar03a_S110204_005 blanks_patt=zz_blank extfirinfo exclude_img=circ_mask off_num_sort
bin/expr_anal.py dp data_postproc/Chabo_20110227_RSVPVar03a_S110204_004.psf.pk data_postproc/Chabo_20110227_RSVPVar03a_S110204_004 blanks_patt=zz_blank extfirinfo exclude_img=circ_mask off_num_sort
bin/expr_anal.py dp data_postproc/Chabo_20110227_RSVPVar03a_S110204_003.psf.pk data_postproc/Chabo_20110227_RSVPVar03a_S110204_003 blanks_patt=zz_blank extfirinfo exclude_img=circ_mask off_num_sort
bin/expr_anal.py dp data_postproc/Chabo_20110227_RSVPVar03a_S110204_002.psf.pk data_postproc/Chabo_20110227_RSVPVar03a_S110204_002 blanks_patt=zz_blank extfirinfo exclude_img=circ_mask off_num_sort
bin/expr_anal.py dp data_postproc/Chabo_20110227_RSVPVar03a_S110204_001.psf.pk data_postproc/Chabo_20110227_RSVPVar03a_S110204_001 blanks_patt=zz_blank extfirinfo exclude_img=circ_mask off_num_sort
bin/expr_anal.py dp data_postproc/Chabo_20110226_RSVPVar00a_S110204_006.psf.pk data_postproc/Chabo_20110226_RSVPVar00a_S110204_006 blanks_patt=zz_blank extfirinfo exclude_img=circ_mask off_num_sort
bin/expr_anal.py dp data_postproc/Chabo_20110226_RSVPVar00a_S110204_005.psf.pk data_postproc/Chabo_20110226_RSVPVar00a_S110204_005 blanks_patt=zz_blank extfirinfo exclude_img=circ_mask off_num_sort
bin/expr_anal.py dp data_postproc/Chabo_20110226_RSVPVar00a_S110204_004.psf.pk data_postproc/Chabo_20110226_RSVPVar00a_S110204_004 blanks_patt=zz_blank extfirinfo exclude_img=circ_mask off_num_sort
bin/expr_anal.py dp data_postproc/Chabo_20110226_RSVPVar00a_S110204_003.psf.pk data_postproc/Chabo_20110226_RSVPVar00a_S110204_003 blanks_patt=zz_blank extfirinfo exclude_img=circ_mask off_num_sort
bin/expr_anal.py dp data_postproc/Chabo_20110226_RSVPVar00a_S110204_002.psf.pk data_postproc/Chabo_20110226_RSVPVar00a_S110204_002 blanks_patt=zz_blank extfirinfo exclude_img=circ_mask off_num_sort
bin/expr_anal.py dp data_postproc/Chabo_20110226_RSVPVar00a_S110204_001.psf.pk data_postproc/Chabo_20110226_RSVPVar00a_S110204_001 blanks_patt=zz_blank extfirinfo exclude_img=circ_mask off_num_sort
bin/expr_anal.py dp data_postproc/Chabo_20110225_RSVPVar06a_S110204_006.psf.pk data_postproc/Chabo_20110225_RSVPVar06a_S110204_006 blanks_patt=zz_blank extfirinfo exclude_img=circ_mask off_num_sort
bin/expr_anal.py dp data_postproc/Chabo_20110225_RSVPVar06a_S110204_005.psf.pk data_postproc/Chabo_20110225_RSVPVar06a_S110204_005 blanks_patt=zz_blank extfirinfo exclude_img=circ_mask off_num_sort
bin/expr_anal.py dp data_postproc/Chabo_20110225_RSVPVar06a_S110204_004.psf.pk data_postproc/Chabo_20110225_RSVPVar06a_S110204_004 blanks_patt=zz_blank extfirinfo exclude_img=circ_mask off_num_sort
bin/expr_anal.py dp data_postproc/Chabo_20110225_RSVPVar06a_S110204_003.psf.pk data_postproc/Chabo_20110225_RSVPVar06a_S110204_003 blanks_patt=zz_blank extfirinfo exclude_img=circ_mask off_num_sort
bin/expr_anal.py dp data_postproc/Chabo_20110225_RSVPVar06a_S110204_002.psf.pk data_postproc/Chabo_20110225_RSVPVar06a_S110204_002 blanks_patt=zz_blank extfirinfo exclude_img=circ_mask off_num_sort
bin/expr_anal.py dp data_postproc/Chabo_20110225_RSVPVar06a_S110204_001.psf.pk data_postproc/Chabo_20110225_RSVPVar06a_S110204_001 blanks_patt=zz_blank extfirinfo exclude_img=circ_mask off_num_sort
bin/expr_anal.py dp data_postproc/Chabo_20110224_RSVPVar03a_S110204_005.psf.pk data_postproc/Chabo_20110224_RSVPVar03a_S110204_005 blanks_patt=zz_blank extfirinfo exclude_img=circ_mask off_num_sort
bin/expr_anal.py dp data_postproc/Chabo_20110224_RSVPVar03a_S110204_004.psf.pk data_postproc/Chabo_20110224_RSVPVar03a_S110204_004 blanks_patt=zz_blank extfirinfo exclude_img=circ_mask off_num_sort
bin/expr_anal.py dp data_postproc/Chabo_20110224_RSVPVar03a_S110204_003.psf.pk data_postproc/Chabo_20110224_RSVPVar03a_S110204_003 blanks_patt=zz_blank extfirinfo exclude_img=circ_mask off_num_sort
bin/expr_anal.py dp data_postproc/Chabo_20110224_RSVPVar03a_S110204_002.psf.pk data_postproc/Chabo_20110224_RSVPVar03a_S110204_002 blanks_patt=zz_blank extfirinfo exclude_img=circ_mask off_num_sort
bin/expr_anal.py dp data_postproc/Chabo_20110224_RSVPVar03a_S110204_001.psf.pk data_postproc/Chabo_20110224_RSVPVar03a_S110204_001 blanks_patt=zz_blank extfirinfo exclude_img=circ_mask off_num_sort
bin/expr_anal.py dp data_postproc/Chabo_20110223_RSVPVar03a_5deg_A_005.psf.pk data_postproc/Chabo_20110223_RSVPVar03a_5deg_A_005 blanks_patt=zz_blank extfirinfo exclude_img=circ_mask off_num_sort
bin/expr_anal.py dp data_postproc/Chabo_20110223_RSVPVar03a_5deg_A_004.psf.pk data_postproc/Chabo_20110223_RSVPVar03a_5deg_A_004 blanks_patt=zz_blank extfirinfo exclude_img=circ_mask off_num_sort
bin/expr_anal.py dp data_postproc/Chabo_20110223_RSVPVar03a_5deg_A_003.psf.pk data_postproc/Chabo_20110223_RSVPVar03a_5deg_A_003 blanks_patt=zz_blank extfirinfo exclude_img=circ_mask off_num_sort
bin/expr_anal.py dp data_postproc/Chabo_20110223_RSVPVar03a_5deg_A_002.psf.pk data_postproc/Chabo_20110223_RSVPVar03a_5deg_A_002 blanks_patt=zz_blank extfirinfo exclude_img=circ_mask off_num_sort
bin/expr_anal.py dp data_postproc/Chabo_20110223_RSVPVar03a_5deg_A_001.psf.pk data_postproc/Chabo_20110223_RSVPVar03a_5deg_A_001 blanks_patt=zz_blank extfirinfo exclude_img=circ_mask off_num_sort
bin/expr_anal.py dp data_postproc/Chabo_20110223_RSVPNuo_A_001.psf.pk data_postproc/Chabo_20110223_RSVPNuo_A_001 bootstrap=200 suffix=_bstrp extbsinfo=data_postproc/Chabo_20110223_RSVPNuo_A_001.dp_extbsinfo.csv extfirinfo
bin/expr_anal.py dp data_postproc/Chabo_20110223_RSVPNicole10x6_S110204_003.psf.pk data_postproc/Chabo_20110223_RSVPNicole10x6_S110204_003 blanks=60,62 bootstrap=200 suffix=_bstrp extbsinfo=data_postproc/Chabo_20110223_RSVPNicole10x6_S110204_003.dp_extbsinfo.csv extfirinfo
bin/expr_anal.py dp data_postproc/Chabo_20110223_RSVPNicole10x6_S110204_002.psf.pk data_postproc/Chabo_20110223_RSVPNicole10x6_S110204_002 blanks=60,62 bootstrap=200 suffix=_bstrp extbsinfo=data_postproc/Chabo_20110223_RSVPNicole10x6_S110204_002.dp_extbsinfo.csv extfirinfo
bin/expr_anal.py dp data_postproc/Chabo_20110223_RSVPNicole10x6_S110204_001.psf.pk data_postproc/Chabo_20110223_RSVPNicole10x6_S110204_001 blanks=60,62 bootstrap=200 suffix=_bstrp extbsinfo=data_postproc/Chabo_20110223_RSVPNicole10x6_S110204_001.dp_extbsinfo.csv extfirinfo
bin/expr_anal.py dp data_postproc/Chabo_20110223_RSVPNicole10x6_P_001.psf.pk data_postproc/Chabo_20110223_RSVPNicole10x6_P_001 blanks=60,62 bootstrap=200 suffix=_bstrp extbsinfo=data_postproc/Chabo_20110223_RSVPNicole10x6_P_001.dp_extbsinfo.csv extfirinfo
bin/expr_anal.py dp data_postproc/Chabo_20110223_RSVPNicole10x6_M_001.psf.pk data_postproc/Chabo_20110223_RSVPNicole10x6_M_001 blanks=60,62 bootstrap=200 suffix=_bstrp extbsinfo=data_postproc/Chabo_20110223_RSVPNicole10x6_M_001.dp_extbsinfo.csv extfirinfo
bin/expr_anal.py dp data_postproc/Chabo_20110223_RSVPNicole10x6_A_001.psf.pk data_postproc/Chabo_20110223_RSVPNicole10x6_A_001 blanks=60,62 bootstrap=200 suffix=_bstrp extbsinfo=data_postproc/Chabo_20110223_RSVPNicole10x6_A_001.dp_extbsinfo.csv extfirinfo
bin/expr_anal.py dp data_postproc/Chabo_20110218_RSVPVar03a_5deg_M_005.psf.pk data_postproc/Chabo_20110218_RSVPVar03a_5deg_M_005 blanks_patt=zz_blank extfirinfo exclude_img=circ_mask off_num_sort
bin/expr_anal.py dp data_postproc/Chabo_20110218_RSVPVar03a_5deg_M_004.psf.pk data_postproc/Chabo_20110218_RSVPVar03a_5deg_M_004 blanks_patt=zz_blank extfirinfo exclude_img=circ_mask off_num_sort
bin/expr_anal.py dp data_postproc/Chabo_20110218_RSVPVar03a_5deg_M_003.psf.pk data_postproc/Chabo_20110218_RSVPVar03a_5deg_M_003 blanks_patt=zz_blank extfirinfo exclude_img=circ_mask off_num_sort
bin/expr_anal.py dp data_postproc/Chabo_20110218_RSVPVar03a_5deg_M_002.psf.pk data_postproc/Chabo_20110218_RSVPVar03a_5deg_M_002 blanks_patt=zz_blank extfirinfo exclude_img=circ_mask off_num_sort
bin/expr_anal.py dp data_postproc/Chabo_20110218_RSVPVar03a_5deg_M_001.psf.pk data_postproc/Chabo_20110218_RSVPVar03a_5deg_M_001 blanks_patt=zz_blank extfirinfo exclude_img=circ_mask off_num_sort
bin/expr_anal.py dp data_postproc/Chabo_20110218_RSVPVar03a_5deg_A_005.psf.pk data_postproc/Chabo_20110218_RSVPVar03a_5deg_A_005 blanks_patt=zz_blank extfirinfo exclude_img=circ_mask off_num_sort
bin/expr_anal.py dp data_postproc/Chabo_20110218_RSVPVar03a_5deg_A_004.psf.pk data_postproc/Chabo_20110218_RSVPVar03a_5deg_A_004 blanks_patt=zz_blank extfirinfo exclude_img=circ_mask off_num_sort
bin/expr_anal.py dp data_postproc/Chabo_20110218_RSVPVar03a_5deg_A_003.psf.pk data_postproc/Chabo_20110218_RSVPVar03a_5deg_A_003 blanks_patt=zz_blank extfirinfo exclude_img=circ_mask off_num_sort
bin/expr_anal.py dp data_postproc/Chabo_20110218_RSVPVar03a_5deg_A_002.psf.pk data_postproc/Chabo_20110218_RSVPVar03a_5deg_A_002 blanks_patt=zz_blank extfirinfo exclude_img=circ_mask off_num_sort
bin/expr_anal.py dp data_postproc/Chabo_20110218_RSVPVar03a_5deg_A_001.psf.pk data_postproc/Chabo_20110218_RSVPVar03a_5deg_A_001 blanks_patt=zz_blank extfirinfo exclude_img=circ_mask off_num_sort
bin/expr_anal.py dp data_postproc/Chabo_20110217_RSVPVar03a_5deg_P_005.psf.pk data_postproc/Chabo_20110217_RSVPVar03a_5deg_P_005 blanks_patt=zz_blank extfirinfo exclude_img=circ_mask off_num_sort
bin/expr_anal.py dp data_postproc/Chabo_20110217_RSVPVar03a_5deg_P_004.psf.pk data_postproc/Chabo_20110217_RSVPVar03a_5deg_P_004 blanks_patt=zz_blank extfirinfo exclude_img=circ_mask off_num_sort
bin/expr_anal.py dp data_postproc/Chabo_20110217_RSVPVar03a_5deg_P_003.psf.pk data_postproc/Chabo_20110217_RSVPVar03a_5deg_P_003 blanks_patt=zz_blank extfirinfo exclude_img=circ_mask off_num_sort
bin/expr_anal.py dp data_postproc/Chabo_20110217_RSVPVar03a_5deg_P_002.psf.pk data_postproc/Chabo_20110217_RSVPVar03a_5deg_P_002 blanks_patt=zz_blank extfirinfo exclude_img=circ_mask off_num_sort
bin/expr_anal.py dp data_postproc/Chabo_20110217_RSVPVar03a_5deg_P_001.psf.pk data_postproc/Chabo_20110217_RSVPVar03a_5deg_P_001 blanks_patt=zz_blank extfirinfo exclude_img=circ_mask off_num_sort
bin/expr_anal.py dp data_postproc/Chabo_20110216_RSVPVar03a_A_005.psf.pk data_postproc/Chabo_20110216_RSVPVar03a_A_005 blanks_patt=zz_blank extfirinfo exclude_img=circ_mask off_num_sort
bin/expr_anal.py dp data_postproc/Chabo_20110216_RSVPVar03a_A_004.psf.pk data_postproc/Chabo_20110216_RSVPVar03a_A_004 blanks_patt=zz_blank extfirinfo exclude_img=circ_mask off_num_sort
bin/expr_anal.py dp data_postproc/Chabo_20110216_RSVPVar03a_A_003.psf.pk data_postproc/Chabo_20110216_RSVPVar03a_A_003 blanks_patt=zz_blank extfirinfo exclude_img=circ_mask off_num_sort
bin/expr_anal.py dp data_postproc/Chabo_20110216_RSVPVar03a_A_002.psf.pk data_postproc/Chabo_20110216_RSVPVar03a_A_002 blanks_patt=zz_blank extfirinfo exclude_img=circ_mask off_num_sort
bin/expr_anal.py dp data_postproc/Chabo_20110216_RSVPVar03a_A_001.psf.pk data_postproc/Chabo_20110216_RSVPVar03a_A_001 blanks_patt=zz_blank extfirinfo exclude_img=circ_mask off_num_sort
bin/expr_anal.py dp data_postproc/Chabo_20110213_RSVPVar00a_on100_off100_M_1to1_008.psf.pk data_postproc/Chabo_20110213_RSVPVar00a_on100_off100_M_1to1_008 blanks_patt=zz_blank extfirinfo exclude_img=circ_mask off_num_sort
bin/expr_anal.py dp data_postproc/Chabo_20110213_RSVPVar00a_on100_off100_M_1to1_007.psf.pk data_postproc/Chabo_20110213_RSVPVar00a_on100_off100_M_1to1_007 blanks_patt=zz_blank extfirinfo exclude_img=circ_mask off_num_sort
bin/expr_anal.py dp data_postproc/Chabo_20110213_RSVPVar00a_on100_off100_M_1to1_006.psf.pk data_postproc/Chabo_20110213_RSVPVar00a_on100_off100_M_1to1_006 blanks_patt=zz_blank extfirinfo exclude_img=circ_mask off_num_sort
bin/expr_anal.py dp data_postproc/Chabo_20110213_RSVPVar00a_on100_off100_M_003.psf.pk data_postproc/Chabo_20110213_RSVPVar00a_on100_off100_M_003 blanks_patt=zz_blank extfirinfo exclude_img=circ_mask off_num_sort
bin/expr_anal.py dp data_postproc/Chabo_20110213_RSVPVar00a_on100_off100_M_002.psf.pk data_postproc/Chabo_20110213_RSVPVar00a_on100_off100_M_002 blanks_patt=zz_blank extfirinfo exclude_img=circ_mask off_num_sort
bin/expr_anal.py dp data_postproc/Chabo_20110213_RSVPVar00a_on100_off100_M_001.psf.pk data_postproc/Chabo_20110213_RSVPVar00a_on100_off100_M_001 blanks_patt=zz_blank extfirinfo exclude_img=circ_mask off_num_sort
bin/expr_anal.py dp data_postproc/Chabo_20110213_RSVPVar00a_on024_off100_M_1to1_010.psf.pk data_postproc/Chabo_20110213_RSVPVar00a_on024_off100_M_1to1_010 blanks_patt=zz_blank extfirinfo exclude_img=circ_mask off_num_sort
bin/expr_anal.py dp data_postproc/Chabo_20110213_RSVPVar00a_on024_off100_M_1to1_009.psf.pk data_postproc/Chabo_20110213_RSVPVar00a_on024_off100_M_1to1_009 blanks_patt=zz_blank extfirinfo exclude_img=circ_mask off_num_sort
bin/expr_anal.py dp data_postproc/Chabo_20110213_RSVPVar00a_on024_off100_M_005.psf.pk data_postproc/Chabo_20110213_RSVPVar00a_on024_off100_M_005 blanks_patt=zz_blank extfirinfo exclude_img=circ_mask off_num_sort
bin/expr_anal.py dp data_postproc/Chabo_20110213_RSVPVar00a_on024_off100_M_004.psf.pk data_postproc/Chabo_20110213_RSVPVar00a_on024_off100_M_004 blanks_patt=zz_blank extfirinfo exclude_img=circ_mask off_num_sort
bin/expr_anal.py dp data_postproc/Chabo_20110212_RSVPVar00a_on100_off100_P_1to1_005.psf.pk data_postproc/Chabo_20110212_RSVPVar00a_on100_off100_P_1to1_005 blanks_patt=zz_blank extfirinfo exclude_img=circ_mask off_num_sort
bin/expr_anal.py dp data_postproc/Chabo_20110212_RSVPVar00a_on100_off100_P_1to1_004.psf.pk data_postproc/Chabo_20110212_RSVPVar00a_on100_off100_P_1to1_004 blanks_patt=zz_blank extfirinfo exclude_img=circ_mask off_num_sort
bin/expr_anal.py dp data_postproc/Chabo_20110212_RSVPVar00a_on100_off100_P_1to1_003.psf.pk data_postproc/Chabo_20110212_RSVPVar00a_on100_off100_P_1to1_003 blanks_patt=zz_blank extfirinfo exclude_img=circ_mask off_num_sort
bin/expr_anal.py dp data_postproc/Chabo_20110212_RSVPVar00a_on100_off100_P_1to1_002.psf.pk data_postproc/Chabo_20110212_RSVPVar00a_on100_off100_P_1to1_002 blanks_patt=zz_blank extfirinfo exclude_img=circ_mask off_num_sort
bin/expr_anal.py dp data_postproc/Chabo_20110212_RSVPVar00a_on100_off100_P_1to1_001.psf.pk data_postproc/Chabo_20110212_RSVPVar00a_on100_off100_P_1to1_001 blanks_patt=zz_blank extfirinfo exclude_img=circ_mask off_num_sort
bin/expr_anal.py dp data_postproc/Chabo_20110212_RSVPVar00a_on100_off100_P_010.psf.pk data_postproc/Chabo_20110212_RSVPVar00a_on100_off100_P_010 blanks_patt=zz_blank extfirinfo exclude_img=circ_mask off_num_sort
bin/expr_anal.py dp data_postproc/Chabo_20110212_RSVPVar00a_on100_off100_P_009.psf.pk data_postproc/Chabo_20110212_RSVPVar00a_on100_off100_P_009 blanks_patt=zz_blank extfirinfo exclude_img=circ_mask off_num_sort
bin/expr_anal.py dp data_postproc/Chabo_20110212_RSVPVar00a_on100_off100_P_008.psf.pk data_postproc/Chabo_20110212_RSVPVar00a_on100_off100_P_008 blanks_patt=zz_blank extfirinfo exclude_img=circ_mask off_num_sort
bin/expr_anal.py dp data_postproc/Chabo_20110212_RSVPVar00a_on100_off100_P_007.psf.pk data_postproc/Chabo_20110212_RSVPVar00a_on100_off100_P_007 blanks_patt=zz_blank extfirinfo exclude_img=circ_mask off_num_sort
bin/expr_anal.py dp data_postproc/Chabo_20110212_RSVPVar00a_on100_off100_P_006.psf.pk data_postproc/Chabo_20110212_RSVPVar00a_on100_off100_P_006 blanks_patt=zz_blank extfirinfo exclude_img=circ_mask off_num_sort
bin/expr_anal.py dp data_postproc/Chabo_20110211_RSVPVar00a_on100_off100_A_1to1_004.psf.pk data_postproc/Chabo_20110211_RSVPVar00a_on100_off100_A_1to1_004 blanks_patt=zz_blank extfirinfo exclude_img=circ_mask off_num_sort
bin/expr_anal.py dp data_postproc/Chabo_20110211_RSVPVar00a_on100_off100_A_1to1_003.psf.pk data_postproc/Chabo_20110211_RSVPVar00a_on100_off100_A_1to1_003 blanks_patt=zz_blank extfirinfo exclude_img=circ_mask off_num_sort
bin/expr_anal.py dp data_postproc/Chabo_20110211_RSVPVar00a_on100_off100_A_002.psf.pk data_postproc/Chabo_20110211_RSVPVar00a_on100_off100_A_002 blanks_patt=zz_blank extfirinfo exclude_img=circ_mask off_num_sort
bin/expr_anal.py dp data_postproc/Chabo_20110211_RSVPVar00a_on100_off100_A_001.psf.pk data_postproc/Chabo_20110211_RSVPVar00a_on100_off100_A_001 blanks_patt=zz_blank extfirinfo exclude_img=circ_mask off_num_sort
bin/expr_anal.py dp data_postproc/Chabo_20110210_RSVPVar00a_on024_off100_M_002.psf.pk data_postproc/Chabo_20110210_RSVPVar00a_on024_off100_M_002 blanks_patt=zz_blank extfirinfo exclude_img=circ_mask off_num_sort
bin/expr_anal.py dp data_postproc/Chabo_20110210_RSVPVar00a_on024_off100_M_001.psf.pk data_postproc/Chabo_20110210_RSVPVar00a_on024_off100_M_001 blanks_patt=zz_blank extfirinfo exclude_img=circ_mask off_num_sort
bin/expr_anal.py dp data_postproc/Chabo_20110210_RSVPVar00a_on024_off024_M_009.psf.pk data_postproc/Chabo_20110210_RSVPVar00a_on024_off024_M_009 blanks_patt=zz_blank extfirinfo exclude_img=circ_mask off_num_sort
bin/expr_anal.py dp data_postproc/Chabo_20110210_RSVPVar00a_on024_off024_M_008.psf.pk data_postproc/Chabo_20110210_RSVPVar00a_on024_off024_M_008 blanks_patt=zz_blank extfirinfo exclude_img=circ_mask off_num_sort
bin/expr_anal.py dp data_postproc/Chabo_20110210_RSVPVar00a_on024_off024_M_007.psf.pk data_postproc/Chabo_20110210_RSVPVar00a_on024_off024_M_007 blanks_patt=zz_blank extfirinfo exclude_img=circ_mask off_num_sort
bin/expr_anal.py dp data_postproc/Chabo_20110210_RSVPVar00a_on024_off024_M_006.psf.pk data_postproc/Chabo_20110210_RSVPVar00a_on024_off024_M_006 blanks_patt=zz_blank extfirinfo exclude_img=circ_mask off_num_sort
bin/expr_anal.py dp data_postproc/Chabo_20110210_RSVPVar00a_on024_off024_M_005.psf.pk data_postproc/Chabo_20110210_RSVPVar00a_on024_off024_M_005 blanks_patt=zz_blank extfirinfo exclude_img=circ_mask off_num_sort
bin/expr_anal.py dp data_postproc/Chabo_20110210_RSVPVar00a_on024_off024_M_004.psf.pk data_postproc/Chabo_20110210_RSVPVar00a_on024_off024_M_004 blanks_patt=zz_blank extfirinfo exclude_img=circ_mask off_num_sort
bin/expr_anal.py dp data_postproc/Chabo_20110210_RSVPVar00a_on024_off024_M_003.psf.pk data_postproc/Chabo_20110210_RSVPVar00a_on024_off024_M_003 blanks_patt=zz_blank extfirinfo exclude_img=circ_mask off_num_sort
bin/expr_anal.py dp data_postproc/Chabo_20110209_RSVPVar00a_on024_off100_M_002.psf.pk data_postproc/Chabo_20110209_RSVPVar00a_on024_off100_M_002 blanks_patt=zz_blank extfirinfo exclude_img=circ_mask off_num_sort
bin/expr_anal.py dp data_postproc/Chabo_20110209_RSVPVar00a_on024_off100_M_001.psf.pk data_postproc/Chabo_20110209_RSVPVar00a_on024_off100_M_001 blanks_patt=zz_blank extfirinfo exclude_img=circ_mask off_num_sort
bin/expr_anal.py dp data_postproc/Chabo_20110209_RSVPVar00a_on024_off024_M_004.psf.pk data_postproc/Chabo_20110209_RSVPVar00a_on024_off024_M_004 blanks_patt=zz_blank extfirinfo exclude_img=circ_mask off_num_sort
bin/expr_anal.py dp data_postproc/Chabo_20110209_RSVPVar00a_on024_off024_M_003.psf.pk data_postproc/Chabo_20110209_RSVPVar00a_on024_off024_M_003 blanks_patt=zz_blank extfirinfo exclude_img=circ_mask off_num_sort
bin/expr_anal.py dp data_postproc/Chabo_20110208_RSVPVar00a_on100_off100_M_001.psf.pk data_postproc/Chabo_20110208_RSVPVar00a_on100_off100_M_001 blanks_patt=zz_blank extfirinfo exclude_img=circ_mask off_num_sort
bin/expr_anal.py dp data_postproc/Chabo_20110208_RSVPVar00a_on024_off024_M_002.psf.pk data_postproc/Chabo_20110208_RSVPVar00a_on024_off024_M_002 blanks_patt=zz_blank extfirinfo exclude_img=circ_mask off_num_sort
bin/expr_anal.py dp data_postproc/Chabo_20110207_RSVPVar00a_on100_off100_P_001.psf.pk data_postproc/Chabo_20110207_RSVPVar00a_on100_off100_P_001 blanks_patt=zz_blank extfirinfo exclude_img=circ_mask off_num_sort
bin/expr_anal.py dp data_postproc/Chabo_20110207_RSVPVar00a_on100_off100_M_001.psf.pk data_postproc/Chabo_20110207_RSVPVar00a_on100_off100_M_001 blanks_patt=zz_blank extfirinfo exclude_img=circ_mask off_num_sort
bin/expr_anal.py dp data_postproc/Chabo_20110204_RSVPVar00a_on24_off24_P_001.psf.pk data_postproc/Chabo_20110204_RSVPVar00a_on24_off24_P_001 blanks_patt=zz_blank extfirinfo exclude_img=circ_mask off_num_sort
bin/expr_anal.py dp data_postproc/Chabo_20110204_RSVPVar00a_on24_off100_P_001.psf.pk data_postproc/Chabo_20110204_RSVPVar00a_on24_off100_P_001 blanks_patt=zz_blank extfirinfo exclude_img=circ_mask off_num_sort
bin/expr_anal.py dp data_postproc/Chabo_20110204_RSVPVar00a_on100_off100_P_001.psf.pk data_postproc/Chabo_20110204_RSVPVar00a_on100_off100_P_001 blanks_patt=zz_blank extfirinfo exclude_img=circ_mask off_num_sort
bin/expr_anal.py dp data_postproc/Chabo_20110203_RSVPVar00a_on100_off100_A_001.psf.pk data_postproc/Chabo_20110203_RSVPVar00a_on100_off100_A_001 blanks_patt=zz_blank extfirinfo exclude_img=circ_mask off_num_sort
bin/expr_anal.py dp data_postproc/Chabo_20110203_RSVPVar00a_on024_off100_A_003.psf.pk data_postproc/Chabo_20110203_RSVPVar00a_on024_off100_A_003 blanks_patt=zz_blank extfirinfo exclude_img=circ_mask off_num_sort
bin/expr_anal.py dp data_postproc/Chabo_20110203_RSVPVar00a_on024_off100_A_002.psf.pk data_postproc/Chabo_20110203_RSVPVar00a_on024_off100_A_002 blanks_patt=zz_blank extfirinfo exclude_img=circ_mask off_num_sort
bin/expr_anal.py dp data_postproc/Chabo_20110203_RSVPVar00a_on024_off024_A_006.psf.pk data_postproc/Chabo_20110203_RSVPVar00a_on024_off024_A_006 blanks_patt=zz_blank extfirinfo exclude_img=circ_mask off_num_sort
bin/expr_anal.py dp data_postproc/Chabo_20110203_RSVPVar00a_on024_off024_A_005.psf.pk data_postproc/Chabo_20110203_RSVPVar00a_on024_off024_A_005 blanks_patt=zz_blank extfirinfo exclude_img=circ_mask off_num_sort
bin/expr_anal.py dp data_postproc/Chabo_20110203_RSVPVar00a_on024_off024_A_004.psf.pk data_postproc/Chabo_20110203_RSVPVar00a_on024_off024_A_004 blanks_patt=zz_blank extfirinfo exclude_img=circ_mask off_num_sort
