../analysis/data_merged/Chabo_20110318_RSVPVar00a_on100_off100_S110204_RefAA_001.mwk
../analysis/data_merged/Chabo_20110318_RSVPVar00a_on100_off100_S110204_RefAA_002.mwk
../analysis/data_merged/Chabo_20110318_RSVPVar00a_on100_off100_S110204_RefAA_003.mwk
../analysis/data_merged/Chabo_20110318_RSVPVar00a_on100_off100_S110204_RefAA_004.mwk
../analysis/data_merged/Chabo_20110318_RSVPVar00a_on100_off100_S110204_RefAA_005.mwk
../analysis/data_merged/Chabo_20110318_RSVPVar00a_on100_off100_S110204_RefAA_006.mwk
../analysis/data_merged/Chabo_20110318_RSVPVar00a_on100_off100_S110204_RefAA_007.mwk
../analysis/data_merged/Chabo_20110318_RSVPVar00a_on100_off100_S110204_RefAA_008.mwk
../analysis/data_merged/Chabo_20110318_RSVPVar00a_on100_off100_S110204_RefAA_009.mwk
../analysis/data_merged/Chabo_20110318_RSVPVar00a_on100_off100_S110204_RefAA_010.mwk
../analysis/data_merged/Chabo_20110224_RSVPVar03a_S110204_001.mwk
../analysis/data_merged/Chabo_20110224_RSVPVar03a_S110204_002.mwk
../analysis/data_merged/Chabo_20110224_RSVPVar03a_S110204_003.mwk
../analysis/data_merged/Chabo_20110224_RSVPVar03a_S110204_004.mwk
../analysis/data_merged/Chabo_20110224_RSVPVar03a_S110204_005.mwk
../analysis/data_merged/Chabo_20110227_RSVPVar03a_S110204_001.mwk
../analysis/data_merged/Chabo_20110227_RSVPVar03a_S110204_002.mwk
../analysis/data_merged/Chabo_20110227_RSVPVar03a_S110204_003.mwk
../analysis/data_merged/Chabo_20110227_RSVPVar03a_S110204_004.mwk
../analysis/data_merged/Chabo_20110227_RSVPVar03a_S110204_005.mwk
../analysis/data_merged/Chabo_20110227_RSVPVar03a_S110204_006.mwk
../analysis/data_merged/Chabo_20110304_RSVPVar03a_S110204_RefAA_001.mwk
../analysis/data_merged/Chabo_20110304_RSVPVar03a_S110204_RefAA_002.mwk
../analysis/data_merged/Chabo_20110304_RSVPVar03a_S110204_RefAA_003.mwk
../analysis/data_merged/Chabo_20110309_RSVPVar03a_S110204_RefAA_001.mwk
../analysis/data_merged/Chabo_20110309_RSVPVar03a_S110204_RefAA_002.mwk
../analysis/data_merged/Chabo_20110309_RSVPVar03a_S110204_RefAA_003.mwk
../analysis/data_merged/Chabo_20110309_RSVPVar03a_S110204_RefAA_004.mwk
../analysis/data_merged/Chabo_20110309_RSVPVar03a_S110204_RefAA_005.mwk
../analysis/data_merged/Chabo_20110310_RSVPVar03a_S110204_RefAA_001.mwk
../analysis/data_merged/Chabo_20110310_RSVPVar03a_S110204_RefAA_002.mwk
../analysis/data_merged/Chabo_20110310_RSVPVar03a_S110204_RefAA_003.mwk
../analysis/data_merged/Chabo_20110310_RSVPVar03a_S110204_RefAA_004.mwk
../analysis/data_merged/Chabo_20110310_RSVPVar03a_S110204_RefAA_005.mwk
../analysis/data_merged/Chabo_20110313_RSVPVar03a_S110204_RefAA_001.mwk
../analysis/data_merged/Chabo_20110313_RSVPVar03a_S110204_RefAA_002.mwk
../analysis/data_merged/Chabo_20110313_RSVPVar03a_S110204_RefAA_003.mwk
../analysis/data_merged/Chabo_20110313_RSVPVar03a_S110204_RefAA_004.mwk
../analysis/data_merged/Chabo_20110328_RSVPVar03a_S110204_RefAA_001.mwk
../analysis/data_merged/Chabo_20110328_RSVPVar03a_S110204_RefAA_002.mwk
../analysis/data_merged/Chabo_20110328_RSVPVar03a_S110204_RefAA_003.mwk
../analysis/data_merged/Chabo_20110328_RSVPVar03a_S110204_RefAA_004.mwk
../analysis/data_merged/Chabo_20110328_RSVPVar03a_S110204_RefAA_005.mwk
../analysis/data_merged/Chabo_20110328_RSVPVar03a_S110204_RefAA_006.mwk
../analysis/data_merged/Chabo_20110328_RSVPVar03a_S110204_RefAA_007.mwk
../analysis/data_merged/Chabo_20110331_RSVPVar03a_S110204_RefAA_001.mwk
../analysis/data_merged/Chabo_20110331_RSVPVar03a_S110204_RefAA_002.mwk
../analysis/data_merged/Chabo_20110331_RSVPVar03a_S110204_RefAA_003.mwk
../analysis/data_merged/Chabo_20110331_RSVPVar03a_S110204_RefAA_004.mwk
../analysis/data_merged/Chabo_20110402_RSVPVar03a_S110204_RefAA_001.mwk
../analysis/data_merged/Chabo_20110402_RSVPVar03a_S110204_RefAA_002.mwk
../analysis/data_merged/Chabo_20110402_RSVPVar03a_S110204_RefAA_003.mwk
../analysis/data_merged/Chabo_20110402_RSVPVar03a_S110204_RefAA_004.mwk
../analysis/data_merged/Chabo_20110402_RSVPVar03a_S110204_RefAA_005.mwk
../analysis/data_merged/Chabo_20110402_RSVPVar03a_S110204_RefAA_006.mwk
../analysis/data_merged/Chabo_20110403_RSVPVar03a_S110204_RefAA_001.mwk
../analysis/data_merged/Chabo_20110403_RSVPVar03a_S110204_RefAA_002.mwk
../analysis/data_merged/Chabo_20110403_RSVPVar03a_S110204_RefAA_003.mwk
../analysis/data_merged/Chabo_20110403_RSVPVar03a_S110204_RefAA_004.mwk
../analysis/data_merged/Chabo_20110404_RSVPVar03a_S110204_RefAA_001.mwk
../analysis/data_merged/Chabo_20110404_RSVPVar03a_S110204_RefAA_002.mwk
../analysis/data_merged/Chabo_20110404_RSVPVar03a_S110204_RefAA_003.mwk
../analysis/data_merged/Chabo_20110404_RSVPVar03a_S110204_RefAA_004.mwk
../analysis/data_merged/Chabo_20110405_RSVPVar03a_S110204_RefAA_001.mwk
../analysis/data_merged/Chabo_20110405_RSVPVar03a_S110204_RefAA_002.mwk
../analysis/data_merged/Chabo_20110405_RSVPVar03a_S110204_RefAA_003.mwk
../analysis/data_merged/Chabo_20110225_RSVPVar06a_S110204_001.mwk
../analysis/data_merged/Chabo_20110225_RSVPVar06a_S110204_002.mwk
../analysis/data_merged/Chabo_20110225_RSVPVar06a_S110204_003.mwk
../analysis/data_merged/Chabo_20110225_RSVPVar06a_S110204_004.mwk
../analysis/data_merged/Chabo_20110225_RSVPVar06a_S110204_005.mwk
../analysis/data_merged/Chabo_20110225_RSVPVar06a_S110204_006.mwk
../analysis/data_merged/Chabo_20110228_RSVPVar06a_S110204_001.mwk
../analysis/data_merged/Chabo_20110228_RSVPVar06a_S110204_002.mwk
../analysis/data_merged/Chabo_20110228_RSVPVar06a_S110204_003.mwk
../analysis/data_merged/Chabo_20110228_RSVPVar06a_S110204_004.mwk
../analysis/data_merged/Chabo_20110228_RSVPVar06a_S110204_005.mwk
../analysis/data_merged/Chabo_20110228_RSVPVar06a_S110204_006.mwk
../analysis/data_merged/Chabo_20110309_RSVPVar06a_S110204_RefAA_001.mwk
../analysis/data_merged/Chabo_20110309_RSVPVar06a_S110204_RefAA_002.mwk
../analysis/data_merged/Chabo_20110309_RSVPVar06a_S110204_RefAA_003.mwk
../analysis/data_merged/Chabo_20110309_RSVPVar06a_S110204_RefAA_004.mwk
../analysis/data_merged/Chabo_20110309_RSVPVar06a_S110204_RefAA_005.mwk
../analysis/data_merged/Chabo_20110310_RSVPVar06a_S110204_RefAA_001.mwk
../analysis/data_merged/Chabo_20110312_RSVPVar06a_S110204_RefAA_001.mwk
../analysis/data_merged/Chabo_20110312_RSVPVar06a_S110204_RefAA_002.mwk
../analysis/data_merged/Chabo_20110312_RSVPVar06a_S110204_RefAA_003.mwk
../analysis/data_merged/Chabo_20110312_RSVPVar06a_S110204_RefAA_004.mwk
../analysis/data_merged/Chabo_20110312_RSVPVar06a_S110204_RefAA_005.mwk
../analysis/data_merged/Chabo_20110312_RSVPVar06a_S110204_RefAA_006.mwk
../analysis/data_merged/Chabo_20110312_RSVPVar06a_S110204_RefAA_007.mwk
../analysis/data_merged/Chabo_20110313_RSVPVar06a_S110204_RefAA_001.mwk
../analysis/data_merged/Chabo_20110313_RSVPVar06a_S110204_RefAA_002.mwk
../analysis/data_merged/Chabo_20110313_RSVPVar06a_S110204_RefAA_003.mwk
../analysis/data_merged/Chabo_20110313_RSVPVar06a_S110204_RefAA_004.mwk
../analysis/data_merged/Chabo_20110317_RSVPVar06a_S110204_001.mwk
../analysis/data_merged/Chabo_20110317_RSVPVar06a_S110204_002.mwk
../analysis/data_merged/Chabo_20110317_RSVPVar06a_S110204_003.mwk
../analysis/data_merged/Chabo_20110329_RSVPVar06a_S110204_RefAA_001.mwk
../analysis/data_merged/Chabo_20110329_RSVPVar06a_S110204_RefAA_002.mwk
../analysis/data_merged/Chabo_20110329_RSVPVar06a_S110204_RefAA_003.mwk
../analysis/data_merged/Chabo_20110329_RSVPVar06a_S110204_RefAA_004.mwk
../analysis/data_merged/Chabo_20110330_RSVPVar06a_S110204_RefAA_001.mwk
../analysis/data_merged/Chabo_20110330_RSVPVar06a_S110204_RefAA_002.mwk
../analysis/data_merged/Chabo_20110330_RSVPVar06a_S110204_RefAA_003.mwk
../analysis/data_merged/Chabo_20110330_RSVPVar06a_S110204_RefAA_004.mwk
../analysis/data_merged/Chabo_20110330_RSVPVar06a_S110204_RefAA_005.mwk
../analysis/data_merged/Chabo_20110330_RSVPVar06a_S110204_RefAA_006.mwk
../analysis/data_merged/Chabo_20110330_RSVPVar06a_S110204_RefAA_007.mwk
../analysis/data_merged/Chabo_20110330_RSVPVar06a_S110204_RefAA_008.mwk
../analysis/data_merged/Chabo_20110401_RSVPVar06a_S110204_RefAA_001.mwk
../analysis/data_merged/Chabo_20110401_RSVPVar06a_S110204_RefAA_002.mwk
../analysis/data_merged/Chabo_20110401_RSVPVar06a_S110204_RefAA_003.mwk
../analysis/data_merged/Chabo_20110401_RSVPVar06a_S110204_RefAA_004.mwk
../analysis/data_merged/Chabo_20110401_RSVPVar06a_S110204_RefAA_005.mwk
../analysis/data_merged/Chabo_20110402_RSVPVar06a_S110204_RefAA_001.mwk
../analysis/data_merged/Chabo_20110402_RSVPVar06a_S110204_RefAA_002.mwk
../analysis/data_merged/Chabo_20110402_RSVPVar06a_S110204_RefAA_003.mwk
../analysis/data_merged/Chabo_20110402_RSVPVar06a_S110204_RefAA_004.mwk
../analysis/data_merged/Chabo_20110402_RSVPVar06a_S110204_RefAA_005.mwk
../analysis/data_merged/Chabo_20110402_RSVPVar06a_S110204_RefAA_006.mwk
../analysis/data_merged/Chabo_20110403_RSVPVar06a_S110204_RefAA_001.mwk
../analysis/data_merged/Chabo_20110403_RSVPVar06a_S110204_RefAA_002.mwk
../analysis/data_merged/Chabo_20110403_RSVPVar06a_S110204_RefAA_003.mwk
../analysis/data_merged/Chabo_20110403_RSVPVar06a_S110204_RefAA_004.mwk
../analysis/data_merged/Chabo_20110404_RSVPVar06a_S110204_RefAA_001.mwk
../analysis/data_merged/Chabo_20110404_RSVPVar06a_S110204_RefAA_002.mwk
../analysis/data_merged/Chabo_20110404_RSVPVar06a_S110204_RefAA_003.mwk
../analysis/data_merged/Chabo_20110404_RSVPVar06a_S110204_RefAA_004.mwk
../analysis/data_merged/Chabo_20110406_RSVPVar06a_S110204_RefAA_001.mwk
../analysis/data_merged/Chabo_20110406_RSVPVar06a_S110204_RefAA_002.mwk
../analysis/data_merged/Chabo_20110406_RSVPVar06a_S110204_RefAA_003.mwk
../analysis/data_merged/Chabo_20110406_RSVPVar06a_S110204_RefAA_004.mwk
../analysis/data_merged/Chabo_20110406_RSVPVar06a_S110204_RefAA_005.mwk
../analysis/data_merged/Chabo_20110407_RSVPVar03a.Cars.Faces_S110204_RefAA_001.mwk
../analysis/data_merged/Chabo_20110407_RSVPVar03a.Cars.Faces_S110204_RefAA_002.mwk
../analysis/data_merged/Chabo_20110407_RSVPVar03a.Cars.Faces_S110204_RefAA_003.mwk
../analysis/data_merged/Chabo_20110407_RSVPVar03a.Cars.Faces_S110204_RefAA_004.mwk
../analysis/data_merged/Chabo_20110407_RSVPVar03a.Cars.Faces_S110204_RefAA_005.mwk
../analysis/data_merged/Chabo_20110407_RSVPVar03a.Cars.Faces_S110204_RefAA_006.mwk
../analysis/data_merged/Chabo_20110407_RSVPVar03a.Cars.Faces_S110204_RefAA_007.mwk
../analysis/data_merged/Chabo_20110407_RSVPVar03a.Cars.Faces_S110204_RefAA_008.mwk
../analysis/data_merged/Chabo_20110407_RSVPVar03a.Cars.Faces_S110204_RefAA_009.mwk
../analysis/data_merged/Chabo_20110407_RSVPVar03a.Cars.Faces_S110204_RefAA_010.mwk
../analysis/data_merged/Chabo_20110407_RSVPVar03a.Cars.Faces_S110204_RefAA_011.mwk
../analysis/data_merged/Chabo_20110407_RSVPVar03a.Cars.Faces_S110204_RefAA_012.mwk
../analysis/data_merged/Chabo_20110407_RSVPVar03a.Cars.Faces_S110204_RefAA_013.mwk
../analysis/data_merged/Chabo_20110407_RSVPVar03a.Cars.Faces_S110204_RefAA_014.mwk
../analysis/data_merged/Chabo_20110407_RSVPVar03a.Cars.Faces_S110204_RefAA_015.mwk
../analysis/data_merged/Chabo_20110407_RSVPVar03a.Cars.Faces_S110204_RefAA_016.mwk
../analysis/data_merged/Chabo_20110407_RSVPVar03a.Cars.Faces_S110204_RefAA_017.mwk
../analysis/data_merged/Chabo_20110407_RSVPVar03a.Cars.Faces_S110204_RefAA_018.mwk
../analysis/data_merged/Chabo_20110413_RSVPVar03a.Cars.Faces_S110204_RefAA_001.mwk
../analysis/data_merged/Chabo_20110413_RSVPVar03a.Cars.Faces_S110204_RefAA_002.mwk
../analysis/data_merged/Chabo_20110413_RSVPVar03a.Cars.Faces_S110204_RefAA_003.mwk
../analysis/data_merged/Chabo_20110413_RSVPVar03a.Cars.Faces_S110204_RefAA_004.mwk
../analysis/data_merged/Chabo_20110413_RSVPVar03a.Cars.Faces_S110204_RefAA_005.mwk
../analysis/data_merged/Chabo_20110412_RSVPVar03a.Cars.Planes_S110204_RefAA_001.mwk
../analysis/data_merged/Chabo_20110412_RSVPVar03a.Cars.Planes_S110204_RefAA_002.mwk
../analysis/data_merged/Chabo_20110412_RSVPVar03a.Cars.Planes_S110204_RefAA_003.mwk
../analysis/data_merged/Chabo_20110412_RSVPVar03a.Cars.Planes_S110204_RefAA_004.mwk
../analysis/data_merged/Chabo_20110412_RSVPVar03a.Cars.Planes_S110204_RefAA_005.mwk
../analysis/data_merged/Chabo_20110412_RSVPVar03a.Cars.Planes_S110204_RefAA_006.mwk
../analysis/data_merged/Chabo_20110412_RSVPVar03a.Cars.Planes_S110204_RefAA_007.mwk
../analysis/data_merged/Chabo_20110412_RSVPVar03a.Cars.Planes_S110204_RefAA_008.mwk
../analysis/data_merged/Chabo_20110412_RSVPVar03a.Cars.Planes_S110204_RefAA_009.mwk
../analysis/data_merged/Chabo_20110412_RSVPVar03a.Cars.Planes_S110204_RefAA_010.mwk
../analysis/data_merged/Chabo_20110412_RSVPVar03a.Cars.Planes_S110204_RefAA_011.mwk
../analysis/data_merged/Chabo_20110412_RSVPVar03a.Cars.Planes_S110204_RefAA_012.mwk
../analysis/data_merged/Chabo_20110412_RSVPVar03a.Cars.Planes_S110204_RefAA_013.mwk
../analysis/data_merged/Chabo_20110412_RSVPVar03a.Cars.Planes_S110204_RefAA_014.mwk
../analysis/data_merged/Chabo_20110412_RSVPVar03a.Cars.Planes_S110204_RefAA_015.mwk
../analysis/data_merged/Chabo_20110413_RSVPVar03a.Cars.Planes_S110204_RefAA_001.mwk
../analysis/data_merged/Chabo_20110413_RSVPVar03a.Cars.Planes_S110204_RefAA_002.mwk
../analysis/data_merged/Chabo_20110413_RSVPVar03a.Cars.Planes_S110204_RefAA_003.mwk
../analysis/data_merged/Chabo_20110413_RSVPVar03a.Cars.Planes_S110204_RefAA_004.mwk
../analysis/data_merged/Chabo_20110413_RSVPVar03a.Cars.Planes_S110204_RefAA_005.mwk
../analysis/data_merged/Chabo_20110413_RSVPVar03a.Cars.Planes_S110204_RefAA_006.mwk
