data_postproc/z_repr2/z_j51/Chabo_20110318_RSVPVar00a_on100_off100_S110204_RefAA_001_w10/Chabo_20110318_RSVPVar00a_on100_off100_S110204_RefAA_001_w10
data_postproc/z_repr2/z_j51/Chabo_20110318_RSVPVar00a_on100_off100_S110204_RefAA_002_w10/Chabo_20110318_RSVPVar00a_on100_off100_S110204_RefAA_002_w10
data_postproc/z_repr2/z_j51/Chabo_20110318_RSVPVar00a_on100_off100_S110204_RefAA_003_w10/Chabo_20110318_RSVPVar00a_on100_off100_S110204_RefAA_003_w10
data_postproc/z_repr2/z_j51/Chabo_20110318_RSVPVar00a_on100_off100_S110204_RefAA_004_w10/Chabo_20110318_RSVPVar00a_on100_off100_S110204_RefAA_004_w10
data_postproc/z_repr2/z_j51/Chabo_20110318_RSVPVar00a_on100_off100_S110204_RefAA_005_w10/Chabo_20110318_RSVPVar00a_on100_off100_S110204_RefAA_005_w10
data_postproc/z_repr2/z_j51/Chabo_20110318_RSVPVar00a_on100_off100_S110204_RefAA_006_w10/Chabo_20110318_RSVPVar00a_on100_off100_S110204_RefAA_006_w10
data_postproc/z_repr2/z_j51/Chabo_20110318_RSVPVar00a_on100_off100_S110204_RefAA_007_w10/Chabo_20110318_RSVPVar00a_on100_off100_S110204_RefAA_007_w10
data_postproc/z_repr2/z_j51/Chabo_20110318_RSVPVar00a_on100_off100_S110204_RefAA_008_w10/Chabo_20110318_RSVPVar00a_on100_off100_S110204_RefAA_008_w10
data_postproc/z_repr2/z_j51/Chabo_20110318_RSVPVar00a_on100_off100_S110204_RefAA_009_w10/Chabo_20110318_RSVPVar00a_on100_off100_S110204_RefAA_009_w10
data_postproc/z_repr2/z_j51/Chabo_20110318_RSVPVar00a_on100_off100_S110204_RefAA_010_w10/Chabo_20110318_RSVPVar00a_on100_off100_S110204_RefAA_010_w10
data_postproc/z_repr2/z_j51/Chabo_20110224_RSVPVar03a_S110204_001_w10/Chabo_20110224_RSVPVar03a_S110204_001_w10
data_postproc/z_repr2/z_j51/Chabo_20110224_RSVPVar03a_S110204_002_w10/Chabo_20110224_RSVPVar03a_S110204_002_w10
data_postproc/z_repr2/z_j51/Chabo_20110224_RSVPVar03a_S110204_003_w10/Chabo_20110224_RSVPVar03a_S110204_003_w10
data_postproc/z_repr2/z_j51/Chabo_20110224_RSVPVar03a_S110204_004_w10/Chabo_20110224_RSVPVar03a_S110204_004_w10
data_postproc/z_repr2/z_j51/Chabo_20110224_RSVPVar03a_S110204_005_w10/Chabo_20110224_RSVPVar03a_S110204_005_w10
data_postproc/z_repr2/z_j51/Chabo_20110227_RSVPVar03a_S110204_001_w10/Chabo_20110227_RSVPVar03a_S110204_001_w10
data_postproc/z_repr2/z_j51/Chabo_20110227_RSVPVar03a_S110204_002_w10/Chabo_20110227_RSVPVar03a_S110204_002_w10
data_postproc/z_repr2/z_j51/Chabo_20110227_RSVPVar03a_S110204_003_w10/Chabo_20110227_RSVPVar03a_S110204_003_w10
data_postproc/z_repr2/z_j51/Chabo_20110227_RSVPVar03a_S110204_004_w10/Chabo_20110227_RSVPVar03a_S110204_004_w10
data_postproc/z_repr2/z_j51/Chabo_20110227_RSVPVar03a_S110204_005_w10/Chabo_20110227_RSVPVar03a_S110204_005_w10
data_postproc/z_repr2/z_j51/Chabo_20110227_RSVPVar03a_S110204_006_w10/Chabo_20110227_RSVPVar03a_S110204_006_w10
data_postproc/z_repr2/z_j51/Chabo_20110304_RSVPVar03a_S110204_RefAA_001_w10/Chabo_20110304_RSVPVar03a_S110204_RefAA_001_w10
data_postproc/z_repr2/z_j51/Chabo_20110304_RSVPVar03a_S110204_RefAA_002_w10/Chabo_20110304_RSVPVar03a_S110204_RefAA_002_w10
data_postproc/z_repr2/z_j51/Chabo_20110304_RSVPVar03a_S110204_RefAA_003_w10/Chabo_20110304_RSVPVar03a_S110204_RefAA_003_w10
data_postproc/z_repr2/z_j51/Chabo_20110309_RSVPVar03a_S110204_RefAA_001_w10/Chabo_20110309_RSVPVar03a_S110204_RefAA_001_w10
data_postproc/z_repr2/z_j51/Chabo_20110309_RSVPVar03a_S110204_RefAA_002_w10/Chabo_20110309_RSVPVar03a_S110204_RefAA_002_w10
data_postproc/z_repr2/z_j51/Chabo_20110309_RSVPVar03a_S110204_RefAA_003_w10/Chabo_20110309_RSVPVar03a_S110204_RefAA_003_w10
data_postproc/z_repr2/z_j51/Chabo_20110309_RSVPVar03a_S110204_RefAA_004_w10/Chabo_20110309_RSVPVar03a_S110204_RefAA_004_w10
data_postproc/z_repr2/z_j51/Chabo_20110309_RSVPVar03a_S110204_RefAA_005_w10/Chabo_20110309_RSVPVar03a_S110204_RefAA_005_w10
data_postproc/z_repr2/z_j51/Chabo_20110310_RSVPVar03a_S110204_RefAA_001_w10/Chabo_20110310_RSVPVar03a_S110204_RefAA_001_w10
data_postproc/z_repr2/z_j51/Chabo_20110310_RSVPVar03a_S110204_RefAA_002_w10/Chabo_20110310_RSVPVar03a_S110204_RefAA_002_w10
data_postproc/z_repr2/z_j51/Chabo_20110310_RSVPVar03a_S110204_RefAA_003_w10/Chabo_20110310_RSVPVar03a_S110204_RefAA_003_w10
data_postproc/z_repr2/z_j51/Chabo_20110310_RSVPVar03a_S110204_RefAA_004_w10/Chabo_20110310_RSVPVar03a_S110204_RefAA_004_w10
data_postproc/z_repr2/z_j51/Chabo_20110310_RSVPVar03a_S110204_RefAA_005_w10/Chabo_20110310_RSVPVar03a_S110204_RefAA_005_w10
data_postproc/z_repr2/z_j51/Chabo_20110313_RSVPVar03a_S110204_RefAA_001_w10/Chabo_20110313_RSVPVar03a_S110204_RefAA_001_w10
data_postproc/z_repr2/z_j51/Chabo_20110313_RSVPVar03a_S110204_RefAA_002_w10/Chabo_20110313_RSVPVar03a_S110204_RefAA_002_w10
data_postproc/z_repr2/z_j51/Chabo_20110313_RSVPVar03a_S110204_RefAA_003_w10/Chabo_20110313_RSVPVar03a_S110204_RefAA_003_w10
data_postproc/z_repr2/z_j51/Chabo_20110313_RSVPVar03a_S110204_RefAA_004_w10/Chabo_20110313_RSVPVar03a_S110204_RefAA_004_w10
data_postproc/z_repr2/z_j51/Chabo_20110328_RSVPVar03a_S110204_RefAA_001_w10/Chabo_20110328_RSVPVar03a_S110204_RefAA_001_w10
data_postproc/z_repr2/z_j51/Chabo_20110328_RSVPVar03a_S110204_RefAA_002_w10/Chabo_20110328_RSVPVar03a_S110204_RefAA_002_w10
data_postproc/z_repr2/z_j51/Chabo_20110328_RSVPVar03a_S110204_RefAA_003_w10/Chabo_20110328_RSVPVar03a_S110204_RefAA_003_w10
data_postproc/z_repr2/z_j51/Chabo_20110328_RSVPVar03a_S110204_RefAA_004_w10/Chabo_20110328_RSVPVar03a_S110204_RefAA_004_w10
data_postproc/z_repr2/z_j51/Chabo_20110328_RSVPVar03a_S110204_RefAA_005_w10/Chabo_20110328_RSVPVar03a_S110204_RefAA_005_w10
data_postproc/z_repr2/z_j51/Chabo_20110328_RSVPVar03a_S110204_RefAA_006_w10/Chabo_20110328_RSVPVar03a_S110204_RefAA_006_w10
data_postproc/z_repr2/z_j51/Chabo_20110328_RSVPVar03a_S110204_RefAA_007_w10/Chabo_20110328_RSVPVar03a_S110204_RefAA_007_w10
data_postproc/z_repr2/z_j51/Chabo_20110331_RSVPVar03a_S110204_RefAA_001_w10/Chabo_20110331_RSVPVar03a_S110204_RefAA_001_w10
data_postproc/z_repr2/z_j51/Chabo_20110331_RSVPVar03a_S110204_RefAA_002_w10/Chabo_20110331_RSVPVar03a_S110204_RefAA_002_w10
data_postproc/z_repr2/z_j51/Chabo_20110331_RSVPVar03a_S110204_RefAA_003_w10/Chabo_20110331_RSVPVar03a_S110204_RefAA_003_w10
data_postproc/z_repr2/z_j51/Chabo_20110331_RSVPVar03a_S110204_RefAA_004_w10/Chabo_20110331_RSVPVar03a_S110204_RefAA_004_w10
data_postproc/z_repr2/z_j51/Chabo_20110402_RSVPVar03a_S110204_RefAA_001_w10/Chabo_20110402_RSVPVar03a_S110204_RefAA_001_w10
data_postproc/z_repr2/z_j51/Chabo_20110402_RSVPVar03a_S110204_RefAA_002_w10/Chabo_20110402_RSVPVar03a_S110204_RefAA_002_w10
data_postproc/z_repr2/z_j51/Chabo_20110402_RSVPVar03a_S110204_RefAA_003_w10/Chabo_20110402_RSVPVar03a_S110204_RefAA_003_w10
data_postproc/z_repr2/z_j51/Chabo_20110402_RSVPVar03a_S110204_RefAA_004_w10/Chabo_20110402_RSVPVar03a_S110204_RefAA_004_w10
data_postproc/z_repr2/z_j51/Chabo_20110402_RSVPVar03a_S110204_RefAA_005_w10/Chabo_20110402_RSVPVar03a_S110204_RefAA_005_w10
data_postproc/z_repr2/z_j51/Chabo_20110402_RSVPVar03a_S110204_RefAA_006_w10/Chabo_20110402_RSVPVar03a_S110204_RefAA_006_w10
data_postproc/z_repr2/z_j51/Chabo_20110403_RSVPVar03a_S110204_RefAA_001_w10/Chabo_20110403_RSVPVar03a_S110204_RefAA_001_w10
data_postproc/z_repr2/z_j51/Chabo_20110403_RSVPVar03a_S110204_RefAA_002_w10/Chabo_20110403_RSVPVar03a_S110204_RefAA_002_w10
data_postproc/z_repr2/z_j51/Chabo_20110403_RSVPVar03a_S110204_RefAA_003_w10/Chabo_20110403_RSVPVar03a_S110204_RefAA_003_w10
data_postproc/z_repr2/z_j51/Chabo_20110403_RSVPVar03a_S110204_RefAA_004_w10/Chabo_20110403_RSVPVar03a_S110204_RefAA_004_w10
data_postproc/z_repr2/z_j51/Chabo_20110404_RSVPVar03a_S110204_RefAA_001_w10/Chabo_20110404_RSVPVar03a_S110204_RefAA_001_w10
data_postproc/z_repr2/z_j51/Chabo_20110404_RSVPVar03a_S110204_RefAA_002_w10/Chabo_20110404_RSVPVar03a_S110204_RefAA_002_w10
data_postproc/z_repr2/z_j51/Chabo_20110404_RSVPVar03a_S110204_RefAA_003_w10/Chabo_20110404_RSVPVar03a_S110204_RefAA_003_w10
data_postproc/z_repr2/z_j51/Chabo_20110404_RSVPVar03a_S110204_RefAA_004_w10/Chabo_20110404_RSVPVar03a_S110204_RefAA_004_w10
data_postproc/z_repr2/z_j51/Chabo_20110405_RSVPVar03a_S110204_RefAA_001_w10/Chabo_20110405_RSVPVar03a_S110204_RefAA_001_w10
data_postproc/z_repr2/z_j51/Chabo_20110405_RSVPVar03a_S110204_RefAA_002_w10/Chabo_20110405_RSVPVar03a_S110204_RefAA_002_w10
data_postproc/z_repr2/z_j51/Chabo_20110405_RSVPVar03a_S110204_RefAA_003_w10/Chabo_20110405_RSVPVar03a_S110204_RefAA_003_w10
data_postproc/z_repr2/z_j51/Chabo_20110225_RSVPVar06a_S110204_001_w10/Chabo_20110225_RSVPVar06a_S110204_001_w10
data_postproc/z_repr2/z_j51/Chabo_20110225_RSVPVar06a_S110204_002_w10/Chabo_20110225_RSVPVar06a_S110204_002_w10
data_postproc/z_repr2/z_j51/Chabo_20110225_RSVPVar06a_S110204_003_w10/Chabo_20110225_RSVPVar06a_S110204_003_w10
data_postproc/z_repr2/z_j51/Chabo_20110225_RSVPVar06a_S110204_004_w10/Chabo_20110225_RSVPVar06a_S110204_004_w10
data_postproc/z_repr2/z_j51/Chabo_20110225_RSVPVar06a_S110204_005_w10/Chabo_20110225_RSVPVar06a_S110204_005_w10
data_postproc/z_repr2/z_j51/Chabo_20110225_RSVPVar06a_S110204_006_w10/Chabo_20110225_RSVPVar06a_S110204_006_w10
data_postproc/z_repr2/z_j51/Chabo_20110228_RSVPVar06a_S110204_001_w10/Chabo_20110228_RSVPVar06a_S110204_001_w10
data_postproc/z_repr2/z_j51/Chabo_20110228_RSVPVar06a_S110204_002_w10/Chabo_20110228_RSVPVar06a_S110204_002_w10
data_postproc/z_repr2/z_j51/Chabo_20110228_RSVPVar06a_S110204_003_w10/Chabo_20110228_RSVPVar06a_S110204_003_w10
data_postproc/z_repr2/z_j51/Chabo_20110228_RSVPVar06a_S110204_004_w10/Chabo_20110228_RSVPVar06a_S110204_004_w10
data_postproc/z_repr2/z_j51/Chabo_20110228_RSVPVar06a_S110204_005_w10/Chabo_20110228_RSVPVar06a_S110204_005_w10
data_postproc/z_repr2/z_j51/Chabo_20110228_RSVPVar06a_S110204_006_w10/Chabo_20110228_RSVPVar06a_S110204_006_w10
data_postproc/z_repr2/z_j51/Chabo_20110309_RSVPVar06a_S110204_RefAA_001_w10/Chabo_20110309_RSVPVar06a_S110204_RefAA_001_w10
data_postproc/z_repr2/z_j51/Chabo_20110309_RSVPVar06a_S110204_RefAA_002_w10/Chabo_20110309_RSVPVar06a_S110204_RefAA_002_w10
data_postproc/z_repr2/z_j51/Chabo_20110309_RSVPVar06a_S110204_RefAA_003_w10/Chabo_20110309_RSVPVar06a_S110204_RefAA_003_w10
data_postproc/z_repr2/z_j51/Chabo_20110309_RSVPVar06a_S110204_RefAA_004_w10/Chabo_20110309_RSVPVar06a_S110204_RefAA_004_w10
data_postproc/z_repr2/z_j51/Chabo_20110309_RSVPVar06a_S110204_RefAA_005_w10/Chabo_20110309_RSVPVar06a_S110204_RefAA_005_w10
data_postproc/z_repr2/z_j51/Chabo_20110310_RSVPVar06a_S110204_RefAA_001_w10/Chabo_20110310_RSVPVar06a_S110204_RefAA_001_w10
data_postproc/z_repr2/z_j51/Chabo_20110312_RSVPVar06a_S110204_RefAA_001_w10/Chabo_20110312_RSVPVar06a_S110204_RefAA_001_w10
data_postproc/z_repr2/z_j51/Chabo_20110312_RSVPVar06a_S110204_RefAA_002_w10/Chabo_20110312_RSVPVar06a_S110204_RefAA_002_w10
data_postproc/z_repr2/z_j51/Chabo_20110312_RSVPVar06a_S110204_RefAA_003_w10/Chabo_20110312_RSVPVar06a_S110204_RefAA_003_w10
data_postproc/z_repr2/z_j51/Chabo_20110312_RSVPVar06a_S110204_RefAA_004_w10/Chabo_20110312_RSVPVar06a_S110204_RefAA_004_w10
data_postproc/z_repr2/z_j51/Chabo_20110312_RSVPVar06a_S110204_RefAA_005_w10/Chabo_20110312_RSVPVar06a_S110204_RefAA_005_w10
data_postproc/z_repr2/z_j51/Chabo_20110312_RSVPVar06a_S110204_RefAA_006_w10/Chabo_20110312_RSVPVar06a_S110204_RefAA_006_w10
data_postproc/z_repr2/z_j51/Chabo_20110312_RSVPVar06a_S110204_RefAA_007_w10/Chabo_20110312_RSVPVar06a_S110204_RefAA_007_w10
data_postproc/z_repr2/z_j51/Chabo_20110313_RSVPVar06a_S110204_RefAA_001_w10/Chabo_20110313_RSVPVar06a_S110204_RefAA_001_w10
data_postproc/z_repr2/z_j51/Chabo_20110313_RSVPVar06a_S110204_RefAA_002_w10/Chabo_20110313_RSVPVar06a_S110204_RefAA_002_w10
data_postproc/z_repr2/z_j51/Chabo_20110313_RSVPVar06a_S110204_RefAA_003_w10/Chabo_20110313_RSVPVar06a_S110204_RefAA_003_w10
data_postproc/z_repr2/z_j51/Chabo_20110313_RSVPVar06a_S110204_RefAA_004_w10/Chabo_20110313_RSVPVar06a_S110204_RefAA_004_w10
data_postproc/z_repr2/z_j51/Chabo_20110317_RSVPVar06a_S110204_001_w10/Chabo_20110317_RSVPVar06a_S110204_001_w10
data_postproc/z_repr2/z_j51/Chabo_20110317_RSVPVar06a_S110204_002_w10/Chabo_20110317_RSVPVar06a_S110204_002_w10
data_postproc/z_repr2/z_j51/Chabo_20110317_RSVPVar06a_S110204_003_w10/Chabo_20110317_RSVPVar06a_S110204_003_w10
data_postproc/z_repr2/z_j51/Chabo_20110329_RSVPVar06a_S110204_RefAA_001_w10/Chabo_20110329_RSVPVar06a_S110204_RefAA_001_w10
data_postproc/z_repr2/z_j51/Chabo_20110329_RSVPVar06a_S110204_RefAA_002_w10/Chabo_20110329_RSVPVar06a_S110204_RefAA_002_w10
data_postproc/z_repr2/z_j51/Chabo_20110329_RSVPVar06a_S110204_RefAA_003_w10/Chabo_20110329_RSVPVar06a_S110204_RefAA_003_w10
data_postproc/z_repr2/z_j51/Chabo_20110329_RSVPVar06a_S110204_RefAA_004_w10/Chabo_20110329_RSVPVar06a_S110204_RefAA_004_w10
data_postproc/z_repr2/z_j51/Chabo_20110330_RSVPVar06a_S110204_RefAA_001_w10/Chabo_20110330_RSVPVar06a_S110204_RefAA_001_w10
data_postproc/z_repr2/z_j51/Chabo_20110330_RSVPVar06a_S110204_RefAA_002_w10/Chabo_20110330_RSVPVar06a_S110204_RefAA_002_w10
data_postproc/z_repr2/z_j51/Chabo_20110330_RSVPVar06a_S110204_RefAA_003_w10/Chabo_20110330_RSVPVar06a_S110204_RefAA_003_w10
data_postproc/z_repr2/z_j51/Chabo_20110330_RSVPVar06a_S110204_RefAA_004_w10/Chabo_20110330_RSVPVar06a_S110204_RefAA_004_w10
data_postproc/z_repr2/z_j51/Chabo_20110330_RSVPVar06a_S110204_RefAA_005_w10/Chabo_20110330_RSVPVar06a_S110204_RefAA_005_w10
data_postproc/z_repr2/z_j51/Chabo_20110330_RSVPVar06a_S110204_RefAA_006_w10/Chabo_20110330_RSVPVar06a_S110204_RefAA_006_w10
data_postproc/z_repr2/z_j51/Chabo_20110330_RSVPVar06a_S110204_RefAA_007_w10/Chabo_20110330_RSVPVar06a_S110204_RefAA_007_w10
data_postproc/z_repr2/z_j51/Chabo_20110330_RSVPVar06a_S110204_RefAA_008_w10/Chabo_20110330_RSVPVar06a_S110204_RefAA_008_w10
data_postproc/z_repr2/z_j51/Chabo_20110401_RSVPVar06a_S110204_RefAA_001_w10/Chabo_20110401_RSVPVar06a_S110204_RefAA_001_w10
data_postproc/z_repr2/z_j51/Chabo_20110401_RSVPVar06a_S110204_RefAA_002_w10/Chabo_20110401_RSVPVar06a_S110204_RefAA_002_w10
data_postproc/z_repr2/z_j51/Chabo_20110401_RSVPVar06a_S110204_RefAA_003_w10/Chabo_20110401_RSVPVar06a_S110204_RefAA_003_w10
data_postproc/z_repr2/z_j51/Chabo_20110401_RSVPVar06a_S110204_RefAA_004_w10/Chabo_20110401_RSVPVar06a_S110204_RefAA_004_w10
data_postproc/z_repr2/z_j51/Chabo_20110401_RSVPVar06a_S110204_RefAA_005_w10/Chabo_20110401_RSVPVar06a_S110204_RefAA_005_w10
data_postproc/z_repr2/z_j51/Chabo_20110402_RSVPVar06a_S110204_RefAA_001_w10/Chabo_20110402_RSVPVar06a_S110204_RefAA_001_w10
data_postproc/z_repr2/z_j51/Chabo_20110402_RSVPVar06a_S110204_RefAA_002_w10/Chabo_20110402_RSVPVar06a_S110204_RefAA_002_w10
data_postproc/z_repr2/z_j51/Chabo_20110402_RSVPVar06a_S110204_RefAA_003_w10/Chabo_20110402_RSVPVar06a_S110204_RefAA_003_w10
data_postproc/z_repr2/z_j51/Chabo_20110402_RSVPVar06a_S110204_RefAA_004_w10/Chabo_20110402_RSVPVar06a_S110204_RefAA_004_w10
data_postproc/z_repr2/z_j51/Chabo_20110402_RSVPVar06a_S110204_RefAA_005_w10/Chabo_20110402_RSVPVar06a_S110204_RefAA_005_w10
data_postproc/z_repr2/z_j51/Chabo_20110402_RSVPVar06a_S110204_RefAA_006_w10/Chabo_20110402_RSVPVar06a_S110204_RefAA_006_w10
data_postproc/z_repr2/z_j51/Chabo_20110403_RSVPVar06a_S110204_RefAA_001_w10/Chabo_20110403_RSVPVar06a_S110204_RefAA_001_w10
data_postproc/z_repr2/z_j51/Chabo_20110403_RSVPVar06a_S110204_RefAA_002_w10/Chabo_20110403_RSVPVar06a_S110204_RefAA_002_w10
data_postproc/z_repr2/z_j51/Chabo_20110403_RSVPVar06a_S110204_RefAA_003_w10/Chabo_20110403_RSVPVar06a_S110204_RefAA_003_w10
data_postproc/z_repr2/z_j51/Chabo_20110403_RSVPVar06a_S110204_RefAA_004_w10/Chabo_20110403_RSVPVar06a_S110204_RefAA_004_w10
data_postproc/z_repr2/z_j51/Chabo_20110404_RSVPVar06a_S110204_RefAA_001_w10/Chabo_20110404_RSVPVar06a_S110204_RefAA_001_w10
data_postproc/z_repr2/z_j51/Chabo_20110404_RSVPVar06a_S110204_RefAA_002_w10/Chabo_20110404_RSVPVar06a_S110204_RefAA_002_w10
data_postproc/z_repr2/z_j51/Chabo_20110404_RSVPVar06a_S110204_RefAA_003_w10/Chabo_20110404_RSVPVar06a_S110204_RefAA_003_w10
data_postproc/z_repr2/z_j51/Chabo_20110404_RSVPVar06a_S110204_RefAA_004_w10/Chabo_20110404_RSVPVar06a_S110204_RefAA_004_w10
data_postproc/z_repr2/z_j51/Chabo_20110406_RSVPVar06a_S110204_RefAA_001_w10/Chabo_20110406_RSVPVar06a_S110204_RefAA_001_w10
data_postproc/z_repr2/z_j51/Chabo_20110406_RSVPVar06a_S110204_RefAA_002_w10/Chabo_20110406_RSVPVar06a_S110204_RefAA_002_w10
data_postproc/z_repr2/z_j51/Chabo_20110406_RSVPVar06a_S110204_RefAA_003_w10/Chabo_20110406_RSVPVar06a_S110204_RefAA_003_w10
data_postproc/z_repr2/z_j51/Chabo_20110406_RSVPVar06a_S110204_RefAA_004_w10/Chabo_20110406_RSVPVar06a_S110204_RefAA_004_w10
data_postproc/z_repr2/z_j51/Chabo_20110406_RSVPVar06a_S110204_RefAA_005_w10/Chabo_20110406_RSVPVar06a_S110204_RefAA_005_w10
data_postproc/z_repr2/z_j51/Chabo_20110407_RSVPVar03a.Cars.Faces_S110204_RefAA_001_w10/Chabo_20110407_RSVPVar03a.Cars.Faces_S110204_RefAA_001_w10
data_postproc/z_repr2/z_j51/Chabo_20110407_RSVPVar03a.Cars.Faces_S110204_RefAA_002_w10/Chabo_20110407_RSVPVar03a.Cars.Faces_S110204_RefAA_002_w10
data_postproc/z_repr2/z_j51/Chabo_20110407_RSVPVar03a.Cars.Faces_S110204_RefAA_003_w10/Chabo_20110407_RSVPVar03a.Cars.Faces_S110204_RefAA_003_w10
data_postproc/z_repr2/z_j51/Chabo_20110407_RSVPVar03a.Cars.Faces_S110204_RefAA_004_w10/Chabo_20110407_RSVPVar03a.Cars.Faces_S110204_RefAA_004_w10
data_postproc/z_repr2/z_j51/Chabo_20110407_RSVPVar03a.Cars.Faces_S110204_RefAA_005_w10/Chabo_20110407_RSVPVar03a.Cars.Faces_S110204_RefAA_005_w10
data_postproc/z_repr2/z_j51/Chabo_20110407_RSVPVar03a.Cars.Faces_S110204_RefAA_006_w10/Chabo_20110407_RSVPVar03a.Cars.Faces_S110204_RefAA_006_w10
data_postproc/z_repr2/z_j51/Chabo_20110407_RSVPVar03a.Cars.Faces_S110204_RefAA_007_w10/Chabo_20110407_RSVPVar03a.Cars.Faces_S110204_RefAA_007_w10
data_postproc/z_repr2/z_j51/Chabo_20110407_RSVPVar03a.Cars.Faces_S110204_RefAA_008_w10/Chabo_20110407_RSVPVar03a.Cars.Faces_S110204_RefAA_008_w10
data_postproc/z_repr2/z_j51/Chabo_20110407_RSVPVar03a.Cars.Faces_S110204_RefAA_009_w10/Chabo_20110407_RSVPVar03a.Cars.Faces_S110204_RefAA_009_w10
data_postproc/z_repr2/z_j51/Chabo_20110407_RSVPVar03a.Cars.Faces_S110204_RefAA_010_w10/Chabo_20110407_RSVPVar03a.Cars.Faces_S110204_RefAA_010_w10
data_postproc/z_repr2/z_j51/Chabo_20110407_RSVPVar03a.Cars.Faces_S110204_RefAA_011_w10/Chabo_20110407_RSVPVar03a.Cars.Faces_S110204_RefAA_011_w10
data_postproc/z_repr2/z_j51/Chabo_20110407_RSVPVar03a.Cars.Faces_S110204_RefAA_012_w10/Chabo_20110407_RSVPVar03a.Cars.Faces_S110204_RefAA_012_w10
data_postproc/z_repr2/z_j51/Chabo_20110407_RSVPVar03a.Cars.Faces_S110204_RefAA_013_w10/Chabo_20110407_RSVPVar03a.Cars.Faces_S110204_RefAA_013_w10
data_postproc/z_repr2/z_j51/Chabo_20110407_RSVPVar03a.Cars.Faces_S110204_RefAA_014_w10/Chabo_20110407_RSVPVar03a.Cars.Faces_S110204_RefAA_014_w10
data_postproc/z_repr2/z_j51/Chabo_20110407_RSVPVar03a.Cars.Faces_S110204_RefAA_015_w10/Chabo_20110407_RSVPVar03a.Cars.Faces_S110204_RefAA_015_w10
data_postproc/z_repr2/z_j51/Chabo_20110407_RSVPVar03a.Cars.Faces_S110204_RefAA_016_w10/Chabo_20110407_RSVPVar03a.Cars.Faces_S110204_RefAA_016_w10
data_postproc/z_repr2/z_j51/Chabo_20110407_RSVPVar03a.Cars.Faces_S110204_RefAA_017_w10/Chabo_20110407_RSVPVar03a.Cars.Faces_S110204_RefAA_017_w10
data_postproc/z_repr2/z_j51/Chabo_20110407_RSVPVar03a.Cars.Faces_S110204_RefAA_018_w10/Chabo_20110407_RSVPVar03a.Cars.Faces_S110204_RefAA_018_w10
data_postproc/z_repr2/z_j51/Chabo_20110413_RSVPVar03a.Cars.Faces_S110204_RefAA_001_w10/Chabo_20110413_RSVPVar03a.Cars.Faces_S110204_RefAA_001_w10
data_postproc/z_repr2/z_j51/Chabo_20110413_RSVPVar03a.Cars.Faces_S110204_RefAA_002_w10/Chabo_20110413_RSVPVar03a.Cars.Faces_S110204_RefAA_002_w10
data_postproc/z_repr2/z_j51/Chabo_20110413_RSVPVar03a.Cars.Faces_S110204_RefAA_003_w10/Chabo_20110413_RSVPVar03a.Cars.Faces_S110204_RefAA_003_w10
data_postproc/z_repr2/z_j51/Chabo_20110413_RSVPVar03a.Cars.Faces_S110204_RefAA_004_w10/Chabo_20110413_RSVPVar03a.Cars.Faces_S110204_RefAA_004_w10
data_postproc/z_repr2/z_j51/Chabo_20110413_RSVPVar03a.Cars.Faces_S110204_RefAA_005_w10/Chabo_20110413_RSVPVar03a.Cars.Faces_S110204_RefAA_005_w10
data_postproc/z_repr2/z_j51/Chabo_20110412_RSVPVar03a.Cars.Planes_S110204_RefAA_001_w10/Chabo_20110412_RSVPVar03a.Cars.Planes_S110204_RefAA_001_w10
data_postproc/z_repr2/z_j51/Chabo_20110412_RSVPVar03a.Cars.Planes_S110204_RefAA_002_w10/Chabo_20110412_RSVPVar03a.Cars.Planes_S110204_RefAA_002_w10
data_postproc/z_repr2/z_j51/Chabo_20110412_RSVPVar03a.Cars.Planes_S110204_RefAA_003_w10/Chabo_20110412_RSVPVar03a.Cars.Planes_S110204_RefAA_003_w10
data_postproc/z_repr2/z_j51/Chabo_20110412_RSVPVar03a.Cars.Planes_S110204_RefAA_004_w10/Chabo_20110412_RSVPVar03a.Cars.Planes_S110204_RefAA_004_w10
data_postproc/z_repr2/z_j51/Chabo_20110412_RSVPVar03a.Cars.Planes_S110204_RefAA_005_w10/Chabo_20110412_RSVPVar03a.Cars.Planes_S110204_RefAA_005_w10
data_postproc/z_repr2/z_j51/Chabo_20110412_RSVPVar03a.Cars.Planes_S110204_RefAA_006_w10/Chabo_20110412_RSVPVar03a.Cars.Planes_S110204_RefAA_006_w10
data_postproc/z_repr2/z_j51/Chabo_20110412_RSVPVar03a.Cars.Planes_S110204_RefAA_007_w10/Chabo_20110412_RSVPVar03a.Cars.Planes_S110204_RefAA_007_w10
data_postproc/z_repr2/z_j51/Chabo_20110412_RSVPVar03a.Cars.Planes_S110204_RefAA_008_w10/Chabo_20110412_RSVPVar03a.Cars.Planes_S110204_RefAA_008_w10
data_postproc/z_repr2/z_j51/Chabo_20110412_RSVPVar03a.Cars.Planes_S110204_RefAA_009_w10/Chabo_20110412_RSVPVar03a.Cars.Planes_S110204_RefAA_009_w10
data_postproc/z_repr2/z_j51/Chabo_20110412_RSVPVar03a.Cars.Planes_S110204_RefAA_010_w10/Chabo_20110412_RSVPVar03a.Cars.Planes_S110204_RefAA_010_w10
data_postproc/z_repr2/z_j51/Chabo_20110412_RSVPVar03a.Cars.Planes_S110204_RefAA_011_w10/Chabo_20110412_RSVPVar03a.Cars.Planes_S110204_RefAA_011_w10
data_postproc/z_repr2/z_j51/Chabo_20110412_RSVPVar03a.Cars.Planes_S110204_RefAA_012_w10/Chabo_20110412_RSVPVar03a.Cars.Planes_S110204_RefAA_012_w10
data_postproc/z_repr2/z_j51/Chabo_20110412_RSVPVar03a.Cars.Planes_S110204_RefAA_013_w10/Chabo_20110412_RSVPVar03a.Cars.Planes_S110204_RefAA_013_w10
data_postproc/z_repr2/z_j51/Chabo_20110412_RSVPVar03a.Cars.Planes_S110204_RefAA_014_w10/Chabo_20110412_RSVPVar03a.Cars.Planes_S110204_RefAA_014_w10
data_postproc/z_repr2/z_j51/Chabo_20110412_RSVPVar03a.Cars.Planes_S110204_RefAA_015_w10/Chabo_20110412_RSVPVar03a.Cars.Planes_S110204_RefAA_015_w10
data_postproc/z_repr2/z_j51/Chabo_20110413_RSVPVar03a.Cars.Planes_S110204_RefAA_001_w10/Chabo_20110413_RSVPVar03a.Cars.Planes_S110204_RefAA_001_w10
data_postproc/z_repr2/z_j51/Chabo_20110413_RSVPVar03a.Cars.Planes_S110204_RefAA_002_w10/Chabo_20110413_RSVPVar03a.Cars.Planes_S110204_RefAA_002_w10
data_postproc/z_repr2/z_j51/Chabo_20110413_RSVPVar03a.Cars.Planes_S110204_RefAA_003_w10/Chabo_20110413_RSVPVar03a.Cars.Planes_S110204_RefAA_003_w10
data_postproc/z_repr2/z_j51/Chabo_20110413_RSVPVar03a.Cars.Planes_S110204_RefAA_004_w10/Chabo_20110413_RSVPVar03a.Cars.Planes_S110204_RefAA_004_w10
data_postproc/z_repr2/z_j51/Chabo_20110413_RSVPVar03a.Cars.Planes_S110204_RefAA_005_w10/Chabo_20110413_RSVPVar03a.Cars.Planes_S110204_RefAA_005_w10
data_postproc/z_repr2/z_j51/Chabo_20110413_RSVPVar03a.Cars.Planes_S110204_RefAA_006_w10/Chabo_20110413_RSVPVar03a.Cars.Planes_S110204_RefAA_006_w10
