Tito_20110713_RSVPVar00a_P_001.psf.pk
Tito_20110713_RSVPVar00a_P_002.psf.pk
Tito_20110713_RSVPVar00a_P_003.psf.pk
Tito_20110714_RSVPVar00a_M_001.psf.pk
Tito_20110714_RSVPVar00a_M_002.psf.pk
Tito_20110714_RSVPVar00a_M_003.psf.pk
Tito_20110714_RSVPVar00a_M_004.psf.pk
Tito_20110714_RSVPVar00a_M_SB_001.ch_shift=1to1.psf.pk
Tito_20110715_RSVPVar00a_A_001.psf.pk
Tito_20110715_RSVPVar00a_A_002.psf.pk
Tito_20110715_RSVPVar00a_A_003.psf.pk
Tito_20110715_RSVPVar00a_A_004.psf.pk
Tito_20110715_RSVPVar00a_A_005.psf.pk
Tito_20110715_RSVPVar00a_A_SB_001.ch_shift=1to1.psf.pk
Tito_20110715_RSVPVar00a_A_SB_002.ch_shift=1to1.psf.pk
Tito_20110715_RSVPVar00a_A_SB_003.ch_shift=1to1.psf.pk
Tito_20110716_RSVPVar00a_P_001.psf.pk
Tito_20110716_RSVPVar00a_P_002.psf.pk
Tito_20110716_RSVPVar00a_P_003.psf.pk
Tito_20110716_RSVPVar00a_P_004.psf.pk
Tito_20110716_RSVPVar00a_P_005.psf.pk
Tito_20110716_RSVPVar00a_P_006.psf.pk
Tito_20110717_RSVPVar00a_M_001.psf.pk
Tito_20110717_RSVPVar00a_M_002.psf.pk
Tito_20110717_RSVPVar00a_M_003.psf.pk
Tito_20110717_RSVPVar00a_M_005.psf.pk
Tito_20110717_RSVPVar00a_M_006.psf.pk
Tito_20110717_RSVPVar00a_M_007.psf.pk
Tito_20110717_RSVPVar00a_M_008.psf.pk
