d002_Tito/subproj/001_twindow_perf/z_repr/Tito_20110713_RSVPVar00a_P_001.20120608.repr.h5
d002_Tito/subproj/001_twindow_perf/z_repr/Tito_20110713_RSVPVar00a_P_002.20120608.repr.h5
d002_Tito/subproj/001_twindow_perf/z_repr/Tito_20110713_RSVPVar00a_P_003.20120608.repr.h5
d002_Tito/subproj/001_twindow_perf/z_repr/Tito_20110714_RSVPVar00a_M_001.20120608.repr.h5
d002_Tito/subproj/001_twindow_perf/z_repr/Tito_20110714_RSVPVar00a_M_002.20120608.repr.h5
d002_Tito/subproj/001_twindow_perf/z_repr/Tito_20110714_RSVPVar00a_M_003.20120608.repr.h5
d002_Tito/subproj/001_twindow_perf/z_repr/Tito_20110714_RSVPVar00a_M_004.20120608.repr.h5
d002_Tito/subproj/001_twindow_perf/z_repr/Tito_20110714_RSVPVar00a_M_SB_001.ch_shift=1to1.20120608.repr.h5
d002_Tito/subproj/001_twindow_perf/z_repr/Tito_20110715_RSVPVar00a_A_001.20120608.repr.h5
d002_Tito/subproj/001_twindow_perf/z_repr/Tito_20110715_RSVPVar00a_A_002.20120608.repr.h5
d002_Tito/subproj/001_twindow_perf/z_repr/Tito_20110715_RSVPVar00a_A_003.20120608.repr.h5
d002_Tito/subproj/001_twindow_perf/z_repr/Tito_20110715_RSVPVar00a_A_004.20120608.repr.h5
d002_Tito/subproj/001_twindow_perf/z_repr/Tito_20110715_RSVPVar00a_A_005.20120608.repr.h5
d002_Tito/subproj/001_twindow_perf/z_repr/Tito_20110715_RSVPVar00a_A_SB_001.ch_shift=1to1.20120608.repr.h5
d002_Tito/subproj/001_twindow_perf/z_repr/Tito_20110715_RSVPVar00a_A_SB_002.ch_shift=1to1.20120608.repr.h5
d002_Tito/subproj/001_twindow_perf/z_repr/Tito_20110715_RSVPVar00a_A_SB_003.ch_shift=1to1.20120608.repr.h5
d002_Tito/subproj/001_twindow_perf/z_repr/Tito_20110716_RSVPVar00a_P_001.20120608.repr.h5
d002_Tito/subproj/001_twindow_perf/z_repr/Tito_20110716_RSVPVar00a_P_002.20120608.repr.h5
d002_Tito/subproj/001_twindow_perf/z_repr/Tito_20110716_RSVPVar00a_P_003.20120608.repr.h5
d002_Tito/subproj/001_twindow_perf/z_repr/Tito_20110716_RSVPVar00a_P_004.20120608.repr.h5
d002_Tito/subproj/001_twindow_perf/z_repr/Tito_20110716_RSVPVar00a_P_005.20120608.repr.h5
d002_Tito/subproj/001_twindow_perf/z_repr/Tito_20110716_RSVPVar00a_P_006.20120608.repr.h5
d002_Tito/subproj/001_twindow_perf/z_repr/Tito_20110717_RSVPVar00a_M_001.20120608.repr.h5
d002_Tito/subproj/001_twindow_perf/z_repr/Tito_20110717_RSVPVar00a_M_002.20120608.repr.h5
d002_Tito/subproj/001_twindow_perf/z_repr/Tito_20110717_RSVPVar00a_M_003.20120608.repr.h5
d002_Tito/subproj/001_twindow_perf/z_repr/Tito_20110717_RSVPVar00a_M_005.20120608.repr.h5
d002_Tito/subproj/001_twindow_perf/z_repr/Tito_20110717_RSVPVar00a_M_006.20120608.repr.h5
d002_Tito/subproj/001_twindow_perf/z_repr/Tito_20110717_RSVPVar00a_M_007.20120608.repr.h5
d002_Tito/subproj/001_twindow_perf/z_repr/Tito_20110717_RSVPVar00a_M_008.20120608.repr.h5
d002_Tito/subproj/001_twindow_perf/z_repr/Tito_20110811_RSVPVar00a_S110720A_001.20120608.repr.h5
d002_Tito/subproj/001_twindow_perf/z_repr/Tito_20110811_RSVPVar00a_S110720A_002.20120608.repr.h5
d002_Tito/subproj/001_twindow_perf/z_repr/Tito_20110811_RSVPVar00a_S110720A_004.20120608.repr.h5
d002_Tito/subproj/001_twindow_perf/z_repr/Tito_20110811_RSVPVar00a_S110720A_005.20120608.repr.h5
d002_Tito/subproj/001_twindow_perf/z_repr/Tito_20110811_RSVPVar00a_S110720A_006.20120608.repr.h5
d002_Tito/subproj/001_twindow_perf/z_repr/Tito_20110811_RSVPVar00a_S110720A_007.20120608.repr.h5
d002_Tito/subproj/001_twindow_perf/z_repr/Tito_20110811_RSVPVar00a_S110720A_008.20120608.repr.h5
d002_Tito/subproj/001_twindow_perf/z_repr/Tito_20110811_RSVPVar00a_S110720A_009.20120608.repr.h5
d002_Tito/subproj/001_twindow_perf/z_repr/Tito_20110811_RSVPVar00a_S110720A_010.20120608.repr.h5
d002_Tito/subproj/001_twindow_perf/z_repr/Tito_20110811_RSVPVar00a_S110720A_NSP2_P_001.20120608.repr.h5
d002_Tito/subproj/001_twindow_perf/z_repr/Tito_20110811_RSVPVar00a_S110720A_NSP2_P_002.20120608.repr.h5
d002_Tito/subproj/001_twindow_perf/z_repr/Tito_20110811_RSVPVar00a_S110720A_NSP2_P_003.20120608.repr.h5
d002_Tito/subproj/001_twindow_perf/z_repr/Tito_20110811_RSVPVar00a_S110720A_NSP2_P_005.20120608.repr.h5
d002_Tito/subproj/001_twindow_perf/z_repr/Tito_20110811_RSVPVar00a_S110720A_NSP2_P_006.20120608.repr.h5
d002_Tito/subproj/001_twindow_perf/z_repr/Tito_20110811_RSVPVar00a_S110720A_NSP2_P_007.20120608.repr.h5
d002_Tito/subproj/001_twindow_perf/z_repr/Tito_20110811_RSVPVar00a_S110720A_NSP2_P_008.20120608.repr.h5
d002_Tito/subproj/001_twindow_perf/z_repr/Tito_20110811_RSVPVar00a_S110720A_NSP2_P_009.20120608.repr.h5
d002_Tito/subproj/001_twindow_perf/z_repr/Tito_20110811_RSVPVar00a_S110720A_NSP2_P_010.20120608.repr.h5
